[0.418s] Invoking command in '/home/kaibuchisoma/robocon_ws/RoboconDetectionFruit/build/robocon2023_b_dash': CMAKE_PREFIX_PATH=${CMAKE_PREFIX_PATH}:/opt/ros/humble:/home/kaibuchisoma/robocon_ws/RoboconDetectionFruit/install/fruit_detection /usr/bin/cmake --build /home/kaibuchisoma/robocon_ws/RoboconDetectionFruit/build/robocon2023_b_dash -- -j12 -l12
[0.467s] [35m[1mConsolidate compiler generated dependencies of target Drive_Controller[0m
[0.483s] [ 40%] Built target Xmove_Controller
[0.483s] [ 40%] Built target Upper_Controller
[0.484s] [ 60%] Built target DriveMotion
[0.488s] [ 80%] Built target SerialKIMD
[0.499s] [ 90%] [32mBuilding CXX object CMakeFiles/Drive_Controller.dir/src/Drive_Controller.cpp.o[0m
[2.607s] In file included from [01m[K/home/kaibuchisoma/robocon_ws/RoboconDetectionFruit/src/robocon2023_b_dash/src/Drive_Controller.hpp:6[m[K,
[2.608s]                  from [01m[K/home/kaibuchisoma/robocon_ws/RoboconDetectionFruit/src/robocon2023_b_dash/src/Drive_Controller.cpp:2[m[K:
[2.608s] [01m[K/home/kaibuchisoma/robocon_ws/RoboconDetectionFruit/src/robocon2023_b_dash/src/RoboconMsg/ABU2023_GenericOutput_Header.h:14:16:[m[K [01;35m[Kwarning: [m[KISO C++ prohibits anonymous structs [[01;35m[K]8;;https://gcc.gnu.org/onlinedocs/gcc/Warning-Options.html#index-Wpedantic-Wpedantic]8;;[m[K]
[2.608s]    14 |         struct [01;35m[K{[m[K
[2.608s]       |                [01;35m[K^[m[K
[2.658s] [01m[K/home/kaibuchisoma/robocon_ws/RoboconDetectionFruit/src/robocon2023_b_dash/src/Drive_Controller.cpp:[m[K In constructor â€˜[01m[KDrive_Controller_Node::Drive_Controller_Node()[m[Kâ€™:
[2.658s] [01m[K/home/kaibuchisoma/robocon_ws/RoboconDetectionFruit/src/robocon2023_b_dash/src/Drive_Controller.cpp:6:9:[m[K [01;35m[Kwarning: [m[Kunused variable â€˜[01m[Kmotion_flag[m[Kâ€™ [[01;35m[K]8;;https://gcc.gnu.org/onlinedocs/gcc/Warning-Options.html#index-Wunused-variable-Wunused-variable]8;;[m[K]
[2.658s]     6 |     int [01;35m[Kmotion_flag[m[K = 0;
[2.658s]       |         [01;35m[K^~~~~~~~~~~[m[K
[2.662s] In file included from [01m[K/opt/ros/humble/include/rclcpp/rclcpp/logging.hpp:24[m[K,
[2.662s]                  from [01m[K/opt/ros/humble/include/rclcpp/rclcpp/client.hpp:40[m[K,
[2.662s]                  from [01m[K/opt/ros/humble/include/rclcpp/rclcpp/callback_group.hpp:24[m[K,
[2.662s]                  from [01m[K/opt/ros/humble/include/rclcpp/rclcpp/any_executable.hpp:20[m[K,
[2.662s]                  from [01m[K/opt/ros/humble/include/rclcpp/rclcpp/memory_strategy.hpp:25[m[K,
[2.662s]                  from [01m[K/opt/ros/humble/include/rclcpp/rclcpp/memory_strategies.hpp:18[m[K,
[2.662s]                  from [01m[K/opt/ros/humble/include/rclcpp/rclcpp/executor_options.hpp:20[m[K,
[2.662s]                  from [01m[K/opt/ros/humble/include/rclcpp/rclcpp/executor.hpp:37[m[K,
[2.662s]                  from [01m[K/opt/ros/humble/include/rclcpp/rclcpp/executors/multi_threaded_executor.hpp:25[m[K,
[2.662s]                  from [01m[K/opt/ros/humble/include/rclcpp/rclcpp/executors.hpp:21[m[K,
[2.662s]                  from [01m[K/opt/ros/humble/include/rclcpp/rclcpp/rclcpp.hpp:155[m[K,
[2.662s]                  from [01m[K/home/kaibuchisoma/robocon_ws/RoboconDetectionFruit/src/robocon2023_b_dash/src/Drive_Controller.cpp:1[m[K:
[2.663s] [01m[K/home/kaibuchisoma/robocon_ws/RoboconDetectionFruit/src/robocon2023_b_dash/src/Drive_Controller.cpp:[m[K In member function â€˜[01m[Kvoid Drive_Controller_Node::timer_callback()[m[Kâ€™:
[2.663s] [01m[K/home/kaibuchisoma/robocon_ws/RoboconDetectionFruit/src/robocon2023_b_dash/src/Drive_Controller.cpp:121:37:[m[K [01;31m[Kerror: [m[Kinvalid conversion from â€˜[01m[Klong unsigned int[m[Kâ€™ to â€˜[01m[Kconst char*[m[Kâ€™ [[01;31m[K]8;;https://gcc.gnu.org/onlinedocs/gcc/Warning-Options.html#index-fpermissive-fpermissive]8;;[m[K]
[2.663s]   121 |     RCLCPP_INFO(this->get_logger(), [01;31m[Ksizeof(pub_msg.data)[m[K);
[2.663s]       |                                     [01;31m[K^~~~~~~~~~~~~~~~~~~~[m[K
[2.663s]       |                                     [01;31m[K|[m[K
[2.663s]       |                                     [01;31m[Klong unsigned int[m[K
[2.663s] In file included from [01m[K/opt/ros/humble/include/rmw/rmw/types.h:28[m[K,
[2.663s]                  from [01m[K/opt/ros/humble/include/rcl/rcl/types.h:20[m[K,
[2.663s]                  from [01m[K/opt/ros/humble/include/rcl/rcl/log_level.h:22[m[K,
[2.663s]                  from [01m[K/opt/ros/humble/include/rcl/rcl/arguments.h:21[m[K,
[2.663s]                  from [01m[K/opt/ros/humble/include/rcl/rcl/context.h:28[m[K,
[2.663s]                  from [01m[K/opt/ros/humble/include/rcl/rcl/guard_condition.h:26[m[K,
[2.663s]                  from [01m[K/opt/ros/humble/include/rclcpp/rclcpp/executor.hpp:30[m[K,
[2.664s]                  from [01m[K/opt/ros/humble/include/rclcpp/rclcpp/executors/multi_threaded_executor.hpp:25[m[K,
[2.664s]                  from [01m[K/opt/ros/humble/include/rclcpp/rclcpp/executors.hpp:21[m[K,
[2.664s]                  from [01m[K/opt/ros/humble/include/rclcpp/rclcpp/rclcpp.hpp:155[m[K,
[2.664s]                  from [01m[K/home/kaibuchisoma/robocon_ws/RoboconDetectionFruit/src/robocon2023_b_dash/src/Drive_Controller.cpp:1[m[K:
[2.664s] [01m[K/opt/ros/humble/include/rcutils/rcutils/logging.h:479:16:[m[K [01;36m[Knote: [m[K  initializing argument 4 of â€˜[01m[Kvoid rcutils_log(const rcutils_log_location_t*, int, const char*, const char*, ...)[m[Kâ€™
[2.664s]   479 |   [01;36m[Kconst char * format[m[K,
[2.664s]       |   [01;36m[K~~~~~~~~~~~~~^~~~~~[m[K
[4.859s] gmake[2]: *** [CMakeFiles/Drive_Controller.dir/build.make:76: CMakeFiles/Drive_Controller.dir/src/Drive_Controller.cpp.o] ã‚¨ãƒ©ãƒ¼ 1
[4.859s] gmake[1]: *** [CMakeFiles/Makefile2:223: CMakeFiles/Drive_Controller.dir/all] ã‚¨ãƒ©ãƒ¼ 2
[4.859s] gmake: *** [Makefile:146: all] ã‚¨ãƒ©ãƒ¼ 2
[4.862s] Invoked command in '/home/kaibuchisoma/robocon_ws/RoboconDetectionFruit/build/robocon2023_b_dash' returned '2': CMAKE_PREFIX_PATH=${CMAKE_PREFIX_PATH}:/opt/ros/humble:/home/kaibuchisoma/robocon_ws/RoboconDetectionFruit/install/fruit_detection /usr/bin/cmake --build /home/kaibuchisoma/robocon_ws/RoboconDetectionFruit/build/robocon2023_b_dash -- -j12 -l12
