[0.631s] Invoking command in '/home/kaibuchisoma/robocon_ws/build/robocon2023_b_dash': CMAKE_PREFIX_PATH=${CMAKE_PREFIX_PATH}:/home/kaibuchisoma/robocon_ws/install/fruit_detection:/opt/ros/humble /usr/bin/cmake /home/kaibuchisoma/robocon_ws/src/robocon2023_b_dash -DCMAKE_INSTALL_PREFIX=/home/kaibuchisoma/robocon_ws/install/robocon2023_b_dash
[0.695s] -- The C compiler identification is GNU 11.4.0
[0.758s] -- The CXX compiler identification is GNU 11.4.0
[0.769s] -- Detecting C compiler ABI info
[0.880s] -- Detecting C compiler ABI info - done
[0.892s] -- Check for working C compiler: /usr/bin/cc - skipped
[0.892s] -- Detecting C compile features
[0.893s] -- Detecting C compile features - done
[0.899s] -- Detecting CXX compiler ABI info
[1.034s] -- Detecting CXX compiler ABI info - done
[1.047s] -- Check for working CXX compiler: /usr/bin/c++ - skipped
[1.047s] -- Detecting CXX compile features
[1.047s] -- Detecting CXX compile features - done
[1.054s] -- Found ament_cmake: 1.3.5 (/opt/ros/humble/share/ament_cmake/cmake)
[1.387s] -- Found Python3: /usr/bin/python3.10 (found version "3.10.12") found components: Interpreter 
[1.553s] -- Found rclcpp: 16.0.6 (/opt/ros/humble/share/rclcpp/cmake)
[1.635s] -- Found rosidl_generator_c: 3.1.5 (/opt/ros/humble/share/rosidl_generator_c/cmake)
[1.646s] -- Found rosidl_adapter: 3.1.5 (/opt/ros/humble/share/rosidl_adapter/cmake)
[1.662s] -- Found rosidl_generator_cpp: 3.1.5 (/opt/ros/humble/share/rosidl_generator_cpp/cmake)
[1.687s] -- Using all available rosidl_typesupport_c: rosidl_typesupport_fastrtps_c;rosidl_typesupport_introspection_c
[1.724s] -- Using all available rosidl_typesupport_cpp: rosidl_typesupport_fastrtps_cpp;rosidl_typesupport_introspection_cpp
[1.830s] -- Found rmw_implementation_cmake: 6.1.1 (/opt/ros/humble/share/rmw_implementation_cmake/cmake)
[1.834s] -- Found rmw_fastrtps_cpp: 6.2.4 (/opt/ros/humble/share/rmw_fastrtps_cpp/cmake)
[1.967s] -- Found OpenSSL: /usr/lib/x86_64-linux-gnu/libcrypto.so (found version "3.0.2")  
[2.011s] -- Found FastRTPS: /opt/ros/humble/include  
[2.084s] -- Using RMW implementation 'rmw_fastrtps_cpp' as default
[2.100s] -- Looking for pthread.h
[2.237s] -- Looking for pthread.h - found
[2.238s] -- Performing Test CMAKE_HAVE_LIBC_PTHREAD
[2.427s] -- Performing Test CMAKE_HAVE_LIBC_PTHREAD - Success
[2.428s] -- Found Threads: TRUE  
[2.627s] -- Found sensor_msgs: 4.2.3 (/opt/ros/humble/share/sensor_msgs/cmake)
[2.813s] -- Found ament_lint_auto: 0.12.8 (/opt/ros/humble/share/ament_lint_auto/cmake)
[2.935s] -- Added test 'copyright' to check source files copyright and LICENSE
[2.978s] -- Added test 'cppcheck' to perform static code analysis on C / C++ code
[2.980s] -- Configured cppcheck include dirs: 
[2.981s] -- Configured cppcheck exclude dirs and/or files: 
[3.017s] -- Added test 'cpplint' to check C / C++ code against the Google style
[3.017s] -- Configured cpplint exclude dirs and/or files: 
[3.021s] -- Added test 'flake8' to check Python code syntax and style conventions
[3.029s] -- Added test 'lint_cmake' to check CMake code style
[3.033s] -- Added test 'pep257' to check Python code against some of the docstring style conventions in PEP 257
[3.063s] -- Added test 'uncrustify' to check C / C++ code style
[3.064s] -- Configured uncrustify additional arguments: 
[3.069s] -- Added test 'xmllint' to check XML markup files
[3.071s] -- Configuring done
[3.164s] -- Generating done
[3.165s] -- Build files have been written to: /home/kaibuchisoma/robocon_ws/build/robocon2023_b_dash
[3.219s] Invoked command in '/home/kaibuchisoma/robocon_ws/build/robocon2023_b_dash' returned '0': CMAKE_PREFIX_PATH=${CMAKE_PREFIX_PATH}:/home/kaibuchisoma/robocon_ws/install/fruit_detection:/opt/ros/humble /usr/bin/cmake /home/kaibuchisoma/robocon_ws/src/robocon2023_b_dash -DCMAKE_INSTALL_PREFIX=/home/kaibuchisoma/robocon_ws/install/robocon2023_b_dash
[3.221s] Invoking command in '/home/kaibuchisoma/robocon_ws/build/robocon2023_b_dash': CMAKE_PREFIX_PATH=${CMAKE_PREFIX_PATH}:/home/kaibuchisoma/robocon_ws/install/fruit_detection:/opt/ros/humble /usr/bin/cmake --build /home/kaibuchisoma/robocon_ws/build/robocon2023_b_dash -- -j12 -l12
[3.311s] [35m[1mConsolidate compiler generated dependencies of target DriveMotion[0m
[3.312s] [35m[1mConsolidate compiler generated dependencies of target WallUpMotion[0m
[3.313s] [35m[1mConsolidate compiler generated dependencies of target Xmove_Controller[0m
[3.313s] [35m[1mConsolidate compiler generated dependencies of target Upper_Controller[0m
[3.319s] [35m[1mConsolidate compiler generated dependencies of target RopeMotion[0m
[3.319s] [35m[1mConsolidate compiler generated dependencies of target Solenoid_Controller[0m
[3.320s] [35m[1mConsolidate compiler generated dependencies of target Crawl_Controller[0m
[3.328s] [35m[1mConsolidate compiler generated dependencies of target SerialKIMD[0m
[3.339s] [35m[1mConsolidate compiler generated dependencies of target MotionMaster[0m
[3.340s] [35m[1mConsolidate compiler generated dependencies of target BeltLiner_Controller[0m
[3.356s] [35m[1mConsolidate compiler generated dependencies of target KiwiMotion[0m
[3.357s] [35m[1mConsolidate compiler generated dependencies of target Drive_Controller[0m
[3.370s] [  3%] [32mBuilding CXX object CMakeFiles/Xmove_Controller.dir/src/Xmove_Controller.cpp.o[0m
[3.371s] [  7%] [32mBuilding CXX object CMakeFiles/Upper_Controller.dir/src/Upper_Controller.cpp.o[0m
[3.399s] [ 14%] Built target WallUpMotion
[3.414s] [ 21%] Built target DriveMotion
[3.415s] [ 28%] Built target Solenoid_Controller
[3.415s] [ 35%] Built target RopeMotion
[3.416s] [ 42%] Built target Crawl_Controller
[3.416s] [ 50%] Built target BeltLiner_Controller
[3.420s] [ 57%] Built target SerialKIMD
[3.420s] [ 64%] Built target Drive_Controller
[3.431s] [ 71%] Built target MotionMaster
[3.438s] [ 78%] Built target KiwiMotion
[3.438s] [35m[1mConsolidate compiler generated dependencies of target Transmitter920[0m
[3.438s] [35m[1mConsolidate compiler generated dependencies of target Receiver920[0m
[3.492s] [ 92%] Built target Transmitter920
[3.492s] [ 92%] Built target Receiver920
[5.630s] In file included from [01m[K/home/kaibuchisoma/robocon_ws/src/robocon2023_b_dash/src/Xmove_Controller.hpp:8[m[K,
[5.630s]                  from [01m[K/home/kaibuchisoma/robocon_ws/src/robocon2023_b_dash/src/Xmove_Controller.cpp:2[m[K:
[5.630s] [01m[K/home/kaibuchisoma/robocon_ws/src/robocon2023_b_dash/src/RoboconMsg/ABU2023_GenericOutput_Header.h:14:16:[m[K [01;35m[Kwarning: [m[KISO C++ prohibits anonymous structs [[01;35m[K]8;;https://gcc.gnu.org/onlinedocs/gcc/Warning-Options.html#index-Wpedantic-Wpedantic]8;;[m[K]
[5.630s]    14 |         struct [01;35m[K{[m[K
[5.630s]       |                [01;35m[K^[m[K
[5.639s] In file included from [01m[K/home/kaibuchisoma/robocon_ws/src/robocon2023_b_dash/src/Upper_Controller.hpp:8[m[K,
[5.639s]                  from [01m[K/home/kaibuchisoma/robocon_ws/src/robocon2023_b_dash/src/Upper_Controller.cpp:2[m[K:
[5.639s] [01m[K/home/kaibuchisoma/robocon_ws/src/robocon2023_b_dash/src/RoboconMsg/ABU2023_GenericOutput_Header.h:14:16:[m[K [01;35m[Kwarning: [m[KISO C++ prohibits anonymous structs [[01;35m[K]8;;https://gcc.gnu.org/onlinedocs/gcc/Warning-Options.html#index-Wpedantic-Wpedantic]8;;[m[K]
[5.639s]    14 |         struct [01;35m[K{[m[K
[5.639s]       |                [01;35m[K^[m[K
[5.723s] [01m[K/home/kaibuchisoma/robocon_ws/src/robocon2023_b_dash/src/Xmove_Controller.cpp:[m[K In member function ‚Äò[01m[Kvoid Xmove_Controller_Node::Joy_Callback(sensor_msgs::msg::Joy_<std::allocator<void> >::SharedPtr)[m[K‚Äô:
[5.724s] [01m[K/home/kaibuchisoma/robocon_ws/src/robocon2023_b_dash/src/Xmove_Controller.cpp:33:15:[m[K [01;31m[Kerror: [m[K‚Äò[01m[Kclass Xmove_Controller_Node[m[K‚Äô has no member named ‚Äò[01m[Kbutton_state[m[K‚Äô
[5.724s]    33 |         this->[01;31m[Kbutton_state[m[K |= 0b0001 << 5;
[5.724s]       |               [01;31m[K^~~~~~~~~~~~[m[K
[5.724s] [01m[K/home/kaibuchisoma/robocon_ws/src/robocon2023_b_dash/src/Xmove_Controller.cpp:35:15:[m[K [01;31m[Kerror: [m[K‚Äò[01m[Kclass Xmove_Controller_Node[m[K‚Äô has no member named ‚Äò[01m[Kbutton_state[m[K‚Äô
[5.724s]    35 |         this->[01;31m[Kbutton_state[m[K &= ~(0b0001 << 5);
[5.724s]       |               [01;31m[K^~~~~~~~~~~~[m[K
[5.725s] [01m[K/home/kaibuchisoma/robocon_ws/src/robocon2023_b_dash/src/Xmove_Controller.cpp:[m[K In member function ‚Äò[01m[Kvoid Xmove_Controller_Node::ImageRecognition_Callback(std_msgs::msg::Int16MultiArray_<std::allocator<void> >::SharedPtr)[m[K‚Äô:
[5.725s] [01m[K/home/kaibuchisoma/robocon_ws/src/robocon2023_b_dash/src/Xmove_Controller.cpp:45:15:[m[K [01;31m[Kerror: [m[K‚Äò[01m[Kclass Xmove_Controller_Node[m[K‚Äô has no member named ‚Äò[01m[Kbutton_state[m[K‚Äô
[5.725s]    45 |     if (this->[01;31m[Kbutton_state[m[K >> 5 != 1)
[5.725s]       |               [01;31m[K^~~~~~~~~~~~[m[K
[8.884s] gmake[2]: *** [CMakeFiles/Xmove_Controller.dir/build.make:76: CMakeFiles/Xmove_Controller.dir/src/Xmove_Controller.cpp.o] „Ç®„É©„Éº 1
[8.884s] gmake[1]: *** [CMakeFiles/Makefile2:189: CMakeFiles/Xmove_Controller.dir/all] „Ç®„É©„Éº 2
[8.884s] gmake[1]: *** Êú™ÂÆå‰∫Ü„ÅÆ„Ç∏„Éß„Éñ„ÇíÂæÖ„Å£„Å¶„ÅÑ„Åæ„Åô....
[11.011s] [ 96%] [32m[1mLinking CXX executable Upper_Controller[0m
[11.379s] [ 96%] Built target Upper_Controller
[11.380s] gmake: *** [Makefile:146: all] „Ç®„É©„Éº 2
[11.383s] Invoked command in '/home/kaibuchisoma/robocon_ws/build/robocon2023_b_dash' returned '2': CMAKE_PREFIX_PATH=${CMAKE_PREFIX_PATH}:/home/kaibuchisoma/robocon_ws/install/fruit_detection:/opt/ros/humble /usr/bin/cmake --build /home/kaibuchisoma/robocon_ws/build/robocon2023_b_dash -- -j12 -l12
