[0.282s] Invoking command in '/home/roboconb/robocon_ws/build/robocon2023_b_dash': CMAKE_PREFIX_PATH=${CMAKE_PREFIX_PATH}:/home/roboconb/robocon_ws/install/fruit_detection:/opt/ros/humble /home/roboconb/.local/bin/cmake --build /home/roboconb/robocon_ws/build/robocon2023_b_dash -- -j8 -l8
[0.351s] [ 20%] Built target Drive_Controller
[0.352s] [ 40%] Built target Xmove_Controller
[0.354s] [ 60%] Built target SerialKIMD
[0.356s] [ 80%] Built target DriveMotion
[0.365s] [ 90%] [32mBuilding CXX object CMakeFiles/Upper_Controller.dir/src/Upper_Controller.cpp.o[0m
[2.761s] In file included from [01m[K/home/roboconb/robocon_ws/src/robocon2023_b_dash/src/Upper_Controller.hpp:8[m[K,
[2.761s]                  from [01m[K/home/roboconb/robocon_ws/src/robocon2023_b_dash/src/Upper_Controller.cpp:2[m[K:
[2.761s] [01m[K/home/roboconb/robocon_ws/src/robocon2023_b_dash/src/RoboconMsg/ABU2023_GenericOutput_Header.h:14:16:[m[K [01;35m[Kwarning: [m[KISO C++ prohibits anonymous structs [[01;35m[K]8;;https://gcc.gnu.org/onlinedocs/gcc/Warning-Options.html#index-Wpedantic-Wpedantic]8;;[m[K]
[2.761s]    14 |         struct [01;35m[K{[m[K
[2.761s]       |                [01;35m[K^[m[K
[2.859s] [01m[K/home/roboconb/robocon_ws/src/robocon2023_b_dash/src/Upper_Controller.cpp:[m[K In member function â€˜[01m[Kvoid Upper_Controller_Node::ImageRecognition_Callback(std_msgs::msg::Int16MultiArray_<std::allocator<void> >::SharedPtr)[m[Kâ€™:
[2.859s] [01m[K/home/roboconb/robocon_ws/src/robocon2023_b_dash/src/Upper_Controller.cpp:89:21:[m[K [01;31m[Kerror: [m[Kexpected â€˜[01m[K;[m[Kâ€™ before â€˜[01m[K}[m[Kâ€™ token
[2.859s]    89 |             sleep(2)
[2.859s]       |                     [01;31m[K^[m[K
[2.859s]       |                     [32m[K;[m[K
[2.859s]    90 |         [32m[K}[m[K
[2.860s]       |         [32m[K~[m[K            
[2.860s] [01m[K/home/roboconb/robocon_ws/src/robocon2023_b_dash/src/Upper_Controller.cpp:[m[K In member function â€˜[01m[Kvoid Upper_Controller_Node::timer_callback()[m[Kâ€™:
[2.860s] [01m[K/home/roboconb/robocon_ws/src/robocon2023_b_dash/src/Upper_Controller.cpp:117:43:[m[K [01;35m[Kwarning: [m[Ksuggest parentheses around comparison in operand of â€˜[01m[K&[m[Kâ€™ [[01;35m[K]8;;https://gcc.gnu.org/onlinedocs/gcc/Warning-Options.html#index-Wparentheses-Wparentheses]8;;[m[K]
[2.860s]   117 |     if ((this->button_state >> 0) & [01;35m[K0b001 == 1[m[K) // left
[2.860s]       |                                     [01;35m[K~~~~~~^~~~[m[K
[2.860s] [01m[K/home/roboconb/robocon_ws/src/robocon2023_b_dash/src/Upper_Controller.cpp:123:49:[m[K [01;35m[Kwarning: [m[Ksuggest parentheses around comparison in operand of â€˜[01m[K&[m[Kâ€™ [[01;35m[K]8;;https://gcc.gnu.org/onlinedocs/gcc/Warning-Options.html#index-Wparentheses-Wparentheses]8;;[m[K]
[2.860s]   123 |     else if ((this->button_state >> 1) & [01;35m[K0b0001 == 1[m[K) // right
[2.860s]       |                                          [01;35m[K~~~~~~~^~~~[m[K
[2.860s] [01m[K/home/roboconb/robocon_ws/src/robocon2023_b_dash/src/Upper_Controller.cpp:128:49:[m[K [01;35m[Kwarning: [m[Ksuggest parentheses around comparison in operand of â€˜[01m[K&[m[Kâ€™ [[01;35m[K]8;;https://gcc.gnu.org/onlinedocs/gcc/Warning-Options.html#index-Wparentheses-Wparentheses]8;;[m[K]
[2.860s]   128 |     else if ((this->button_state >> 2) & [01;35m[K0b0001 == 1[m[K) // up
[2.861s]       |                                          [01;35m[K~~~~~~~^~~~[m[K
[2.861s] [01m[K/home/roboconb/robocon_ws/src/robocon2023_b_dash/src/Upper_Controller.cpp:133:49:[m[K [01;35m[Kwarning: [m[Ksuggest parentheses around comparison in operand of â€˜[01m[K&[m[Kâ€™ [[01;35m[K]8;;https://gcc.gnu.org/onlinedocs/gcc/Warning-Options.html#index-Wparentheses-Wparentheses]8;;[m[K]
[2.861s]   133 |     else if ((this->button_state >> 3) & [01;35m[K0b0001 == 1[m[K) // down
[2.861s]       |                                          [01;35m[K~~~~~~~^~~~[m[K
[6.182s] gmake[2]: *** [CMakeFiles/Upper_Controller.dir/build.make:76: CMakeFiles/Upper_Controller.dir/src/Upper_Controller.cpp.o] ã‚¨ãƒ©ãƒ¼ 1
[6.183s] gmake[1]: *** [CMakeFiles/Makefile2:249: CMakeFiles/Upper_Controller.dir/all] ã‚¨ãƒ©ãƒ¼ 2
[6.183s] gmake: *** [Makefile:146: all] ã‚¨ãƒ©ãƒ¼ 2
[6.189s] Invoked command in '/home/roboconb/robocon_ws/build/robocon2023_b_dash' returned '2': CMAKE_PREFIX_PATH=${CMAKE_PREFIX_PATH}:/home/roboconb/robocon_ws/install/fruit_detection:/opt/ros/humble /home/roboconb/.local/bin/cmake --build /home/roboconb/robocon_ws/build/robocon2023_b_dash -- -j8 -l8
