[0.302s] Invoking command in '/home/roboconb/robocon_ws/build/robocon2023_b_dash': CMAKE_PREFIX_PATH=${CMAKE_PREFIX_PATH}:/home/roboconb/robocon_ws/install/fruit_detection:/opt/ros/humble /home/roboconb/.local/bin/cmake --build /home/roboconb/robocon_ws/build/robocon2023_b_dash -- -j8 -l8
[0.367s] [ 20%] Built target Drive_Controller
[0.367s] [ 40%] Built target Xmove_Controller
[0.368s] [ 60%] Built target DriveMotion
[0.371s] [ 80%] Built target SerialKIMD
[0.378s] [ 90%] [32mBuilding CXX object CMakeFiles/Upper_Controller.dir/src/Upper_Controller.cpp.o[0m
[2.631s] In file included from [01m[K/home/roboconb/robocon_ws/src/robocon2023_b_dash/src/Upper_Controller.hpp:8[m[K,
[2.631s]                  from [01m[K/home/roboconb/robocon_ws/src/robocon2023_b_dash/src/Upper_Controller.cpp:2[m[K:
[2.631s] [01m[K/home/roboconb/robocon_ws/src/robocon2023_b_dash/src/RoboconMsg/ABU2023_GenericOutput_Header.h:14:16:[m[K [01;35m[Kwarning: [m[KISO C++ prohibits anonymous structs [[01;35m[K]8;;https://gcc.gnu.org/onlinedocs/gcc/Warning-Options.html#index-Wpedantic-Wpedantic]8;;[m[K]
[2.631s]    14 |         struct [01;35m[K{[m[K
[2.631s]       |                [01;35m[K^[m[K
[2.677s] [01m[K/home/roboconb/robocon_ws/src/robocon2023_b_dash/src/Upper_Controller.cpp:[m[K In constructor â€˜[01m[KUpper_Controller_Node::Upper_Controller_Node()[m[Kâ€™:
[2.677s] [01m[K/home/roboconb/robocon_ws/src/robocon2023_b_dash/src/Upper_Controller.cpp:20:11:[m[K [01;31m[Kerror: [m[Kâ€˜[01m[Kclass Upper_Controller_Node[m[Kâ€™ has no member named â€˜[01m[KImageRecognition_Subscription[m[Kâ€™
[2.677s]    20 |     this->[01;31m[KImageRecognition_Subscription[m[K = this->create_subscription<std_msgs::msg::Int16MultiArray>(
[2.677s]       |           [01;31m[K^~~~~~~~~~~~~~~~~~~~~~~~~~~~~[m[K
[2.677s] [01m[K/home/roboconb/robocon_ws/src/robocon2023_b_dash/src/Upper_Controller.cpp:22:43:[m[K [01;31m[Kerror: [m[Kâ€˜[01m[KImageRecognition_Callback[m[Kâ€™ is not a member of â€˜[01m[KUpper_Controller_Node[m[Kâ€™
[2.677s]    22 |         std::bind(&Upper_Controller_Node::[01;31m[KImageRecognition_Callback[m[K, this, std::placeholders::_1));
[2.677s]       |                                           [01;31m[K^~~~~~~~~~~~~~~~~~~~~~~~~[m[K
[2.688s] [01m[K/home/roboconb/robocon_ws/src/robocon2023_b_dash/src/Upper_Controller.cpp:[m[K At global scope:
[2.688s] [01m[K/home/roboconb/robocon_ws/src/robocon2023_b_dash/src/Upper_Controller.cpp:74:6:[m[K [01;31m[Kerror: [m[Kno declaration matches â€˜[01m[Kvoid Upper_Controller_Node::ImageRecognition_Callback(std_msgs::msg::Int16MultiArray_<std::allocator<void> >::SharedPtr)[m[Kâ€™
[2.688s]    74 | void [01;31m[KUpper_Controller_Node[m[K::ImageRecognition_Callback(const std_msgs::msg::Int16MultiArray::SharedPtr recognition_msg)
[2.688s]       |      [01;31m[K^~~~~~~~~~~~~~~~~~~~~[m[K
[2.688s] [01m[K/home/roboconb/robocon_ws/src/robocon2023_b_dash/src/Upper_Controller.cpp:74:6:[m[K [01;36m[Knote: [m[Kno functions named â€˜[01m[Kvoid Upper_Controller_Node::ImageRecognition_Callback(std_msgs::msg::Int16MultiArray_<std::allocator<void> >::SharedPtr)[m[Kâ€™
[2.688s] In file included from [01m[K/home/roboconb/robocon_ws/src/robocon2023_b_dash/src/Upper_Controller.cpp:2[m[K:
[2.688s] [01m[K/home/roboconb/robocon_ws/src/robocon2023_b_dash/src/Upper_Controller.hpp:12:7:[m[K [01;36m[Knote: [m[Kâ€˜[01m[Kclass Upper_Controller_Node[m[Kâ€™ defined here
[2.688s]    12 | class [01;36m[KUpper_Controller_Node[m[K : public rclcpp::Node
[2.688s]       |       [01;36m[K^~~~~~~~~~~~~~~~~~~~~[m[K
[2.688s] [01m[K/home/roboconb/robocon_ws/src/robocon2023_b_dash/src/Upper_Controller.cpp:[m[K In member function â€˜[01m[Kvoid Upper_Controller_Node::timer_callback()[m[Kâ€™:
[2.688s] [01m[K/home/roboconb/robocon_ws/src/robocon2023_b_dash/src/Upper_Controller.cpp:91:43:[m[K [01;35m[Kwarning: [m[Ksuggest parentheses around comparison in operand of â€˜[01m[K&[m[Kâ€™ [[01;35m[K]8;;https://gcc.gnu.org/onlinedocs/gcc/Warning-Options.html#index-Wparentheses-Wparentheses]8;;[m[K]
[2.688s]    91 |     if ((this->button_state >> 0) & [01;35m[K0b001 == 1[m[K) // left
[2.689s]       |                                     [01;35m[K~~~~~~^~~~[m[K
[2.689s] [01m[K/home/roboconb/robocon_ws/src/robocon2023_b_dash/src/Upper_Controller.cpp:97:49:[m[K [01;35m[Kwarning: [m[Ksuggest parentheses around comparison in operand of â€˜[01m[K&[m[Kâ€™ [[01;35m[K]8;;https://gcc.gnu.org/onlinedocs/gcc/Warning-Options.html#index-Wparentheses-Wparentheses]8;;[m[K]
[2.689s]    97 |     else if ((this->button_state >> 1) & [01;35m[K0b0001 == 1[m[K) // right
[2.689s]       |                                          [01;35m[K~~~~~~~^~~~[m[K
[2.689s] [01m[K/home/roboconb/robocon_ws/src/robocon2023_b_dash/src/Upper_Controller.cpp:102:49:[m[K [01;35m[Kwarning: [m[Ksuggest parentheses around comparison in operand of â€˜[01m[K&[m[Kâ€™ [[01;35m[K]8;;https://gcc.gnu.org/onlinedocs/gcc/Warning-Options.html#index-Wparentheses-Wparentheses]8;;[m[K]
[2.689s]   102 |     else if ((this->button_state >> 2) & [01;35m[K0b0001 == 1[m[K) // up
[2.689s]       |                                          [01;35m[K~~~~~~~^~~~[m[K
[2.689s] [01m[K/home/roboconb/robocon_ws/src/robocon2023_b_dash/src/Upper_Controller.cpp:107:49:[m[K [01;35m[Kwarning: [m[Ksuggest parentheses around comparison in operand of â€˜[01m[K&[m[Kâ€™ [[01;35m[K]8;;https://gcc.gnu.org/onlinedocs/gcc/Warning-Options.html#index-Wparentheses-Wparentheses]8;;[m[K]
[2.689s]   107 |     else if ((this->button_state >> 3) & [01;35m[K0b0001 == 1[m[K) // down
[2.689s]       |                                          [01;35m[K~~~~~~~^~~~[m[K
[5.119s] gmake[2]: *** [CMakeFiles/Upper_Controller.dir/build.make:76: CMakeFiles/Upper_Controller.dir/src/Upper_Controller.cpp.o] ã‚¨ãƒ©ãƒ¼ 1
[5.119s] gmake[1]: *** [CMakeFiles/Makefile2:249: CMakeFiles/Upper_Controller.dir/all] ã‚¨ãƒ©ãƒ¼ 2
[5.119s] gmake: *** [Makefile:146: all] ã‚¨ãƒ©ãƒ¼ 2
[5.125s] Invoked command in '/home/roboconb/robocon_ws/build/robocon2023_b_dash' returned '2': CMAKE_PREFIX_PATH=${CMAKE_PREFIX_PATH}:/home/roboconb/robocon_ws/install/fruit_detection:/opt/ros/humble /home/roboconb/.local/bin/cmake --build /home/roboconb/robocon_ws/build/robocon2023_b_dash -- -j8 -l8
