[35m[1mScanning dependencies of target Transmitter920[0m
[  7%] Built target Xmove_Controller
[ 15%] Built target BeltLiner_Controller
[ 19%] [32mBuilding CXX object CMakeFiles/Transmitter920.dir/src/Transmitter920.cpp.o[0m
[ 26%] Built target Solenoid_Controller
[ 34%] Built target DriveMotion
[ 42%] Built target KiwiMotion
[ 50%] Built target SerialKIMD
[ 57%] Built target Drive_Controller
[ 65%] Built target MotionMaster
[ 73%] Built target WallUpMotion
[ 80%] Built target Crawl_Controller
[ 88%] Built target Upper_Controller
[ 96%] Built target RopeMotion
[01m[K/home/ros-industrial/robocon_ws/src/robocon2023_b_dash/src/Transmitter920.cpp:101:6:[m[K [01;31m[Kerror: [m[Kdeclaration of â€˜[01m[Kvoid Transmitter920_Node::ExpandJoyData()[m[Kâ€™ outside of class is not definition [[01;31m[K-fpermissive[m[K]
  101 | void [01;31m[KTransmitter920_Node[m[K::ExpandJoyData(void);
      |      [01;31m[K^~~~~~~~~~~~~~~~~~~[m[K
[01m[K/home/ros-industrial/robocon_ws/src/robocon2023_b_dash/src/Transmitter920.cpp:102:1:[m[K [01;31m[Kerror: [m[Kexpected unqualified-id before â€˜[01m[K{[m[Kâ€™ token
  102 | [01;31m[K{[m[K
      | [01;31m[K^[m[K
[01m[K/home/ros-industrial/robocon_ws/src/robocon2023_b_dash/src/Transmitter920.cpp:[m[K In member function â€˜[01m[Kvoid Transmitter920_Node::EncodeCOBSdata()[m[Kâ€™:
[01m[K/home/ros-industrial/robocon_ws/src/robocon2023_b_dash/src/Transmitter920.cpp:174:23:[m[K [01;35m[Kwarning: [m[Kcomparison of integer expressions of different signedness: â€˜[01m[Kint[m[Kâ€™ and â€˜[01m[Klong unsigned int[m[Kâ€™ [[01;35m[K-Wsign-compare[m[K]
  174 |     for (int i = 0; [01;35m[Ki < sizeof(this->compress_data) + 1[m[K; i++)
      |                     [01;35m[K~~^~~~~~~~~~~~~~~~~~~~~~~~~~~~~~~~~[m[K
[01m[K/home/ros-industrial/robocon_ws/src/robocon2023_b_dash/src/Transmitter920.cpp:[m[K In member function â€˜[01m[Kvoid Transmitter920_Node::DecodeCOBSdata()[m[Kâ€™:
[01m[K/home/ros-industrial/robocon_ws/src/robocon2023_b_dash/src/Transmitter920.cpp:196:23:[m[K [01;35m[Kwarning: [m[Kcomparison of integer expressions of different signedness: â€˜[01m[Kint[m[Kâ€™ and â€˜[01m[Klong unsigned int[m[Kâ€™ [[01;35m[K-Wsign-compare[m[K]
  196 |     for (int i = 0; [01;35m[Ki < sizeof(temp_cobs)[m[K; i++)
      |                     [01;35m[K~~^~~~~~~~~~~~~~~~~~~[m[K
[01m[K/home/ros-industrial/robocon_ws/src/robocon2023_b_dash/src/Transmitter920.cpp:203:14:[m[K [01;35m[Kwarning: [m[Kcomparison of integer expressions of different signedness: â€˜[01m[Kint[m[Kâ€™ and â€˜[01m[Klong unsigned int[m[Kâ€™ [[01;35m[K-Wsign-compare[m[K]
  203 |     while ([01;35m[Ki < sizeof(this->receive_buf) - 1[m[K)
      |            [01;35m[K~~^~~~~~~~~~~~~~~~~~~~~~~~~~~~~~~[m[K
[01m[K/home/ros-industrial/robocon_ws/src/robocon2023_b_dash/src/Transmitter920.cpp:211:23:[m[K [01;35m[Kwarning: [m[Kcomparison of integer expressions of different signedness: â€˜[01m[Kint[m[Kâ€™ and â€˜[01m[Klong unsigned int[m[Kâ€™ [[01;35m[K-Wsign-compare[m[K]
  211 |     for (int i = 0; [01;35m[Ki < sizeof(this->receive_compress_data)[m[K; i++)
      |                     [01;35m[K~~^~~~~~~~~~~~~~~~~~~~~~~~~~~~~~~~~~~~~[m[K
[01m[K/home/ros-industrial/robocon_ws/src/robocon2023_b_dash/src/Transmitter920.cpp:[m[K In member function â€˜[01m[Kvoid Transmitter920_Node::timer_callback()[m[Kâ€™:
[01m[K/home/ros-industrial/robocon_ws/src/robocon2023_b_dash/src/Transmitter920.cpp:266:23:[m[K [01;35m[Kwarning: [m[Kcomparison of integer expressions of different signedness: â€˜[01m[Kint[m[Kâ€™ and â€˜[01m[Klong unsigned int[m[Kâ€™ [[01;35m[K-Wsign-compare[m[K]
  266 |     for (int i = 0; [01;35m[Ki < sizeof(this->compress_data) + 2[m[K; i++)
      |                     [01;35m[K~~^~~~~~~~~~~~~~~~~~~~~~~~~~~~~~~~~[m[K
make[2]: *** [CMakeFiles/Transmitter920.dir/build.make:63: CMakeFiles/Transmitter920.dir/src/Transmitter920.cpp.o] Error 1
make[1]: *** [CMakeFiles/Makefile2:291: CMakeFiles/Transmitter920.dir/all] Error 2
make: *** [Makefile:141: all] Error 2
