[ 20%] Built target Xmove_Controller
[ 40%] Built target SerialKIMD
[ 60%] Built target Drive_Controller
[ 80%] Built target DriveMotion
[ 90%] [32mBuilding CXX object CMakeFiles/Upper_Controller.dir/src/Upper_Controller.cpp.o[0m
In file included from [01m[K/home/roboconb/robocon_ws/src/robocon2023_b_dash/src/Upper_Controller.hpp:8[m[K,
                 from [01m[K/home/roboconb/robocon_ws/src/robocon2023_b_dash/src/Upper_Controller.cpp:2[m[K:
[01m[K/home/roboconb/robocon_ws/src/robocon2023_b_dash/src/RoboconMsg/ABU2023_GenericOutput_Header.h:14:16:[m[K [01;35m[Kwarning: [m[KISO C++ prohibits anonymous structs [[01;35m[K]8;;https://gcc.gnu.org/onlinedocs/gcc/Warning-Options.html#index-Wpedantic-Wpedantic]8;;[m[K]
   14 |         struct [01;35m[K{[m[K
      |                [01;35m[K^[m[K
[01m[K/home/roboconb/robocon_ws/src/robocon2023_b_dash/src/Upper_Controller.cpp:[m[K In member function â€˜[01m[Kvoid Upper_Controller_Node::Joy_Callback(sensor_msgs::msg::Joy_<std::allocator<void> >::SharedPtr)[m[Kâ€™:
[01m[K/home/roboconb/robocon_ws/src/robocon2023_b_dash/src/Upper_Controller.cpp:40:11:[m[K [01;31m[Kerror: [m[Kâ€˜[01m[Kclass Upper_Controller_Node[m[Kâ€™ has no member named â€˜[01m[Kl2[m[Kâ€™
   40 |     this->[01;31m[Kl2[m[K = joy_msg->buttons[6] // l2
      |           [01;31m[K^~[m[K
[01m[K/home/roboconb/robocon_ws/src/robocon2023_b_dash/src/Upper_Controller.cpp:46:5:[m[K [01;31m[Kerror: [m[Kâ€˜[01m[Kelse[m[Kâ€™ without a previous â€˜[01m[Kif[m[Kâ€™
   46 |     [01;31m[Kelse[m[K
      |     [01;31m[K^~~~[m[K
[01m[K/home/roboconb/robocon_ws/src/robocon2023_b_dash/src/Upper_Controller.cpp:[m[K In member function â€˜[01m[Kvoid Upper_Controller_Node::ImageRecognition_Callback(std_msgs::msg::Int16MultiArray_<std::allocator<void> >::SharedPtr)[m[Kâ€™:
[01m[K/home/roboconb/robocon_ws/src/robocon2023_b_dash/src/Upper_Controller.cpp:86:9:[m[K [01;31m[Kerror: [m[Kâ€˜[01m[KSleep[m[Kâ€™ was not declared in this scope; did you mean â€˜[01m[Ksleep[m[Kâ€™?
   86 |         [01;31m[KSleep[m[K(2000)
      |         [01;31m[K^~~~~[m[K
      |         [32m[Ksleep[m[K
[01m[K/home/roboconb/robocon_ws/src/robocon2023_b_dash/src/Upper_Controller.cpp:92:9:[m[K [01;31m[Kerror: [m[Kâ€˜[01m[KSleep[m[Kâ€™ was not declared in this scope; did you mean â€˜[01m[Ksleep[m[Kâ€™?
   92 |         [01;31m[KSleep[m[K(2000)
      |         [01;31m[K^~~~~[m[K
      |         [32m[Ksleep[m[K
[01m[K/home/roboconb/robocon_ws/src/robocon2023_b_dash/src/Upper_Controller.cpp:99:9:[m[K [01;31m[Kerror: [m[Kâ€˜[01m[KSleep[m[Kâ€™ was not declared in this scope; did you mean â€˜[01m[Ksleep[m[Kâ€™?
   99 |         [01;31m[KSleep[m[K(2000)
      |         [01;31m[K^~~~~[m[K
      |         [32m[Ksleep[m[K
[01m[K/home/roboconb/robocon_ws/src/robocon2023_b_dash/src/Upper_Controller.cpp:[m[K In member function â€˜[01m[Kvoid Upper_Controller_Node::timer_callback()[m[Kâ€™:
[01m[K/home/roboconb/robocon_ws/src/robocon2023_b_dash/src/Upper_Controller.cpp:114:43:[m[K [01;35m[Kwarning: [m[Ksuggest parentheses around comparison in operand of â€˜[01m[K&[m[Kâ€™ [[01;35m[K]8;;https://gcc.gnu.org/onlinedocs/gcc/Warning-Options.html#index-Wparentheses-Wparentheses]8;;[m[K]
  114 | state >> 0) & [01;35m[K0b001 == 1[m[K) // left
      |               [01;35m[K~~~~~~^~~~[m[K

[01m[K/home/roboconb/robocon_ws/src/robocon2023_b_dash/src/Upper_Controller.cpp:120:49:[m[K [01;35m[Kwarning: [m[Ksuggest parentheses around comparison in operand of â€˜[01m[K&[m[Kâ€™ [[01;35m[K]8;;https://gcc.gnu.org/onlinedocs/gcc/Warning-Options.html#index-Wparentheses-Wparentheses]8;;[m[K]
  120 | tate >> 1) & [01;35m[K0b0001 == 1[m[K) // right
      |              [01;35m[K~~~~~~~^~~~[m[K

[01m[K/home/roboconb/robocon_ws/src/robocon2023_b_dash/src/Upper_Controller.cpp:125:49:[m[K [01;35m[Kwarning: [m[Ksuggest parentheses around comparison in operand of â€˜[01m[K&[m[Kâ€™ [[01;35m[K]8;;https://gcc.gnu.org/onlinedocs/gcc/Warning-Options.html#index-Wparentheses-Wparentheses]8;;[m[K]
  125 | tate >> 2) & [01;35m[K0b0001 == 1[m[K) // up
      |              [01;35m[K~~~~~~~^~~~[m[K

[01m[K/home/roboconb/robocon_ws/src/robocon2023_b_dash/src/Upper_Controller.cpp:130:49:[m[K [01;35m[Kwarning: [m[Ksuggest parentheses around comparison in operand of â€˜[01m[K&[m[Kâ€™ [[01;35m[K]8;;https://gcc.gnu.org/onlinedocs/gcc/Warning-Options.html#index-Wparentheses-Wparentheses]8;;[m[K]
  130 | tate >> 3) & [01;35m[K0b0001 == 1[m[K) // down
      |              [01;35m[K~~~~~~~^~~~[m[K

gmake[2]: *** [CMakeFiles/Upper_Controller.dir/build.make:76: CMakeFiles/Upper_Controller.dir/src/Upper_Controller.cpp.o] ã‚¨ãƒ©ãƒ¼ 1
gmake[1]: *** [CMakeFiles/Makefile2:249: CMakeFiles/Upper_Controller.dir/all] ã‚¨ãƒ©ãƒ¼ 2
gmake: *** [Makefile:146: all] ã‚¨ãƒ©ãƒ¼ 2
