[0.341s] Invoking command in '/home/kaibuchisoma/robocon_ws/RoboconDetectionFruit/build/robocon2023_b_dash': CMAKE_PREFIX_PATH=/opt/ros/humble /usr/bin/cmake /home/kaibuchisoma/robocon_ws/RoboconDetectionFruit/src/robocon2023_b_dash -DCMAKE_INSTALL_PREFIX=/home/kaibuchisoma/robocon_ws/RoboconDetectionFruit/install/robocon2023_b_dash
[0.389s] -- The C compiler identification is GNU 11.4.0
[0.438s] -- The CXX compiler identification is GNU 11.4.0
[0.444s] -- Detecting C compiler ABI info
[0.507s] -- Detecting C compiler ABI info - done
[0.513s] -- Check for working C compiler: /usr/bin/cc - skipped
[0.513s] -- Detecting C compile features
[0.513s] -- Detecting C compile features - done
[0.515s] -- Detecting CXX compiler ABI info
[0.587s] -- Detecting CXX compiler ABI info - done
[0.595s] -- Check for working CXX compiler: /usr/bin/c++ - skipped
[0.595s] -- Detecting CXX compile features
[0.596s] -- Detecting CXX compile features - done
[0.598s] -- Found ament_cmake: 1.3.5 (/opt/ros/humble/share/ament_cmake/cmake)
[0.738s] -- Found Python3: /usr/bin/python3.10 (found version "3.10.12") found components: Interpreter 
[0.817s] -- Found rclcpp: 16.0.6 (/opt/ros/humble/share/rclcpp/cmake)
[0.860s] -- Found rosidl_generator_c: 3.1.5 (/opt/ros/humble/share/rosidl_generator_c/cmake)
[0.866s] -- Found rosidl_adapter: 3.1.5 (/opt/ros/humble/share/rosidl_adapter/cmake)
[0.874s] -- Found rosidl_generator_cpp: 3.1.5 (/opt/ros/humble/share/rosidl_generator_cpp/cmake)
[0.887s] -- Using all available rosidl_typesupport_c: rosidl_typesupport_fastrtps_c;rosidl_typesupport_introspection_c
[0.904s] -- Using all available rosidl_typesupport_cpp: rosidl_typesupport_fastrtps_cpp;rosidl_typesupport_introspection_cpp
[0.962s] -- Found rmw_implementation_cmake: 6.1.1 (/opt/ros/humble/share/rmw_implementation_cmake/cmake)
[0.965s] -- Found rmw_fastrtps_cpp: 6.2.4 (/opt/ros/humble/share/rmw_fastrtps_cpp/cmake)
[1.058s] -- Found OpenSSL: /usr/lib/x86_64-linux-gnu/libcrypto.so (found version "3.0.2")  
[1.083s] -- Found FastRTPS: /opt/ros/humble/include  
[1.128s] -- Using RMW implementation 'rmw_fastrtps_cpp' as default
[1.137s] -- Looking for pthread.h
[1.204s] -- Looking for pthread.h - found
[1.204s] -- Performing Test CMAKE_HAVE_LIBC_PTHREAD
[1.270s] -- Performing Test CMAKE_HAVE_LIBC_PTHREAD - Success
[1.271s] -- Found Threads: TRUE  
[1.399s] -- Found sensor_msgs: 4.2.3 (/opt/ros/humble/share/sensor_msgs/cmake)
[1.502s] -- Found ament_lint_auto: 0.12.8 (/opt/ros/humble/share/ament_lint_auto/cmake)
[1.566s] -- Added test 'copyright' to check source files copyright and LICENSE
[1.567s] -- Added test 'cppcheck' to perform static code analysis on C / C++ code
[1.567s] -- Configured cppcheck include dirs: 
[1.568s] -- Configured cppcheck exclude dirs and/or files: 
[1.569s] -- Added test 'cpplint' to check C / C++ code against the Google style
[1.569s] -- Configured cpplint exclude dirs and/or files: 
[1.570s] -- Added test 'flake8' to check Python code syntax and style conventions
[1.570s] -- Added test 'lint_cmake' to check CMake code style
[1.571s] -- Added test 'pep257' to check Python code against some of the docstring style conventions in PEP 257
[1.572s] -- Added test 'uncrustify' to check C / C++ code style
[1.572s] -- Configured uncrustify additional arguments: 
[1.573s] -- Added test 'xmllint' to check XML markup files
[1.574s] -- Configuring done
[1.595s] -- Generating done
[1.597s] -- Build files have been written to: /home/kaibuchisoma/robocon_ws/RoboconDetectionFruit/build/robocon2023_b_dash
[1.605s] Invoked command in '/home/kaibuchisoma/robocon_ws/RoboconDetectionFruit/build/robocon2023_b_dash' returned '0': CMAKE_PREFIX_PATH=/opt/ros/humble /usr/bin/cmake /home/kaibuchisoma/robocon_ws/RoboconDetectionFruit/src/robocon2023_b_dash -DCMAKE_INSTALL_PREFIX=/home/kaibuchisoma/robocon_ws/RoboconDetectionFruit/install/robocon2023_b_dash
[1.607s] Invoking command in '/home/kaibuchisoma/robocon_ws/RoboconDetectionFruit/build/robocon2023_b_dash': CMAKE_PREFIX_PATH=/opt/ros/humble /usr/bin/cmake --build /home/kaibuchisoma/robocon_ws/RoboconDetectionFruit/build/robocon2023_b_dash -- -j12 -l12
[1.645s] [35m[1mConsolidate compiler generated dependencies of target SerialKIMD[0m
[1.645s] [35m[1mConsolidate compiler generated dependencies of target DriveMotion[0m
[1.645s] [35m[1mConsolidate compiler generated dependencies of target Xmove_Controller[0m
[1.645s] [35m[1mConsolidate compiler generated dependencies of target Drive_Controller[0m
[1.645s] [35m[1mConsolidate compiler generated dependencies of target Upper_Controller[0m
[1.672s] [ 30%] [32mBuilding CXX object CMakeFiles/Upper_Controller.dir/src/Upper_Controller.cpp.o[0m
[1.672s] [ 30%] Built target Drive_Controller
[1.672s] [ 50%] Built target SerialKIMD
[1.673s] [ 70%] Built target Xmove_Controller
[1.673s] [ 90%] Built target DriveMotion
[3.674s] In file included from [01m[K/home/kaibuchisoma/robocon_ws/RoboconDetectionFruit/src/robocon2023_b_dash/src/Upper_Controller.hpp:8[m[K,
[3.674s]                  from [01m[K/home/kaibuchisoma/robocon_ws/RoboconDetectionFruit/src/robocon2023_b_dash/src/Upper_Controller.cpp:2[m[K:
[3.674s] [01m[K/home/kaibuchisoma/robocon_ws/RoboconDetectionFruit/src/robocon2023_b_dash/src/RoboconMsg/ABU2023_GenericOutput_Header.h:14:16:[m[K [01;35m[Kwarning: [m[KISO C++ prohibits anonymous structs [[01;35m[K]8;;https://gcc.gnu.org/onlinedocs/gcc/Warning-Options.html#index-Wpedantic-Wpedantic]8;;[m[K]
[3.674s]    14 |         struct [01;35m[K{[m[K
[3.674s]       |                [01;35m[K^[m[K
[3.757s] [01m[K/home/kaibuchisoma/robocon_ws/RoboconDetectionFruit/src/robocon2023_b_dash/src/Upper_Controller.cpp:[m[K In member function â€˜[01m[Kvoid Upper_Controller_Node::timer_callback()[m[Kâ€™:
[3.757s] [01m[K/home/kaibuchisoma/robocon_ws/RoboconDetectionFruit/src/robocon2023_b_dash/src/Upper_Controller.cpp:127:43:[m[K [01;35m[Kwarning: [m[Ksuggest parentheses around comparison in operand of â€˜[01m[K&[m[Kâ€™ [[01;35m[K]8;;https://gcc.gnu.org/onlinedocs/gcc/Warning-Options.html#index-Wparentheses-Wparentheses]8;;[m[K]
[3.757s]   127 |     if ((this->button_state >> 0) & [01;35m[K0b001 == 1[m[K) // left
[3.757s]       |                                     [01;35m[K~~~~~~^~~~[m[K
[3.757s] [01m[K/home/kaibuchisoma/robocon_ws/RoboconDetectionFruit/src/robocon2023_b_dash/src/Upper_Controller.cpp:133:49:[m[K [01;35m[Kwarning: [m[Ksuggest parentheses around comparison in operand of â€˜[01m[K&[m[Kâ€™ [[01;35m[K]8;;https://gcc.gnu.org/onlinedocs/gcc/Warning-Options.html#index-Wparentheses-Wparentheses]8;;[m[K]
[3.757s]   133 |     else if ((this->button_state >> 1) & [01;35m[K0b0001 == 1[m[K) // right
[3.757s]       |                                          [01;35m[K~~~~~~~^~~~[m[K
[3.757s] [01m[K/home/kaibuchisoma/robocon_ws/RoboconDetectionFruit/src/robocon2023_b_dash/src/Upper_Controller.cpp:138:49:[m[K [01;35m[Kwarning: [m[Ksuggest parentheses around comparison in operand of â€˜[01m[K&[m[Kâ€™ [[01;35m[K]8;;https://gcc.gnu.org/onlinedocs/gcc/Warning-Options.html#index-Wparentheses-Wparentheses]8;;[m[K]
[3.758s]   138 |     else if ((this->button_state >> 2) & [01;35m[K0b0001 == 1[m[K) // up
[3.758s]       |                                          [01;35m[K~~~~~~~^~~~[m[K
[3.758s] [01m[K/home/kaibuchisoma/robocon_ws/RoboconDetectionFruit/src/robocon2023_b_dash/src/Upper_Controller.cpp:143:49:[m[K [01;35m[Kwarning: [m[Ksuggest parentheses around comparison in operand of â€˜[01m[K&[m[Kâ€™ [[01;35m[K]8;;https://gcc.gnu.org/onlinedocs/gcc/Warning-Options.html#index-Wparentheses-Wparentheses]8;;[m[K]
[3.758s]   143 |     else if ((this->button_state >> 3) & [01;35m[K0b0001 == 1[m[K) // down
[3.758s]       |                                          [01;35m[K~~~~~~~^~~~[m[K
[3.761s] [01m[K/home/kaibuchisoma/robocon_ws/RoboconDetectionFruit/src/robocon2023_b_dash/src/Upper_Controller.cpp:153:80:[m[K [01;31m[Kerror: [m[Kâ€˜[01m[Kloop[m[Kâ€™ was not declared in this scope
[3.761s]   153 |     double time = static_cast<double>(end - start) / CLOCKS_PER_SEC * 1000.0 / [01;31m[Kloop[m[K;
[3.761s]       |                                                                                [01;31m[K^~~~[m[K
[6.872s] gmake[2]: *** [CMakeFiles/Upper_Controller.dir/build.make:76: CMakeFiles/Upper_Controller.dir/src/Upper_Controller.cpp.o] ã‚¨ãƒ©ãƒ¼ 1
[6.873s] gmake[1]: *** [CMakeFiles/Makefile2:249: CMakeFiles/Upper_Controller.dir/all] ã‚¨ãƒ©ãƒ¼ 2
[6.873s] gmake: *** [Makefile:146: all] ã‚¨ãƒ©ãƒ¼ 2
[6.875s] Invoked command in '/home/kaibuchisoma/robocon_ws/RoboconDetectionFruit/build/robocon2023_b_dash' returned '2': CMAKE_PREFIX_PATH=/opt/ros/humble /usr/bin/cmake --build /home/kaibuchisoma/robocon_ws/RoboconDetectionFruit/build/robocon2023_b_dash -- -j12 -l12
