[0.426s] Invoking command in '/home/ros-industrial/robocon_ws/build/robocon2023_b_dash': CMAKE_PREFIX_PATH=${CMAKE_PREFIX_PATH}:/opt/ros/foxy /usr/bin/cmake --build /home/ros-industrial/robocon_ws/build/robocon2023_b_dash -- -j8 -l8
[0.494s] -- Found ament_cmake: 0.9.12 (/opt/ros/foxy/share/ament_cmake/cmake)
[0.522s] -- Using PYTHON_EXECUTABLE: /usr/bin/python3
[0.671s] -- Found rclcpp: 2.4.3 (/opt/ros/foxy/share/rclcpp/cmake)
[0.735s] -- Using all available rosidl_typesupport_c: rosidl_typesupport_fastrtps_c;rosidl_typesupport_introspection_c
[0.744s] -- Found rosidl_adapter: 1.3.1 (/opt/ros/foxy/share/rosidl_adapter/cmake)
[0.818s] -- Found OpenSSL: /usr/lib/x86_64-linux-gnu/libcrypto.so (found version "1.1.1f")  
[0.839s] -- Found FastRTPS: /opt/ros/foxy/include  
[0.924s] -- Using all available rosidl_typesupport_cpp: rosidl_typesupport_fastrtps_cpp;rosidl_typesupport_introspection_cpp
[0.996s] -- Found rmw_implementation_cmake: 1.0.4 (/opt/ros/foxy/share/rmw_implementation_cmake/cmake)
[0.999s] -- Using RMW implementation 'rmw_fastrtps_cpp' as default
[1.002s] -- Looking for pthread.h
[1.104s] -- Looking for pthread.h - found
[1.104s] -- Performing Test CMAKE_HAVE_LIBC_PTHREAD
[1.161s] -- Performing Test CMAKE_HAVE_LIBC_PTHREAD - Failed
[1.161s] -- Looking for pthread_create in pthreads
[1.205s] -- Looking for pthread_create in pthreads - not found
[1.205s] -- Looking for pthread_create in pthread
[1.255s] -- Looking for pthread_create in pthread - found
[1.256s] -- Found Threads: TRUE  
[1.384s] -- Found ament_lint_auto: 0.9.8 (/opt/ros/foxy/share/ament_lint_auto/cmake)
[1.433s] -- Added test 'copyright' to check source files copyright and LICENSE
[1.434s] -- Added test 'cppcheck' to perform static code analysis on C / C++ code
[1.434s] -- Configured cppcheck include dirs: 
[1.434s] -- Configured cppcheck exclude dirs and/or files: 
[1.435s] -- Added test 'cpplint' to check C / C++ code against the Google style
[1.435s] -- Configured cpplint exclude dirs and/or files: 
[1.436s] -- Added test 'lint_cmake' to check CMake code style
[1.437s] -- Added test 'uncrustify' to check C / C++ code style
[1.437s] -- Configured uncrustify additional arguments: 
[1.438s] -- Added test 'xmllint' to check XML markup files
[1.440s] -- Configuring done
[1.449s] -- Generating done
[1.450s] -- Build files have been written to: /home/ros-industrial/robocon_ws/build/robocon2023_b_dash
[1.467s] [35m[1mScanning dependencies of target SerialKIMD[0m
[1.488s] [ 50%] [32mBuilding CXX object CMakeFiles/SerialKIMD.dir/src/SerialKIMD.cpp.o[0m
[1.561s] In file included from [01m[K/home/ros-industrial/robocon_ws/src/robocon2023_b_dash/src/SerialKIMD.cpp:2[m[K:
[1.561s] [01m[K/home/ros-industrial/robocon_ws/src/robocon2023_b_dash/src/SerialKIMD.hpp:14:10:[m[K [01;31m[Kfatal error: [m[KABU2023_GenericOutput_Header.h: No such file or directory
[1.561s]    14 | #include [01;31m[K"ABU2023_GenericOutput_Header.h"[m[K
[1.561s]       |          [01;31m[K^~~~~~~~~~~~~~~~~~~~~~~~~~~~~~~~[m[K
[1.561s] compilation terminated.
[1.563s] make[2]: *** [CMakeFiles/SerialKIMD.dir/build.make:63: CMakeFiles/SerialKIMD.dir/src/SerialKIMD.cpp.o] Error 1
[1.563s] make[1]: *** [CMakeFiles/Makefile2:78: CMakeFiles/SerialKIMD.dir/all] Error 2
[1.563s] make: *** [Makefile:141: all] Error 2
[1.565s] Invoked command in '/home/ros-industrial/robocon_ws/build/robocon2023_b_dash' returned '2': CMAKE_PREFIX_PATH=${CMAKE_PREFIX_PATH}:/opt/ros/foxy /usr/bin/cmake --build /home/ros-industrial/robocon_ws/build/robocon2023_b_dash -- -j8 -l8
