-- Found ament_cmake: 0.9.12 (/opt/ros/foxy/share/ament_cmake/cmake)
-- Using PYTHON_EXECUTABLE: /usr/bin/python3
-- Found rclcpp: 2.4.3 (/opt/ros/foxy/share/rclcpp/cmake)
-- Using all available rosidl_typesupport_c: rosidl_typesupport_fastrtps_c;rosidl_typesupport_introspection_c
-- Found rosidl_adapter: 1.3.1 (/opt/ros/foxy/share/rosidl_adapter/cmake)
-- Using all available rosidl_typesupport_cpp: rosidl_typesupport_fastrtps_cpp;rosidl_typesupport_introspection_cpp
-- Found rmw_implementation_cmake: 1.0.4 (/opt/ros/foxy/share/rmw_implementation_cmake/cmake)
-- Using RMW implementation 'rmw_fastrtps_cpp' as default
-- Found sensor_msgs: 2.0.5 (/opt/ros/foxy/share/sensor_msgs/cmake)
-- Found rclcpp_components: 2.4.3 (/opt/ros/foxy/share/rclcpp_components/cmake)
-- Found sdl2_vendor: 3.0.1 (/opt/ros/foxy/share/sdl2_vendor/cmake)
-- Found ament_lint_auto: 0.9.8 (/opt/ros/foxy/share/ament_lint_auto/cmake)
-- Added test 'copyright' to check source files copyright and LICENSE
-- Added test 'cppcheck' to perform static code analysis on C / C++ code
-- Configured cppcheck include dirs: $<BUILD_INTERFACE:/home/ros-industrial/robocon_ws/src/robocon2023_b_dash/include>
-- Configured cppcheck exclude dirs and/or files: 
-- Added test 'cpplint' to check C / C++ code against the Google style
-- Configured cpplint exclude dirs and/or files: 
-- Added test 'flake8' to check Python code syntax and style conventions
-- Added test 'lint_cmake' to check CMake code style
-- Added test 'pep257' to check Python code against some of the style conventions in PEP 257
-- Added test 'uncrustify' to check C / C++ code style
-- Configured uncrustify additional arguments: 
-- Added test 'xmllint' to check XML markup files
-- Configuring done
-- Generating done
-- Build files have been written to: /home/ros-industrial/robocon_ws/build/robocon2023_b_dash
[35m[1mScanning dependencies of target joy_enumerate_devices[0m
[  2%] [32mBuilding CXX object CMakeFiles/joy_enumerate_devices.dir/src/joy_enumerate_devices.cpp.o[0m
[  5%] [32m[1mLinking CXX executable joy_enumerate_devices[0m
[  5%] Built target joy_enumerate_devices
[ 11%] Built target Xmove_Controller
[ 17%] Built target Solenoid_Controller
[ 23%] Built target DriveMotion
[ 29%] Built target Transmitter920
[ 35%] Built target Drive_Controller
[ 41%] Built target Upper_Controller
[ 47%] Built target WallUpMotion
[ 52%] Built target Crawl_Controller
[ 58%] Built target MotionMaster
[ 64%] Built target RopeMotion
[ 70%] Built target SerialKIMD
[ 76%] Built target Receiver920
[ 82%] Built target BeltLiner_Controller
[35m[1mScanning dependencies of target joy_node[0m
[ 85%] [32mBuilding CXX object CMakeFiles/joy_node.dir/rclcpp_components/node_main_joy_node.cpp.o[0m
[ 88%] [32m[1mLinking CXX executable joy_node[0m
[ 88%] Built target joy_node
[ 94%] Built target KiwiMotion
[35m[1mScanning dependencies of target joy[0m
[ 97%] [32mBuilding CXX object CMakeFiles/joy.dir/src/joy.cpp.o[0m
[01m[K/home/ros-industrial/robocon_ws/src/robocon2023_b_dash/src/joy.cpp:14:10:[m[K [01;31m[Kfatal error: [m[Krobocon2023_b_dash_transceiver/joy.hpp: No such file or directory
   14 | #include [01;31m[K"robocon2023_b_dash_transceiver/joy.hpp"[m[K
      |          [01;31m[K^~~~~~~~~~~~~~~~~~~~~~~~~~~~~~~~~~~~~~~~[m[K
compilation terminated.
make[2]: *** [CMakeFiles/joy.dir/build.make:63: CMakeFiles/joy.dir/src/joy.cpp.o] Error 1
make[1]: *** [CMakeFiles/Makefile2:137: CMakeFiles/joy.dir/all] Error 2
make: *** [Makefile:141: all] Error 2
