[0.275s] Invoking command in '/home/roboconb/robocon_ws/build/robocon2023_b_dash': CMAKE_PREFIX_PATH=${CMAKE_PREFIX_PATH}:/home/roboconb/robocon_ws/install/fruit_detection:/opt/ros/humble /home/roboconb/.local/bin/cmake --build /home/roboconb/robocon_ws/build/robocon2023_b_dash -- -j8 -l8
[0.345s] [ 20%] Built target DriveMotion
[0.349s] [ 40%] Built target Drive_Controller
[0.351s] [ 60%] Built target Xmove_Controller
[0.351s] [ 80%] Built target SerialKIMD
[0.364s] [ 90%] [32mBuilding CXX object CMakeFiles/Upper_Controller.dir/src/Upper_Controller.cpp.o[0m
[2.625s] In file included from [01m[K/home/roboconb/robocon_ws/src/robocon2023_b_dash/src/Upper_Controller.hpp:7[m[K,
[2.625s]                  from [01m[K/home/roboconb/robocon_ws/src/robocon2023_b_dash/src/Upper_Controller.cpp:2[m[K:
[2.625s] [01m[K/home/roboconb/robocon_ws/src/robocon2023_b_dash/src/RoboconMsg/ABU2023_GenericOutput_Header.h:14:16:[m[K [01;35m[Kwarning: [m[KISO C++ prohibits anonymous structs [[01;35m[K]8;;https://gcc.gnu.org/onlinedocs/gcc/Warning-Options.html#index-Wpedantic-Wpedantic]8;;[m[K]
[2.625s]    14 |         struct [01;35m[K{[m[K
[2.625s]       |                [01;35m[K^[m[K
[2.676s] [01m[K/home/roboconb/robocon_ws/src/robocon2023_b_dash/src/Upper_Controller.cpp:[m[K In constructor â€˜[01m[KUpper_Controller_Node::Upper_Controller_Node()[m[Kâ€™:
[2.676s] [01m[K/home/roboconb/robocon_ws/src/robocon2023_b_dash/src/Upper_Controller.cpp:20:11:[m[K [01;31m[Kerror: [m[Kâ€˜[01m[Kclass Upper_Controller_Node[m[Kâ€™ has no member named â€˜[01m[KImageRecognition_Subscription[m[Kâ€™
[2.676s]    20 |    this->[01;31m[KImageRecognition_Subscription[m[K = this->create_subscription<std_msgs::msg::Int16MultiArray>(
[2.676s]       |          [01;31m[K^~~~~~~~~~~~~~~~~~~~~~~~~~~~~[m[K
[2.676s] 
[2.676s] [01m[K/home/roboconb/robocon_ws/src/robocon2023_b_dash/src/Upper_Controller.cpp:20:84:[m[K [01;31m[Kerror: [m[Kâ€˜[01m[KInt16MultiArray[m[Kâ€™ is not a member of â€˜[01m[Kstd_msgs::msg[m[Kâ€™; did you mean â€˜[01m[KByteMultiArray[m[Kâ€™?
[2.676s]    20 | gs::msg::[01;31m[KInt16MultiArray[m[K>(
[2.676s]       |          [01;31m[K^~~~~~~~~~~~~~~[m[K
[2.676s]       |          [32m[KByteMultiArray[m[K
[2.676s] [01m[K/home/roboconb/robocon_ws/src/robocon2023_b_dash/src/Upper_Controller.cpp:22:43:[m[K [01;31m[Kerror: [m[Kâ€˜[01m[KImageRecognition_Callback[m[Kâ€™ is not a member of â€˜[01m[KUpper_Controller_Node[m[Kâ€™
[2.676s]    22 | er_Node::[01;31m[KImageRecognition_Callback[m[K, this, std::placeholders::_1));
[2.676s]       |          [01;31m[K^~~~~~~~~~~~~~~~~~~~~~~~~[m[K
[2.677s] 
[2.688s] [01m[K/home/roboconb/robocon_ws/src/robocon2023_b_dash/src/Upper_Controller.cpp:[m[K At global scope:
[2.688s] [01m[K/home/roboconb/robocon_ws/src/robocon2023_b_dash/src/Upper_Controller.cpp:74:76:[m[K [01;31m[Kerror: [m[Kâ€˜[01m[KInt16MultiArray[m[Kâ€™ in namespace â€˜[01m[Kstd_msgs::msg[m[Kâ€™ does not name a type; did you mean â€˜[01m[KByteMultiArray[m[Kâ€™?
[2.688s]    74 | gs::msg::[01;31m[KInt16MultiArray[m[K::SharedPtr recognition_msg)
[2.688s]       |          [01;31m[K^~~~~~~~~~~~~~~[m[K
[2.688s]       |          [32m[KByteMultiArray[m[K
[2.688s] [01m[K/home/roboconb/robocon_ws/src/robocon2023_b_dash/src/Upper_Controller.cpp:74:103:[m[K [01;31m[Kerror: [m[Kexpected unqualified-id before â€˜[01m[Krecognition_msg[m[Kâ€™
[2.688s]    74 | haredPtr [01;31m[Krecognition_msg[m[K)
[2.688s]       |          [01;31m[K^~~~~~~~~~~~~~~[m[K
[2.688s] 
[2.688s] [01m[K/home/roboconb/robocon_ws/src/robocon2023_b_dash/src/Upper_Controller.cpp:74:102:[m[K [01;31m[Kerror: [m[Kexpected â€˜[01m[K)[m[Kâ€™ before â€˜[01m[Krecognition_msg[m[Kâ€™
[2.688s]    74 | SharedPtr[01;31m[K [m[K[32m[Krecognition_msg[m[K)
[2.688s]       |          [01;31m[K^[m[K[32m[K~~~~~~~~~~~~~~~[m[K
[2.688s]       |          [32m[K)[m[K
[2.688s] [01m[K/home/roboconb/robocon_ws/src/robocon2023_b_dash/src/Upper_Controller.cpp:74:103:[m[K [01;31m[Kerror: [m[Kexpected initializer before â€˜[01m[Krecognition_msg[m[Kâ€™
[2.688s]    74 | haredPtr [01;31m[Krecognition_msg[m[K)
[2.688s]       |          [01;31m[K^~~~~~~~~~~~~~~[m[K
[2.689s] 
[2.689s] [01m[K/home/roboconb/robocon_ws/src/robocon2023_b_dash/src/Upper_Controller.cpp:[m[K In member function â€˜[01m[Kvoid Upper_Controller_Node::timer_callback()[m[Kâ€™:
[2.689s] [01m[K/home/roboconb/robocon_ws/src/robocon2023_b_dash/src/Upper_Controller.cpp:91:43:[m[K [01;35m[Kwarning: [m[Ksuggest parentheses around comparison in operand of â€˜[01m[K&[m[Kâ€™ [[01;35m[K]8;;https://gcc.gnu.org/onlinedocs/gcc/Warning-Options.html#index-Wparentheses-Wparentheses]8;;[m[K]
[2.689s]    91 |  & [01;35m[K0b001 == 1[m[K) // left
[2.689s]       |    [01;35m[K~~~~~~^~~~[m[K
[2.689s] 
[2.689s] [01m[K/home/roboconb/robocon_ws/src/robocon2023_b_dash/src/Upper_Controller.cpp:97:49:[m[K [01;35m[Kwarning: [m[Ksuggest parentheses around comparison in operand of â€˜[01m[K&[m[Kâ€™ [[01;35m[K]8;;https://gcc.gnu.org/onlinedocs/gcc/Warning-Options.html#index-Wparentheses-Wparentheses]8;;[m[K]
[2.689s]    97 | & [01;35m[K0b0001 == 1[m[K) // right
[2.689s]       |   [01;35m[K~~~~~~~^~~~[m[K
[2.689s] 
[2.689s] [01m[K/home/roboconb/robocon_ws/src/robocon2023_b_dash/src/Upper_Controller.cpp:102:49:[m[K [01;35m[Kwarning: [m[Ksuggest parentheses around comparison in operand of â€˜[01m[K&[m[Kâ€™ [[01;35m[K]8;;https://gcc.gnu.org/onlinedocs/gcc/Warning-Options.html#index-Wparentheses-Wparentheses]8;;[m[K]
[2.689s]   102 | & [01;35m[K0b0001 == 1[m[K) // up
[2.689s]       |   [01;35m[K~~~~~~~^~~~[m[K
[2.689s] 
[2.689s] [01m[K/home/roboconb/robocon_ws/src/robocon2023_b_dash/src/Upper_Controller.cpp:107:49:[m[K [01;35m[Kwarning: [m[Ksuggest parentheses around comparison in operand of â€˜[01m[K&[m[Kâ€™ [[01;35m[K]8;;https://gcc.gnu.org/onlinedocs/gcc/Warning-Options.html#index-Wparentheses-Wparentheses]8;;[m[K]
[2.689s]   107 | & [01;35m[K0b0001 == 1[m[K) // down
[2.690s]       |   [01;35m[K~~~~~~~^~~~[m[K
[2.690s] 
[5.109s] gmake[2]: *** [CMakeFiles/Upper_Controller.dir/build.make:76: CMakeFiles/Upper_Controller.dir/src/Upper_Controller.cpp.o] ã‚¨ãƒ©ãƒ¼ 1
[5.110s] gmake[1]: *** [CMakeFiles/Makefile2:249: CMakeFiles/Upper_Controller.dir/all] ã‚¨ãƒ©ãƒ¼ 2
[5.110s] gmake: *** [Makefile:146: all] ã‚¨ãƒ©ãƒ¼ 2
[5.116s] Invoked command in '/home/roboconb/robocon_ws/build/robocon2023_b_dash' returned '2': CMAKE_PREFIX_PATH=${CMAKE_PREFIX_PATH}:/home/roboconb/robocon_ws/install/fruit_detection:/opt/ros/humble /home/roboconb/.local/bin/cmake --build /home/roboconb/robocon_ws/build/robocon2023_b_dash -- -j8 -l8
