[0.462s] Invoking command in '/home/ros-industrial/robocon_ws/build/robocon2023_b_dash': CMAKE_PREFIX_PATH=${CMAKE_PREFIX_PATH}:/opt/ros/foxy /usr/bin/cmake --build /home/ros-industrial/robocon_ws/build/robocon2023_b_dash -- -j8 -l8
[0.511s] [35m[1mScanning dependencies of target RopeMotion[0m
[0.540s] [ 10%] Built target Xmove_Controller
[0.542s] [ 15%] [32mBuilding CXX object CMakeFiles/RopeMotion.dir/src/Rope_Motion.cpp.o[0m
[0.548s] [ 25%] Built target DriveMotion
[0.548s] [ 35%] Built target SerialKIMD
[0.549s] [ 45%] Built target BeltLiner_Controller
[0.549s] [ 55%] Built target Drive_Controller
[0.552s] [ 65%] Built target Crawl_Controller
[0.552s] [ 75%] Built target Solenoid_Controller
[0.583s] [ 85%] Built target Upper_Controller
[0.589s] [ 95%] Built target WallUpMotion
[1.425s] In file included from [01m[K/home/ros-industrial/robocon_ws/src/robocon2023_b_dash/src/Rope_Motion.hpp:7[m[K,
[1.425s]                  from [01m[K/home/ros-industrial/robocon_ws/src/robocon2023_b_dash/src/Rope_Motion.cpp:2[m[K:
[1.426s] [01m[K/home/ros-industrial/robocon_ws/src/robocon2023_b_dash/src/RoboconMsg/ABU2023_GenericOutput_Header.h:19:2:[m[K [01;35m[Kwarning: [m[KISO C++ prohibits anonymous structs [[01;35m[K-Wpedantic[m[K]
[1.426s]    19 |  [01;35m[K}[m[K;
[1.426s]       |  [01;35m[K^[m[K
[1.457s] [01m[K/home/ros-industrial/robocon_ws/src/robocon2023_b_dash/src/Rope_Motion.cpp:[m[K In member function â€˜[01m[Kvoid RopeMotion_Node::InitPos_Clawl(uint8_t, uint8_t)[m[Kâ€™:
[1.457s] [01m[K/home/ros-industrial/robocon_ws/src/robocon2023_b_dash/src/Rope_Motion.cpp:189:34:[m[K [01;31m[Kerror: [m[Kâ€˜[01m[Kclass RopeMotion_Node[m[Kâ€™ has no member named â€˜[01m[KGetClawlZEROPos[m[Kâ€™; did you mean â€˜[01m[KSetClawlIncPos[m[Kâ€™?
[1.457s]   189 |     this->crawl_msg[0].M = this->[01;31m[KGetClawlZEROPos[m[K(crawl_num);
[1.457s]       |                                  [01;31m[K^~~~~~~~~~~~~~~[m[K
[1.457s]       |                                  [32m[KSetClawlIncPos[m[K
[1.457s] [01m[K/home/ros-industrial/robocon_ws/src/robocon2023_b_dash/src/Rope_Motion.cpp:[m[K In member function â€˜[01m[Kvoid RopeMotion_Node::SetClawlAbsPos(uint8_t, uint8_t, float)[m[Kâ€™:
[1.457s] [01m[K/home/ros-industrial/robocon_ws/src/robocon2023_b_dash/src/Rope_Motion.cpp:209:54:[m[K [01;31m[Kerror: [m[Kâ€˜[01m[Kclass RopeMotion_Node[m[Kâ€™ has no member named â€˜[01m[KGetClawlZEROPos[m[Kâ€™; did you mean â€˜[01m[KSetClawlIncPos[m[Kâ€™?
[1.458s]   209 |         this->crawl_msg[crawl_num].M = value + this->[01;31m[KGetClawlZEROPos[m[K(crawl_num);
[1.458s]       |                                                      [01;31m[K^~~~~~~~~~~~~~~[m[K
[1.458s]       |                                                      [32m[KSetClawlIncPos[m[K
[1.458s] [01m[K/home/ros-industrial/robocon_ws/src/robocon2023_b_dash/src/Rope_Motion.cpp:217:54:[m[K [01;31m[Kerror: [m[Kâ€˜[01m[Kclass RopeMotion_Node[m[Kâ€™ has no member named â€˜[01m[KGetClawlZEROPos[m[Kâ€™; did you mean â€˜[01m[KSetClawlIncPos[m[Kâ€™?
[1.458s]   217 |         this->crawl_msg[crawl_num].M = value + this->[01;31m[KGetClawlZEROPos[m[K(crawl_num);
[1.458s]       |                                                      [01;31m[K^~~~~~~~~~~~~~~[m[K
[1.458s]       |                                                      [32m[KSetClawlIncPos[m[K
[1.458s] [01m[K/home/ros-industrial/robocon_ws/src/robocon2023_b_dash/src/Rope_Motion.cpp:[m[K At global scope:
[1.458s] [01m[K/home/ros-industrial/robocon_ws/src/robocon2023_b_dash/src/Rope_Motion.cpp:226:7:[m[K [01;31m[Kerror: [m[Kno declaration matches â€˜[01m[Kfloat RopeMotion_Node::GetClawlZEROPos(uint8_t)[m[Kâ€™
[1.458s]   226 | float [01;31m[KRopeMotion_Node[m[K::GetClawlZEROPos(uint8_t crawl_num)
[1.458s]       |       [01;31m[K^~~~~~~~~~~~~~~[m[K
[1.458s] [01m[K/home/ros-industrial/robocon_ws/src/robocon2023_b_dash/src/Rope_Motion.cpp:226:7:[m[K [01;36m[Knote: [m[Kno functions named â€˜[01m[Kfloat RopeMotion_Node::GetClawlZEROPos(uint8_t)[m[Kâ€™
[1.458s] In file included from [01m[K/home/ros-industrial/robocon_ws/src/robocon2023_b_dash/src/Rope_Motion.cpp:2[m[K:
[1.458s] [01m[K/home/ros-industrial/robocon_ws/src/robocon2023_b_dash/src/Rope_Motion.hpp:11:7:[m[K [01;36m[Knote: [m[Kâ€˜[01m[Kclass RopeMotion_Node[m[Kâ€™ defined here
[1.458s]    11 | class [01;36m[KRopeMotion_Node[m[K : public rclcpp::Node
[1.458s]       |       [01;36m[K^~~~~~~~~~~~~~~[m[K
[2.474s] make[2]: *** [CMakeFiles/RopeMotion.dir/build.make:63: CMakeFiles/RopeMotion.dir/src/Rope_Motion.cpp.o] Error 1
[2.475s] make[1]: *** [CMakeFiles/Makefile2:312: CMakeFiles/RopeMotion.dir/all] Error 2
[2.475s] make: *** [Makefile:141: all] Error 2
[2.480s] Invoked command in '/home/ros-industrial/robocon_ws/build/robocon2023_b_dash' returned '2': CMAKE_PREFIX_PATH=${CMAKE_PREFIX_PATH}:/opt/ros/foxy /usr/bin/cmake --build /home/ros-industrial/robocon_ws/build/robocon2023_b_dash -- -j8 -l8
