-- The C compiler identification is GNU 11.4.0
-- The CXX compiler identification is GNU 11.4.0
-- Detecting C compiler ABI info
-- Detecting C compiler ABI info - done
-- Check for working C compiler: /usr/bin/cc - skipped
-- Detecting C compile features
-- Detecting C compile features - done
-- Detecting CXX compiler ABI info
-- Detecting CXX compiler ABI info - done
-- Check for working CXX compiler: /usr/bin/c++ - skipped
-- Detecting CXX compile features
-- Detecting CXX compile features - done
-- Found ament_cmake: 1.3.5 (/opt/ros/humble/share/ament_cmake/cmake)
-- Found Python3: /usr/bin/python3.10 (found version "3.10.12") found components: Interpreter 
-- Found rclcpp: 16.0.6 (/opt/ros/humble/share/rclcpp/cmake)
-- Found rosidl_generator_c: 3.1.5 (/opt/ros/humble/share/rosidl_generator_c/cmake)
-- Found rosidl_adapter: 3.1.5 (/opt/ros/humble/share/rosidl_adapter/cmake)
-- Found rosidl_generator_cpp: 3.1.5 (/opt/ros/humble/share/rosidl_generator_cpp/cmake)
-- Using all available rosidl_typesupport_c: rosidl_typesupport_fastrtps_c;rosidl_typesupport_introspection_c
-- Using all available rosidl_typesupport_cpp: rosidl_typesupport_fastrtps_cpp;rosidl_typesupport_introspection_cpp
-- Found rmw_implementation_cmake: 6.1.1 (/opt/ros/humble/share/rmw_implementation_cmake/cmake)
-- Found rmw_fastrtps_cpp: 6.2.4 (/opt/ros/humble/share/rmw_fastrtps_cpp/cmake)
-- Found OpenSSL: /usr/lib/x86_64-linux-gnu/libcrypto.so (found version "3.0.2")  
-- Found FastRTPS: /opt/ros/humble/include  
-- Using RMW implementation 'rmw_fastrtps_cpp' as default
-- Looking for pthread.h
-- Looking for pthread.h - found
-- Performing Test CMAKE_HAVE_LIBC_PTHREAD
-- Performing Test CMAKE_HAVE_LIBC_PTHREAD - Success
-- Found Threads: TRUE  
-- Found sensor_msgs: 4.2.3 (/opt/ros/humble/share/sensor_msgs/cmake)
-- Found ament_lint_auto: 0.12.8 (/opt/ros/humble/share/ament_lint_auto/cmake)
-- Added test 'copyright' to check source files copyright and LICENSE
-- Added test 'cppcheck' to perform static code analysis on C / C++ code
-- Configured cppcheck include dirs: 
-- Configured cppcheck exclude dirs and/or files: 
-- Added test 'cpplint' to check C / C++ code against the Google style
-- Configured cpplint exclude dirs and/or files: 
-- Added test 'flake8' to check Python code syntax and style conventions
-- Added test 'lint_cmake' to check CMake code style
-- Added test 'pep257' to check Python code against some of the docstring style conventions in PEP 257
-- Added test 'uncrustify' to check C / C++ code style
-- Configured uncrustify additional arguments: 
-- Added test 'xmllint' to check XML markup files
-- Configuring done
-- Generating done
-- Build files have been written to: /home/kaibuchisoma/robocon_ws/build/robocon2023_b_dash
[35m[1mConsolidate compiler generated dependencies of target Upper_Controller[0m
[35m[1mConsolidate compiler generated dependencies of target BeltLiner_Controller[0m
[35m[1mConsolidate compiler generated dependencies of target Xmove_Controller[0m
[35m[1mConsolidate compiler generated dependencies of target Crawl_Controller[0m
[35m[1mConsolidate compiler generated dependencies of target Drive_Controller[0m
[35m[1mConsolidate compiler generated dependencies of target KiwiMotion[0m
[35m[1mConsolidate compiler generated dependencies of target RopeMotion[0m
[35m[1mConsolidate compiler generated dependencies of target SerialKIMD[0m
[35m[1mConsolidate compiler generated dependencies of target MotionMaster[0m
[35m[1mConsolidate compiler generated dependencies of target DriveMotion[0m
[35m[1mConsolidate compiler generated dependencies of target WallUpMotion[0m
[35m[1mConsolidate compiler generated dependencies of target Solenoid_Controller[0m
[  3%] [32mBuilding CXX object CMakeFiles/Upper_Controller.dir/src/Upper_Controller.cpp.o[0m
[ 14%] Built target BeltLiner_Controller
[ 14%] [32mBuilding CXX object CMakeFiles/Xmove_Controller.dir/src/Xmove_Controller.cpp.o[0m
[ 21%] Built target SerialKIMD
[ 28%] Built target Drive_Controller
[ 35%] Built target Crawl_Controller
[ 42%] Built target DriveMotion
[ 57%] Built target WallUpMotion
[ 60%] Built target KiwiMotion
[ 67%] Built target RopeMotion
[ 71%] Built target Solenoid_Controller
[ 78%] Built target MotionMaster
[35m[1mConsolidate compiler generated dependencies of target Receiver920[0m
[35m[1mConsolidate compiler generated dependencies of target Transmitter920[0m
[ 85%] Built target Receiver920
[ 92%] Built target Transmitter920
In file included from [01m[K/home/kaibuchisoma/robocon_ws/src/robocon2023_b_dash/src/Upper_Controller.hpp:7[m[K,
                 from [01m[K/home/kaibuchisoma/robocon_ws/src/robocon2023_b_dash/src/Upper_Controller.cpp:2[m[K:
[01m[K/home/kaibuchisoma/robocon_ws/src/robocon2023_b_dash/src/RoboconMsg/ABU2023_GenericOutput_Header.h:14:16:[m[K [01;35m[Kwarning: [m[KISO C++ prohibits anonymous structs [[01;35m[K]8;;https://gcc.gnu.org/onlinedocs/gcc/Warning-Options.html#index-Wpedantic-Wpedantic]8;;[m[K]
   14 |         struct [01;35m[K{[m[K
      |                [01;35m[K^[m[K
In file included from [01m[K/home/kaibuchisoma/robocon_ws/src/robocon2023_b_dash/src/Xmove_Controller.hpp:8[m[K,
                 from [01m[K/home/kaibuchisoma/robocon_ws/src/robocon2023_b_dash/src/Xmove_Controller.cpp:2[m[K:
[01m[K/home/kaibuchisoma/robocon_ws/src/robocon2023_b_dash/src/RoboconMsg/ABU2023_GenericOutput_Header.h:14:16:[m[K [01;35m[Kwarning: [m[KISO C++ prohibits anonymous structs [[01;35m[K]8;;https://gcc.gnu.org/onlinedocs/gcc/Warning-Options.html#index-Wpedantic-Wpedantic]8;;[m[K]
   14 |         struct [01;35m[K{[m[K
      |                [01;35m[K^[m[K
[01m[K/home/kaibuchisoma/robocon_ws/src/robocon2023_b_dash/src/Upper_Controller.cpp:70:76:[m[K [01;31m[Kerror: [m[K‚Äò[01m[KInt16MultiArray[m[K‚Äô in namespace ‚Äò[01m[Kstd_msgs::msg[m[K‚Äô does not name a type; did you mean ‚Äò[01m[KByteMultiArray[m[K‚Äô?
   70 | void Upper_Controller_Node::ImageRecognition_Callback(const std_msgs::msg::[01;31m[KInt16MultiArray[m[K::SharedPtr recognition_msg)
      |                                                                            [01;31m[K^~~~~~~~~~~~~~~[m[K
      |                                                                            [32m[KByteMultiArray[m[K
[01m[K/home/kaibuchisoma/robocon_ws/src/robocon2023_b_dash/src/Upper_Controller.cpp:70:103:[m[K [01;31m[Kerror: [m[Kexpected unqualified-id before ‚Äò[01m[Krecognition_msg[m[K‚Äô
   70 | void Upper_Controller_Node::ImageRecognition_Callback(const std_msgs::msg::Int16MultiArray::SharedPtr [01;31m[Krecognition_msg[m[K)
      |                                                                                                       [01;31m[K^~~~~~~~~~~~~~~[m[K
[01m[K/home/kaibuchisoma/robocon_ws/src/robocon2023_b_dash/src/Upper_Controller.cpp:70:102:[m[K [01;31m[Kerror: [m[Kexpected ‚Äò[01m[K)[m[K‚Äô before ‚Äò[01m[Krecognition_msg[m[K‚Äô
   70 | void Upper_Controller_Node::ImageRecognition_Callback[34m[K([m[Kconst std_msgs::msg::Int16MultiArray::SharedPtr[01;31m[K [m[K[32m[Krecognition_msg[m[K)
      |                                                      [34m[K~[m[K                                               [01;31m[K^[m[K[32m[K~~~~~~~~~~~~~~~[m[K
      |                                                                                                      [32m[K)[m[K
[01m[K/home/kaibuchisoma/robocon_ws/src/robocon2023_b_dash/src/Upper_Controller.cpp:70:103:[m[K [01;31m[Kerror: [m[Kexpected initializer before ‚Äò[01m[Krecognition_msg[m[K‚Äô
   70 | void Upper_Controller_Node::ImageRecognition_Callback(const std_msgs::msg::Int16MultiArray::SharedPtr [01;31m[Krecognition_msg[m[K)
      |                                                                                                       [01;31m[K^~~~~~~~~~~~~~~[m[K
[01m[K/home/kaibuchisoma/robocon_ws/src/robocon2023_b_dash/src/Upper_Controller.cpp:[m[K In member function ‚Äò[01m[Kvoid Upper_Controller_Node::timer_callback()[m[K‚Äô:
[01m[K/home/kaibuchisoma/robocon_ws/src/robocon2023_b_dash/src/Upper_Controller.cpp:113:5:[m[K [01;31m[Kerror: [m[K‚Äò[01m[Kend_elevating[m[K‚Äô was not declared in this scope
  113 |     [01;31m[Kend_elevating[m[K = clock();
      |     [01;31m[K^~~~~~~~~~~~~[m[K
[01m[K/home/kaibuchisoma/robocon_ws/src/robocon2023_b_dash/src/Upper_Controller.cpp:114:34:[m[K [01;31m[Kerror: [m[K‚Äò[01m[Kstart_elevating[m[K‚Äô was not declared in this scope
  114 |     if ((double)(end_elevating - [01;31m[Kstart_elevating[m[K) / CLOCKS_PER_SEC > 0.4){ // Êö¥Ëµ∞Èò≤Ê≠¢ Â§ß‰Ωì*10„Åó„ÅüÂÄ§
      |                                  [01;31m[K^~~~~~~~~~~~~~~[m[K
[01m[K/home/kaibuchisoma/robocon_ws/src/robocon2023_b_dash/src/Xmove_Controller.cpp:[m[K In member function ‚Äò[01m[Kvoid Xmove_Controller_Node::Joy_Callback(sensor_msgs::msg::Joy_<std::allocator<void> >::SharedPtr)[m[K‚Äô:
[01m[K/home/kaibuchisoma/robocon_ws/src/robocon2023_b_dash/src/Xmove_Controller.cpp:33:15:[m[K [01;31m[Kerror: [m[K‚Äò[01m[Kclass Xmove_Controller_Node[m[K‚Äô has no member named ‚Äò[01m[Kbutton_state[m[K‚Äô
   33 |         this->[01;31m[Kbutton_state[m[K |= 0b0001 << 5;
      |               [01;31m[K^~~~~~~~~~~~[m[K
[01m[K/home/kaibuchisoma/robocon_ws/src/robocon2023_b_dash/src/Xmove_Controller.cpp:35:15:[m[K [01;31m[Kerror: [m[K‚Äò[01m[Kclass Xmove_Controller_Node[m[K‚Äô has no member named ‚Äò[01m[Kbutton_state[m[K‚Äô
   35 |         this->[01;31m[Kbutton_state[m[K &= ~(0b0001 << 5);
      |               [01;31m[K^~~~~~~~~~~~[m[K
[01m[K/home/kaibuchisoma/robocon_ws/src/robocon2023_b_dash/src/Xmove_Controller.cpp:[m[K In member function ‚Äò[01m[Kvoid Xmove_Controller_Node::ImageRecognition_Callback(std_msgs::msg::Int16MultiArray_<std::allocator<void> >::SharedPtr)[m[K‚Äô:
[01m[K/home/kaibuchisoma/robocon_ws/src/robocon2023_b_dash/src/Xmove_Controller.cpp:45:15:[m[K [01;31m[Kerror: [m[K‚Äò[01m[Kclass Xmove_Controller_Node[m[K‚Äô has no member named ‚Äò[01m[Kbutton_state[m[K‚Äô
   45 |     if (this->[01;31m[Kbutton_state[m[K >> 5 != 1)
      |               [01;31m[K^~~~~~~~~~~~[m[K
gmake[2]: *** [CMakeFiles/Upper_Controller.dir/build.make:76: CMakeFiles/Upper_Controller.dir/src/Upper_Controller.cpp.o] „Ç®„É©„Éº 1
gmake[1]: *** [CMakeFiles/Makefile2:267: CMakeFiles/Upper_Controller.dir/all] „Ç®„É©„Éº 2
gmake[1]: *** Êú™ÂÆå‰∫Ü„ÅÆ„Ç∏„Éß„Éñ„ÇíÂæÖ„Å£„Å¶„ÅÑ„Åæ„Åô....
gmake[2]: *** [CMakeFiles/Xmove_Controller.dir/build.make:76: CMakeFiles/Xmove_Controller.dir/src/Xmove_Controller.cpp.o] „Ç®„É©„Éº 1
gmake[1]: *** [CMakeFiles/Makefile2:189: CMakeFiles/Xmove_Controller.dir/all] „Ç®„É©„Éº 2
gmake: *** [Makefile:146: all] „Ç®„É©„Éº 2
