In file included from [01m[K/home/ros-industrial/robocon_ws/src/robocon2023_b_dash/src/WallUp_Motion.hpp:7[m[K,
                 from [01m[K/home/ros-industrial/robocon_ws/src/robocon2023_b_dash/src/WallUp_Motion.cpp:2[m[K:
[01m[K/home/ros-industrial/robocon_ws/src/robocon2023_b_dash/src/RoboconMsg/ABU2023_GenericOutput_Header.h:19:2:[m[K [01;35m[Kwarning: [m[KISO C++ prohibits anonymous structs [[01;35m[K-Wpedantic[m[K]
   19 |  [01;35m[K}[m[K;
      |  [01;35m[K^[m[K
In file included from [01m[K/opt/ros/foxy/include/rclcpp/service.hpp:34[m[K,
                 from [01m[K/opt/ros/foxy/include/rclcpp/callback_group.hpp:25[m[K,
                 from [01m[K/opt/ros/foxy/include/rclcpp/any_executable.hpp:20[m[K,
                 from [01m[K/opt/ros/foxy/include/rclcpp/memory_strategy.hpp:24[m[K,
                 from [01m[K/opt/ros/foxy/include/rclcpp/memory_strategies.hpp:18[m[K,
                 from [01m[K/opt/ros/foxy/include/rclcpp/executor_options.hpp:20[m[K,
                 from [01m[K/opt/ros/foxy/include/rclcpp/executor.hpp:33[m[K,
                 from [01m[K/opt/ros/foxy/include/rclcpp/executors/multi_threaded_executor.hpp:26[m[K,
                 from [01m[K/opt/ros/foxy/include/rclcpp/executors.hpp:21[m[K,
                 from [01m[K/opt/ros/foxy/include/rclcpp/rclcpp.hpp:146[m[K,
                 from [01m[K/home/ros-industrial/robocon_ws/src/robocon2023_b_dash/src/WallUp_Motion.cpp:1[m[K:
[01m[K/home/ros-industrial/robocon_ws/src/robocon2023_b_dash/src/WallUp_Motion.cpp:[m[K In member function â€˜[01m[Kvoid WallUpMotion_Node::timer_callback()[m[Kâ€™:
[01m[K/home/ros-industrial/robocon_ws/src/robocon2023_b_dash/src/WallUp_Motion.cpp:91:17:[m[K [01;31m[Kerror: [m[Kâ€˜[01m[Knode[m[Kâ€™ was not declared in this scope; did you mean â€˜[01m[KNode[m[Kâ€™?
   91 |     RCLCPP_INFO([01;31m[Knode[m[K->get_logger(), "Spined");
      |                 [01;31m[K^~~~[m[K
[01m[K/home/ros-industrial/robocon_ws/src/robocon2023_b_dash/src/WallUp_Motion.cpp:91:5:[m[K [01;31m[Kerror: [m[Ktemplate argument 1 is invalid
   91 |     [01;31m[KRCLCPP_INFO[m[K(node->get_logger(), "Spined");
      |     [01;31m[K^~~~~~~~~~~[m[K
[01m[K/home/ros-industrial/robocon_ws/src/robocon2023_b_dash/src/WallUp_Motion.cpp:91:5:[m[K [01;31m[Kerror: [m[Ktemplate argument 1 is invalid
   91 |     [01;31m[KRCLCPP_INFO[m[K(node->get_logger(), "Spined");
      |     [01;31m[K^~~~~~~~~~~[m[K
[01m[K/home/ros-industrial/robocon_ws/src/robocon2023_b_dash/src/WallUp_Motion.cpp:91:5:[m[K [01;31m[Kerror: [m[Ktemplate argument 1 is invalid
   91 |     [01;31m[KRCLCPP_INFO[m[K(node->get_logger(), "Spined");
      |     [01;31m[K^~~~~~~~~~~[m[K
make[2]: *** [CMakeFiles/WallUpMotion.dir/build.make:63: CMakeFiles/WallUpMotion.dir/src/WallUp_Motion.cpp.o] Error 1
make[1]: *** [CMakeFiles/Makefile2:250: CMakeFiles/WallUpMotion.dir/all] Error 2
make: *** [Makefile:141: all] Error 2
