[0.000000] (-) TimerEvent: {}
[0.000963] (fruit_detection) JobQueued: {'identifier': 'fruit_detection', 'dependencies': OrderedDict()}
[0.002228] (robocon2023_b_dash) JobQueued: {'identifier': 'robocon2023_b_dash', 'dependencies': OrderedDict()}
[0.002303] (ros_to_kimd) JobQueued: {'identifier': 'ros_to_kimd', 'dependencies': OrderedDict()}
[0.002347] (fruit_detection) JobStarted: {'identifier': 'fruit_detection'}
[0.019312] (robocon2023_b_dash) JobStarted: {'identifier': 'robocon2023_b_dash'}
[0.029432] (ros_to_kimd) JobStarted: {'identifier': 'ros_to_kimd'}
[0.099680] (-) TimerEvent: {}
[0.200055] (-) TimerEvent: {}
[0.300470] (-) TimerEvent: {}
[0.400789] (-) TimerEvent: {}
[0.471724] (robocon2023_b_dash) JobProgress: {'identifier': 'robocon2023_b_dash', 'progress': 'cmake'}
[0.472852] (robocon2023_b_dash) JobProgress: {'identifier': 'robocon2023_b_dash', 'progress': 'build'}
[0.474097] (robocon2023_b_dash) Command: {'cmd': ['/home/roboconb/.local/bin/cmake', '--build', '/home/roboconb/robocon_ws/build/robocon2023_b_dash', '--', '-j8', '-l8'], 'cwd': '/home/roboconb/robocon_ws/build/robocon2023_b_dash', 'env': OrderedDict([('GJS_DEBUG_TOPICS', 'JS ERROR;JS LOG'), ('LESSOPEN', '| /usr/bin/lesspipe %s'), ('LANGUAGE', 'ja:en'), ('USER', 'roboconb'), ('LC_TIME', 'ja_JP.UTF-8'), ('XDG_SESSION_TYPE', 'wayland'), ('SHLVL', '1'), ('LD_LIBRARY_PATH', '/opt/ros/humble/opt/rviz_ogre_vendor/lib:/opt/ros/humble/lib/x86_64-linux-gnu:/opt/ros/humble/lib'), ('HOME', '/home/roboconb'), ('OLDPWD', '/home/roboconb'), ('DESKTOP_SESSION', 'ubuntu'), ('GIO_LAUNCHED_DESKTOP_FILE', '/usr/share/applications/terminator.desktop'), ('ROS_PYTHON_VERSION', '3'), ('GNOME_SHELL_SESSION_MODE', 'ubuntu'), ('GTK_MODULES', 'gail:atk-bridge'), ('LC_MONETARY', 'ja_JP.UTF-8'), ('MANAGERPID', '1444'), ('SYSTEMD_EXEC_PID', '1670'), ('DBUS_SESSION_BUS_ADDRESS', 'unix:path=/run/user/1000/bus'), ('COLORTERM', 'truecolor'), ('TERMINATOR_DBUS_NAME', 'net.tenshu.Terminator25ef4b219e3b005583550f2b0f9f990c3'), ('GIO_LAUNCHED_DESKTOP_FILE_PID', '6244'), ('IM_CONFIG_PHASE', '1'), ('WAYLAND_DISPLAY', 'wayland-0'), ('COLCON_PREFIX_PATH', '/home/roboconb/robocon_ws/install'), ('ROS_DISTRO', 'humble'), ('LOGNAME', 'roboconb'), ('JOURNAL_STREAM', '8:32997'), ('_', '/usr/bin/colcon'), ('ROS_VERSION', '2'), ('XDG_SESSION_CLASS', 'user'), ('USERNAME', 'roboconb'), ('TERM', 'xterm-256color'), ('GNOME_DESKTOP_SESSION_ID', 'this-is-deprecated'), ('ROS_LOCALHOST_ONLY', '0'), ('PATH', '/opt/ros/humble/bin:/home/roboconb/.local/bin:/usr/local/sbin:/usr/local/bin:/usr/sbin:/usr/bin:/sbin:/bin:/usr/games:/usr/local/games:/snap/bin:/snap/bin'), ('SESSION_MANAGER', 'local/roboconb:@/tmp/.ICE-unix/1635,unix/roboconb:/tmp/.ICE-unix/1635'), ('INVOCATION_ID', '6bb45c944bc34bc3ac4124d3a85f43f5'), ('PAPERSIZE', 'a4'), ('XDG_MENU_PREFIX', 'gnome-'), ('LC_ADDRESS', 'ja_JP.UTF-8'), ('GNOME_SETUP_DISPLAY', ':1'), ('XDG_RUNTIME_DIR', '/run/user/1000'), ('DISPLAY', ':0'), ('TERMINATOR_DBUS_PATH', '/net/tenshu/Terminator2'), ('LANG', 'ja_JP.UTF-8'), ('XDG_CURRENT_DESKTOP', 'ubuntu:GNOME'), ('IBUS_DISABLE_SNOOPER', '1'), ('LC_TELEPHONE', 'ja_JP.UTF-8'), ('XMODIFIERS', '@im=ibus'), ('XDG_SESSION_DESKTOP', 'ubuntu'), ('XAUTHORITY', '/run/user/1000/.mutter-Xwaylandauth.Q7ETC2'), ('LS_COLORS', 'rs=0:di=01;34:ln=01;36:mh=00:pi=40;33:so=01;35:do=01;35:bd=40;33;01:cd=40;33;01:or=40;31;01:mi=00:su=37;41:sg=30;43:ca=30;41:tw=30;42:ow=34;42:st=37;44:ex=01;32:*.tar=01;31:*.tgz=01;31:*.arc=01;31:*.arj=01;31:*.taz=01;31:*.lha=01;31:*.lz4=01;31:*.lzh=01;31:*.lzma=01;31:*.tlz=01;31:*.txz=01;31:*.tzo=01;31:*.t7z=01;31:*.zip=01;31:*.z=01;31:*.dz=01;31:*.gz=01;31:*.lrz=01;31:*.lz=01;31:*.lzo=01;31:*.xz=01;31:*.zst=01;31:*.tzst=01;31:*.bz2=01;31:*.bz=01;31:*.tbz=01;31:*.tbz2=01;31:*.tz=01;31:*.deb=01;31:*.rpm=01;31:*.jar=01;31:*.war=01;31:*.ear=01;31:*.sar=01;31:*.rar=01;31:*.alz=01;31:*.ace=01;31:*.zoo=01;31:*.cpio=01;31:*.7z=01;31:*.rz=01;31:*.cab=01;31:*.wim=01;31:*.swm=01;31:*.dwm=01;31:*.esd=01;31:*.jpg=01;35:*.jpeg=01;35:*.mjpg=01;35:*.mjpeg=01;35:*.gif=01;35:*.bmp=01;35:*.pbm=01;35:*.pgm=01;35:*.ppm=01;35:*.tga=01;35:*.xbm=01;35:*.xpm=01;35:*.tif=01;35:*.tiff=01;35:*.png=01;35:*.svg=01;35:*.svgz=01;35:*.mng=01;35:*.pcx=01;35:*.mov=01;35:*.mpg=01;35:*.mpeg=01;35:*.m2v=01;35:*.mkv=01;35:*.webm=01;35:*.webp=01;35:*.ogm=01;35:*.mp4=01;35:*.m4v=01;35:*.mp4v=01;35:*.vob=01;35:*.qt=01;35:*.nuv=01;35:*.wmv=01;35:*.asf=01;35:*.rm=01;35:*.rmvb=01;35:*.flc=01;35:*.avi=01;35:*.fli=01;35:*.flv=01;35:*.gl=01;35:*.dl=01;35:*.xcf=01;35:*.xwd=01;35:*.yuv=01;35:*.cgm=01;35:*.emf=01;35:*.ogv=01;35:*.ogx=01;35:*.aac=00;36:*.au=00;36:*.flac=00;36:*.m4a=00;36:*.mid=00;36:*.midi=00;36:*.mka=00;36:*.mp3=00;36:*.mpc=00;36:*.ogg=00;36:*.ra=00;36:*.wav=00;36:*.oga=00;36:*.opus=00;36:*.spx=00;36:*.xspf=00;36:'), ('SSH_AGENT_LAUNCHER', 'gnome-keyring'), ('SSH_AUTH_SOCK', '/run/user/1000/keyring/ssh'), ('AMENT_PREFIX_PATH', '/home/roboconb/robocon_ws/install/ros_to_kimd:/home/roboconb/robocon_ws/install/robocon2023_b_dash:/home/roboconb/robocon_ws/install/fruit_detection:/opt/ros/humble'), ('SHELL', '/bin/bash'), ('LC_NAME', 'ja_JP.UTF-8'), ('TERMINATOR_UUID', 'urn:uuid:e2e07f94-c39f-422a-aae0-1afbe491b8b4'), ('QT_ACCESSIBILITY', '1'), ('GDMSESSION', 'ubuntu'), ('LESSCLOSE', '/usr/bin/lesspipe %s %s'), ('LC_MEASUREMENT', 'ja_JP.UTF-8'), ('GJS_DEBUG_OUTPUT', 'stderr'), ('LC_IDENTIFICATION', 'ja_JP.UTF-8'), ('QT_IM_MODULE', 'ibus'), ('PWD', '/home/roboconb/robocon_ws/build/robocon2023_b_dash'), ('LC_ALL', 'en_US.UTF-8'), ('XDG_CONFIG_DIRS', '/etc/xdg/xdg-ubuntu:/etc/xdg'), ('XDG_DATA_DIRS', '/usr/share/ubuntu:/usr/local/share/:/usr/share/:/var/lib/snapd/desktop'), ('PYTHONPATH', '/home/roboconb/robocon_ws/install/fruit_detection/lib/python3.10/site-packages:/opt/ros/humble/lib/python3.10/site-packages:/opt/ros/humble/local/lib/python3.10/dist-packages'), ('LC_NUMERIC', 'ja_JP.UTF-8'), ('LC_PAPER', 'ja_JP.UTF-8'), ('COLCON', '1'), ('VTE_VERSION', '6800'), ('CMAKE_PREFIX_PATH', '/home/roboconb/robocon_ws/install/ros_to_kimd:/home/roboconb/robocon_ws/install/robocon2023_b_dash:/home/roboconb/robocon_ws/install/fruit_detection:/opt/ros/humble')]), 'shell': False}
[0.482112] (ros_to_kimd) JobProgress: {'identifier': 'ros_to_kimd', 'progress': 'cmake'}
[0.483916] (ros_to_kimd) JobProgress: {'identifier': 'ros_to_kimd', 'progress': 'build'}
[0.484842] (ros_to_kimd) Command: {'cmd': ['/home/roboconb/.local/bin/cmake', '--build', '/home/roboconb/robocon_ws/build/ros_to_kimd', '--', '-j8', '-l8'], 'cwd': '/home/roboconb/robocon_ws/build/ros_to_kimd', 'env': OrderedDict([('GJS_DEBUG_TOPICS', 'JS ERROR;JS LOG'), ('LESSOPEN', '| /usr/bin/lesspipe %s'), ('LANGUAGE', 'ja:en'), ('USER', 'roboconb'), ('LC_TIME', 'ja_JP.UTF-8'), ('XDG_SESSION_TYPE', 'wayland'), ('SHLVL', '1'), ('LD_LIBRARY_PATH', '/opt/ros/humble/opt/rviz_ogre_vendor/lib:/opt/ros/humble/lib/x86_64-linux-gnu:/opt/ros/humble/lib'), ('HOME', '/home/roboconb'), ('OLDPWD', '/home/roboconb'), ('DESKTOP_SESSION', 'ubuntu'), ('GIO_LAUNCHED_DESKTOP_FILE', '/usr/share/applications/terminator.desktop'), ('ROS_PYTHON_VERSION', '3'), ('GNOME_SHELL_SESSION_MODE', 'ubuntu'), ('GTK_MODULES', 'gail:atk-bridge'), ('LC_MONETARY', 'ja_JP.UTF-8'), ('MANAGERPID', '1444'), ('SYSTEMD_EXEC_PID', '1670'), ('DBUS_SESSION_BUS_ADDRESS', 'unix:path=/run/user/1000/bus'), ('COLORTERM', 'truecolor'), ('TERMINATOR_DBUS_NAME', 'net.tenshu.Terminator25ef4b219e3b005583550f2b0f9f990c3'), ('GIO_LAUNCHED_DESKTOP_FILE_PID', '6244'), ('IM_CONFIG_PHASE', '1'), ('WAYLAND_DISPLAY', 'wayland-0'), ('COLCON_PREFIX_PATH', '/home/roboconb/robocon_ws/install'), ('ROS_DISTRO', 'humble'), ('LOGNAME', 'roboconb'), ('JOURNAL_STREAM', '8:32997'), ('_', '/usr/bin/colcon'), ('ROS_VERSION', '2'), ('XDG_SESSION_CLASS', 'user'), ('USERNAME', 'roboconb'), ('TERM', 'xterm-256color'), ('GNOME_DESKTOP_SESSION_ID', 'this-is-deprecated'), ('ROS_LOCALHOST_ONLY', '0'), ('PATH', '/opt/ros/humble/bin:/home/roboconb/.local/bin:/usr/local/sbin:/usr/local/bin:/usr/sbin:/usr/bin:/sbin:/bin:/usr/games:/usr/local/games:/snap/bin:/snap/bin'), ('SESSION_MANAGER', 'local/roboconb:@/tmp/.ICE-unix/1635,unix/roboconb:/tmp/.ICE-unix/1635'), ('INVOCATION_ID', '6bb45c944bc34bc3ac4124d3a85f43f5'), ('PAPERSIZE', 'a4'), ('XDG_MENU_PREFIX', 'gnome-'), ('LC_ADDRESS', 'ja_JP.UTF-8'), ('GNOME_SETUP_DISPLAY', ':1'), ('XDG_RUNTIME_DIR', '/run/user/1000'), ('DISPLAY', ':0'), ('TERMINATOR_DBUS_PATH', '/net/tenshu/Terminator2'), ('LANG', 'ja_JP.UTF-8'), ('XDG_CURRENT_DESKTOP', 'ubuntu:GNOME'), ('IBUS_DISABLE_SNOOPER', '1'), ('LC_TELEPHONE', 'ja_JP.UTF-8'), ('XMODIFIERS', '@im=ibus'), ('XDG_SESSION_DESKTOP', 'ubuntu'), ('XAUTHORITY', '/run/user/1000/.mutter-Xwaylandauth.Q7ETC2'), ('LS_COLORS', 'rs=0:di=01;34:ln=01;36:mh=00:pi=40;33:so=01;35:do=01;35:bd=40;33;01:cd=40;33;01:or=40;31;01:mi=00:su=37;41:sg=30;43:ca=30;41:tw=30;42:ow=34;42:st=37;44:ex=01;32:*.tar=01;31:*.tgz=01;31:*.arc=01;31:*.arj=01;31:*.taz=01;31:*.lha=01;31:*.lz4=01;31:*.lzh=01;31:*.lzma=01;31:*.tlz=01;31:*.txz=01;31:*.tzo=01;31:*.t7z=01;31:*.zip=01;31:*.z=01;31:*.dz=01;31:*.gz=01;31:*.lrz=01;31:*.lz=01;31:*.lzo=01;31:*.xz=01;31:*.zst=01;31:*.tzst=01;31:*.bz2=01;31:*.bz=01;31:*.tbz=01;31:*.tbz2=01;31:*.tz=01;31:*.deb=01;31:*.rpm=01;31:*.jar=01;31:*.war=01;31:*.ear=01;31:*.sar=01;31:*.rar=01;31:*.alz=01;31:*.ace=01;31:*.zoo=01;31:*.cpio=01;31:*.7z=01;31:*.rz=01;31:*.cab=01;31:*.wim=01;31:*.swm=01;31:*.dwm=01;31:*.esd=01;31:*.jpg=01;35:*.jpeg=01;35:*.mjpg=01;35:*.mjpeg=01;35:*.gif=01;35:*.bmp=01;35:*.pbm=01;35:*.pgm=01;35:*.ppm=01;35:*.tga=01;35:*.xbm=01;35:*.xpm=01;35:*.tif=01;35:*.tiff=01;35:*.png=01;35:*.svg=01;35:*.svgz=01;35:*.mng=01;35:*.pcx=01;35:*.mov=01;35:*.mpg=01;35:*.mpeg=01;35:*.m2v=01;35:*.mkv=01;35:*.webm=01;35:*.webp=01;35:*.ogm=01;35:*.mp4=01;35:*.m4v=01;35:*.mp4v=01;35:*.vob=01;35:*.qt=01;35:*.nuv=01;35:*.wmv=01;35:*.asf=01;35:*.rm=01;35:*.rmvb=01;35:*.flc=01;35:*.avi=01;35:*.fli=01;35:*.flv=01;35:*.gl=01;35:*.dl=01;35:*.xcf=01;35:*.xwd=01;35:*.yuv=01;35:*.cgm=01;35:*.emf=01;35:*.ogv=01;35:*.ogx=01;35:*.aac=00;36:*.au=00;36:*.flac=00;36:*.m4a=00;36:*.mid=00;36:*.midi=00;36:*.mka=00;36:*.mp3=00;36:*.mpc=00;36:*.ogg=00;36:*.ra=00;36:*.wav=00;36:*.oga=00;36:*.opus=00;36:*.spx=00;36:*.xspf=00;36:'), ('SSH_AGENT_LAUNCHER', 'gnome-keyring'), ('SSH_AUTH_SOCK', '/run/user/1000/keyring/ssh'), ('AMENT_PREFIX_PATH', '/home/roboconb/robocon_ws/install/ros_to_kimd:/home/roboconb/robocon_ws/install/robocon2023_b_dash:/home/roboconb/robocon_ws/install/fruit_detection:/opt/ros/humble'), ('SHELL', '/bin/bash'), ('LC_NAME', 'ja_JP.UTF-8'), ('TERMINATOR_UUID', 'urn:uuid:e2e07f94-c39f-422a-aae0-1afbe491b8b4'), ('QT_ACCESSIBILITY', '1'), ('GDMSESSION', 'ubuntu'), ('LESSCLOSE', '/usr/bin/lesspipe %s %s'), ('LC_MEASUREMENT', 'ja_JP.UTF-8'), ('GJS_DEBUG_OUTPUT', 'stderr'), ('LC_IDENTIFICATION', 'ja_JP.UTF-8'), ('QT_IM_MODULE', 'ibus'), ('PWD', '/home/roboconb/robocon_ws/build/ros_to_kimd'), ('LC_ALL', 'en_US.UTF-8'), ('XDG_CONFIG_DIRS', '/etc/xdg/xdg-ubuntu:/etc/xdg'), ('XDG_DATA_DIRS', '/usr/share/ubuntu:/usr/local/share/:/usr/share/:/var/lib/snapd/desktop'), ('PYTHONPATH', '/home/roboconb/robocon_ws/install/fruit_detection/lib/python3.10/site-packages:/opt/ros/humble/lib/python3.10/site-packages:/opt/ros/humble/local/lib/python3.10/dist-packages'), ('LC_NUMERIC', 'ja_JP.UTF-8'), ('LC_PAPER', 'ja_JP.UTF-8'), ('COLCON', '1'), ('VTE_VERSION', '6800'), ('CMAKE_PREFIX_PATH', '/home/roboconb/robocon_ws/install/ros_to_kimd:/home/roboconb/robocon_ws/install/robocon2023_b_dash:/home/roboconb/robocon_ws/install/fruit_detection:/opt/ros/humble')]), 'shell': False}
[0.500907] (-) TimerEvent: {}
[0.585575] (robocon2023_b_dash) StdoutLine: {'line': b'[ 20%] Built target SerialKIMD\n'}
[0.595871] (robocon2023_b_dash) StdoutLine: {'line': b'[ 40%] Built target Xmove_Controller\n'}
[0.600969] (-) TimerEvent: {}
[0.601228] (robocon2023_b_dash) StdoutLine: {'line': b'[ 60%] Built target Upper_Controller\n'}
[0.601439] (robocon2023_b_dash) StdoutLine: {'line': b'[ 80%] Built target Drive_Controller\n'}
[0.602561] (robocon2023_b_dash) StdoutLine: {'line': b'[100%] Built target DriveMotion\n'}
[0.616823] (ros_to_kimd) StdoutLine: {'line': b'[ 50%] Built target joysubtest\n'}
[0.621965] (robocon2023_b_dash) CommandEnded: {'returncode': 0}
[0.624481] (ros_to_kimd) StdoutLine: {'line': b'[100%] Built target ControlKimd\n'}
[0.642793] (ros_to_kimd) CommandEnded: {'returncode': 0}
[0.701065] (-) TimerEvent: {}
[0.711610] (ros_to_kimd) StderrLine: {'line': b'Traceback (most recent call last):\n  File "/usr/lib/python3/dist-packages/colcon_parallel_executor/executor/parallel.py", line 67, in execute\n    loop.run_until_complete(future)\n  File "/usr/lib/python3.10/asyncio/base_events.py", line 636, in run_until_complete\n    self.run_forever()\n  File "/usr/lib/python3.10/asyncio/base_events.py", line 603, in run_forever\n    self._run_once()\n  File "/usr/lib/python3.10/asyncio/base_events.py", line 1871, in _run_once\n    event_list = self._selector.select(timeout)\n  File "/usr/lib/python3.10/selectors.py", line 469, in select\n    fd_event_list = self._selector.poll(timeout, max_ev)\nKeyboardInterrupt\n\nDuring handling of the above exception, another exception occurred:\n\nTraceback (most recent call last):\n  File "/usr/lib/python3/dist-packages/colcon_core/executor/__init__.py", line 91, in __call__\n    rc = await self.task(*args, **kwargs)\n  File "/usr/lib/python3/dist-packages/colcon_core/task/__init__.py", line 93, in __call__\n    return await task_method(*args, **kwargs)\n  File "/usr/lib/python3/dist-packages/colcon_ros/task/ament_cmake/build.py", line 59, in build\n    rc = await extension.build(\n  File "/usr/lib/python3/dist-packages/colcon_cmake/task/cmake/build.py", line 110, in build\n    if await has_target(args.build_base, \'install\'):\n  File "/usr/lib/python3/dist-packages/colcon_cmake/task/cmake/__init__.py", line 57, in has_target\n    return target in await get_makefile_targets(path)\n  File "/usr/lib/python3/dist-packages/colcon_cmake/task/cmake/__init__.py", line 77, in get_makefile_targets\n    output = await check_output([\n  File "/usr/lib/python3/dist-packages/colcon_core/subprocess.py", line 128, in check_output\n    assert not rc, f\'Expected {args} to pass: {stderr_data}\'\nAssertionError: Expected [\'/home/roboconb/.local/bin/cmake\', \'--build\', \'/home/roboconb/robocon_ws/build/ros_to_kimd\', \'--target\', \'help\'] to pass: Traceback (most recent call last):\n  File "/home/roboconb/.local/bin/cmake", line 5, in <module>\n    from cmake import cmake\n  File "/home/roboconb/.local/lib/python3.10/site-packages/cmake/__init__.py", line 3, in <module>\n    import subprocess\n  File "/usr/lib/python3.10/subprocess.py", line 48, in <module>\n    import signal\n  File "/usr/lib/python3.10/signal.py", line 19, in <module>\n    _IntEnum._convert_(\n  File "/usr/lib/python3.10/enum.py", line 563, in _convert_\n    cls = cls(name, members, module=module)\n  File "/usr/lib/python3.10/enum.py", line 387, in __call__\n    return cls._create_(\n  File "/usr/lib/python3.10/enum.py", line 518, in _create_\n    enum_class = metacls.__new__(metacls, class_name, bases, classdict)\n  File "/usr/lib/python3.10/enum.py", line 198, in __new__\n    enum_members = {k: classdict[k] for k in classdict._member_names}\n  File "/usr/lib/python3.10/enum.py", line 198, in <dictcomp>\n    enum_members = {k: classdict[k] for k in classdict._member_names}\nKeyboardInterrupt\n\n'}
[0.712049] (ros_to_kimd) JobEnded: {'identifier': 'ros_to_kimd', 'rc': 'SIGINT'}
[0.713200] (robocon2023_b_dash) JobEnded: {'identifier': 'robocon2023_b_dash', 'rc': 'SIGINT'}
[0.729322] (fruit_detection) JobEnded: {'identifier': 'fruit_detection', 'rc': 'SIGINT'}
[0.730655] (-) EventReactorShutdown: {}
