[0.282s] Invoking command in '/home/roboconb/robocon_ws/build/robocon2023_b_dash': CMAKE_PREFIX_PATH=${CMAKE_PREFIX_PATH}:/home/roboconb/robocon_ws/install/fruit_detection:/opt/ros/humble /home/roboconb/.local/bin/cmake --build /home/roboconb/robocon_ws/build/robocon2023_b_dash -- -j8 -l8
[0.356s] [ 20%] Built target Xmove_Controller
[0.360s] [ 60%] Built target SerialKIMD
[0.361s] [ 60%] Built target Drive_Controller
[0.365s] [ 80%] Built target DriveMotion
[0.368s] [ 90%] [32mBuilding CXX object CMakeFiles/Upper_Controller.dir/src/Upper_Controller.cpp.o[0m
[2.660s] In file included from [01m[K/home/roboconb/robocon_ws/src/robocon2023_b_dash/src/Upper_Controller.hpp:8[m[K,
[2.660s]                  from [01m[K/home/roboconb/robocon_ws/src/robocon2023_b_dash/src/Upper_Controller.cpp:2[m[K:
[2.661s] [01m[K/home/roboconb/robocon_ws/src/robocon2023_b_dash/src/RoboconMsg/ABU2023_GenericOutput_Header.h:14:16:[m[K [01;35m[Kwarning: [m[KISO C++ prohibits anonymous structs [[01;35m[K]8;;https://gcc.gnu.org/onlinedocs/gcc/Warning-Options.html#index-Wpedantic-Wpedantic]8;;[m[K]
[2.661s]    14 |         struct [01;35m[K{[m[K
[2.661s]       |                [01;35m[K^[m[K
[2.755s] [01m[K/home/roboconb/robocon_ws/src/robocon2023_b_dash/src/Upper_Controller.cpp:[m[K In member function â€˜[01m[Kvoid Upper_Controller_Node::Joy_Callback(sensor_msgs::msg::Joy_<std::allocator<void> >::SharedPtr)[m[Kâ€™:
[2.755s] [01m[K/home/roboconb/robocon_ws/src/robocon2023_b_dash/src/Upper_Controller.cpp:40:11:[m[K [01;31m[Kerror: [m[Kâ€˜[01m[Kclass Upper_Controller_Node[m[Kâ€™ has no member named â€˜[01m[Kl2[m[Kâ€™
[2.755s]    40 |     this->[01;31m[Kl2[m[K = joy_msg->buttons[6] // l2
[2.756s]       |           [01;31m[K^~[m[K
[2.756s] [01m[K/home/roboconb/robocon_ws/src/robocon2023_b_dash/src/Upper_Controller.cpp:46:5:[m[K [01;31m[Kerror: [m[Kâ€˜[01m[Kelse[m[Kâ€™ without a previous â€˜[01m[Kif[m[Kâ€™
[2.756s]    46 |     [01;31m[Kelse[m[K
[2.756s]       |     [01;31m[K^~~~[m[K
[2.762s] [01m[K/home/roboconb/robocon_ws/src/robocon2023_b_dash/src/Upper_Controller.cpp:[m[K In member function â€˜[01m[Kvoid Upper_Controller_Node::ImageRecognition_Callback(std_msgs::msg::Int16MultiArray_<std::allocator<void> >::SharedPtr)[m[Kâ€™:
[2.762s] [01m[K/home/roboconb/robocon_ws/src/robocon2023_b_dash/src/Upper_Controller.cpp:86:9:[m[K [01;31m[Kerror: [m[Kâ€˜[01m[KSleep[m[Kâ€™ was not declared in this scope; did you mean â€˜[01m[Ksleep[m[Kâ€™?
[2.762s]    86 |         [01;31m[KSleep[m[K(2000)
[2.762s]       |         [01;31m[K^~~~~[m[K
[2.762s]       |         [32m[Ksleep[m[K
[2.765s] [01m[K/home/roboconb/robocon_ws/src/robocon2023_b_dash/src/Upper_Controller.cpp:92:9:[m[K [01;31m[Kerror: [m[Kâ€˜[01m[KSleep[m[Kâ€™ was not declared in this scope; did you mean â€˜[01m[Ksleep[m[Kâ€™?
[2.765s]    92 |         [01;31m[KSleep[m[K(2000)
[2.765s]       |         [01;31m[K^~~~~[m[K
[2.766s]       |         [32m[Ksleep[m[K
[2.769s] [01m[K/home/roboconb/robocon_ws/src/robocon2023_b_dash/src/Upper_Controller.cpp:98:9:[m[K [01;31m[Kerror: [m[Kâ€˜[01m[KSleep[m[Kâ€™ was not declared in this scope; did you mean â€˜[01m[Ksleep[m[Kâ€™?
[2.769s]    98 |         [01;31m[KSleep[m[K(2000)
[2.769s]       |         [01;31m[K^~~~~[m[K
[2.769s]       |         [32m[Ksleep[m[K
[2.769s] [01m[K/home/roboconb/robocon_ws/src/robocon2023_b_dash/src/Upper_Controller.cpp:[m[K In member function â€˜[01m[Kvoid Upper_Controller_Node::timer_callback()[m[Kâ€™:
[2.769s] [01m[K/home/roboconb/robocon_ws/src/robocon2023_b_dash/src/Upper_Controller.cpp:113:43:[m[K [01;35m[Kwarning: [m[Ksuggest parentheses around comparison in operand of â€˜[01m[K&[m[Kâ€™ [[01;35m[K]8;;https://gcc.gnu.org/onlinedocs/gcc/Warning-Options.html#index-Wparentheses-Wparentheses]8;;[m[K]
[2.770s]   113 |     if ((this->button_state >> 0) & [01;35m[K0b001 == 1[m[K) // left
[2.770s]       |                                     [01;35m[K~~~~~~^~~~[m[K
[2.770s] [01m[K/home/roboconb/robocon_ws/src/robocon2023_b_dash/src/Upper_Controller.cpp:119:49:[m[K [01;35m[Kwarning: [m[Ksuggest parentheses around comparison in operand of â€˜[01m[K&[m[Kâ€™ [[01;35m[K]8;;https://gcc.gnu.org/onlinedocs/gcc/Warning-Options.html#index-Wparentheses-Wparentheses]8;;[m[K]
[2.770s]   119 |     else if ((this->button_state >> 1) & [01;35m[K0b0001 == 1[m[K) // right
[2.770s]       |                                          [01;35m[K~~~~~~~^~~~[m[K
[2.770s] [01m[K/home/roboconb/robocon_ws/src/robocon2023_b_dash/src/Upper_Controller.cpp:124:49:[m[K [01;35m[Kwarning: [m[Ksuggest parentheses around comparison in operand of â€˜[01m[K&[m[Kâ€™ [[01;35m[K]8;;https://gcc.gnu.org/onlinedocs/gcc/Warning-Options.html#index-Wparentheses-Wparentheses]8;;[m[K]
[2.770s]   124 |     else if ((this->button_state >> 2) & [01;35m[K0b0001 == 1[m[K) // up
[2.770s]       |                                          [01;35m[K~~~~~~~^~~~[m[K
[2.770s] [01m[K/home/roboconb/robocon_ws/src/robocon2023_b_dash/src/Upper_Controller.cpp:129:49:[m[K [01;35m[Kwarning: [m[Ksuggest parentheses around comparison in operand of â€˜[01m[K&[m[Kâ€™ [[01;35m[K]8;;https://gcc.gnu.org/onlinedocs/gcc/Warning-Options.html#index-Wparentheses-Wparentheses]8;;[m[K]
[2.771s]   129 |     else if ((this->button_state >> 3) & [01;35m[K0b0001 == 1[m[K) // down
[2.771s]       |                                          [01;35m[K~~~~~~~^~~~[m[K
[5.925s] gmake[2]: *** [CMakeFiles/Upper_Controller.dir/build.make:76: CMakeFiles/Upper_Controller.dir/src/Upper_Controller.cpp.o] ã‚¨ãƒ©ãƒ¼ 1
[5.925s] gmake[1]: *** [CMakeFiles/Makefile2:249: CMakeFiles/Upper_Controller.dir/all] ã‚¨ãƒ©ãƒ¼ 2
[5.926s] gmake: *** [Makefile:146: all] ã‚¨ãƒ©ãƒ¼ 2
[5.931s] Invoked command in '/home/roboconb/robocon_ws/build/robocon2023_b_dash' returned '2': CMAKE_PREFIX_PATH=${CMAKE_PREFIX_PATH}:/home/roboconb/robocon_ws/install/fruit_detection:/opt/ros/humble /home/roboconb/.local/bin/cmake --build /home/roboconb/robocon_ws/build/robocon2023_b_dash -- -j8 -l8
