[0.635s] Invoking command in '/home/kaibuchisoma/robocon_ws/build/robocon2023_b_dash': CMAKE_PREFIX_PATH=${CMAKE_PREFIX_PATH}:/home/kaibuchisoma/robocon_ws/install/fruit_detection:/opt/ros/humble /usr/bin/cmake /home/kaibuchisoma/robocon_ws/src/robocon2023_b_dash -DCMAKE_INSTALL_PREFIX=/home/kaibuchisoma/robocon_ws/install/robocon2023_b_dash
[0.698s] -- The C compiler identification is GNU 11.4.0
[0.779s] -- The CXX compiler identification is GNU 11.4.0
[0.793s] -- Detecting C compiler ABI info
[0.913s] -- Detecting C compiler ABI info - done
[0.925s] -- Check for working C compiler: /usr/bin/cc - skipped
[0.926s] -- Detecting C compile features
[0.926s] -- Detecting C compile features - done
[0.931s] -- Detecting CXX compiler ABI info
[1.086s] -- Detecting CXX compiler ABI info - done
[1.099s] -- Check for working CXX compiler: /usr/bin/c++ - skipped
[1.099s] -- Detecting CXX compile features
[1.099s] -- Detecting CXX compile features - done
[1.104s] -- Found ament_cmake: 1.3.5 (/opt/ros/humble/share/ament_cmake/cmake)
[1.429s] -- Found Python3: /usr/bin/python3.10 (found version "3.10.12") found components: Interpreter 
[1.601s] -- Found rclcpp: 16.0.6 (/opt/ros/humble/share/rclcpp/cmake)
[1.677s] -- Found rosidl_generator_c: 3.1.5 (/opt/ros/humble/share/rosidl_generator_c/cmake)
[1.685s] -- Found rosidl_adapter: 3.1.5 (/opt/ros/humble/share/rosidl_adapter/cmake)
[1.698s] -- Found rosidl_generator_cpp: 3.1.5 (/opt/ros/humble/share/rosidl_generator_cpp/cmake)
[1.716s] -- Using all available rosidl_typesupport_c: rosidl_typesupport_fastrtps_c;rosidl_typesupport_introspection_c
[1.741s] -- Using all available rosidl_typesupport_cpp: rosidl_typesupport_fastrtps_cpp;rosidl_typesupport_introspection_cpp
[1.828s] -- Found rmw_implementation_cmake: 6.1.1 (/opt/ros/humble/share/rmw_implementation_cmake/cmake)
[1.832s] -- Found rmw_fastrtps_cpp: 6.2.4 (/opt/ros/humble/share/rmw_fastrtps_cpp/cmake)
[1.967s] -- Found OpenSSL: /usr/lib/x86_64-linux-gnu/libcrypto.so (found version "3.0.2")  
[2.002s] -- Found FastRTPS: /opt/ros/humble/include  
[2.067s] -- Using RMW implementation 'rmw_fastrtps_cpp' as default
[2.086s] -- Looking for pthread.h
[2.201s] -- Looking for pthread.h - found
[2.202s] -- Performing Test CMAKE_HAVE_LIBC_PTHREAD
[2.331s] -- Performing Test CMAKE_HAVE_LIBC_PTHREAD - Success
[2.333s] -- Found Threads: TRUE  
[2.530s] -- Found sensor_msgs: 4.2.3 (/opt/ros/humble/share/sensor_msgs/cmake)
[2.712s] -- Found ament_lint_auto: 0.12.8 (/opt/ros/humble/share/ament_lint_auto/cmake)
[2.819s] -- Added test 'copyright' to check source files copyright and LICENSE
[2.854s] -- Added test 'cppcheck' to perform static code analysis on C / C++ code
[2.855s] -- Configured cppcheck include dirs: 
[2.855s] -- Configured cppcheck exclude dirs and/or files: 
[2.888s] -- Added test 'cpplint' to check C / C++ code against the Google style
[2.889s] -- Configured cpplint exclude dirs and/or files: 
[2.892s] -- Added test 'flake8' to check Python code syntax and style conventions
[2.900s] -- Added test 'lint_cmake' to check CMake code style
[2.905s] -- Added test 'pep257' to check Python code against some of the docstring style conventions in PEP 257
[2.955s] -- Added test 'uncrustify' to check C / C++ code style
[2.955s] -- Configured uncrustify additional arguments: 
[2.961s] -- Added test 'xmllint' to check XML markup files
[2.966s] -- Configuring done
[3.053s] -- Generating done
[3.059s] -- Build files have been written to: /home/kaibuchisoma/robocon_ws/build/robocon2023_b_dash
[3.136s] Invoked command in '/home/kaibuchisoma/robocon_ws/build/robocon2023_b_dash' returned '0': CMAKE_PREFIX_PATH=${CMAKE_PREFIX_PATH}:/home/kaibuchisoma/robocon_ws/install/fruit_detection:/opt/ros/humble /usr/bin/cmake /home/kaibuchisoma/robocon_ws/src/robocon2023_b_dash -DCMAKE_INSTALL_PREFIX=/home/kaibuchisoma/robocon_ws/install/robocon2023_b_dash
[3.139s] Invoking command in '/home/kaibuchisoma/robocon_ws/build/robocon2023_b_dash': CMAKE_PREFIX_PATH=${CMAKE_PREFIX_PATH}:/home/kaibuchisoma/robocon_ws/install/fruit_detection:/opt/ros/humble /usr/bin/cmake --build /home/kaibuchisoma/robocon_ws/build/robocon2023_b_dash -- -j12 -l12
[3.207s] [35m[1mConsolidate compiler generated dependencies of target Xmove_Controller[0m
[3.207s] [35m[1mConsolidate compiler generated dependencies of target Crawl_Controller[0m
[3.207s] [35m[1mConsolidate compiler generated dependencies of target DriveMotion[0m
[3.208s] [35m[1mConsolidate compiler generated dependencies of target Drive_Controller[0m
[3.208s] [35m[1mConsolidate compiler generated dependencies of target Upper_Controller[0m
[3.208s] [35m[1mConsolidate compiler generated dependencies of target SerialKIMD[0m
[3.208s] [35m[1mConsolidate compiler generated dependencies of target Solenoid_Controller[0m
[3.208s] [35m[1mConsolidate compiler generated dependencies of target WallUpMotion[0m
[3.208s] [35m[1mConsolidate compiler generated dependencies of target RopeMotion[0m
[3.208s] [35m[1mConsolidate compiler generated dependencies of target BeltLiner_Controller[0m
[3.224s] [35m[1mConsolidate compiler generated dependencies of target MotionMaster[0m
[3.255s] [35m[1mConsolidate compiler generated dependencies of target KiwiMotion[0m
[3.255s] [  7%] Built target SerialKIMD
[3.256s] [ 14%] Built target DriveMotion
[3.256s] [ 21%] Built target Xmove_Controller
[3.256s] [ 28%] Built target Drive_Controller
[3.257s] [ 32%] [32mBuilding CXX object CMakeFiles/Upper_Controller.dir/src/Upper_Controller.cpp.o[0m
[3.257s] [ 42%] Built target Crawl_Controller
[3.258s] [ 46%] Built target WallUpMotion
[3.258s] [ 53%] Built target RopeMotion
[3.258s] [ 60%] Built target Solenoid_Controller
[3.259s] [ 67%] Built target BeltLiner_Controller
[3.260s] [35m[1mConsolidate compiler generated dependencies of target Transmitter920[0m
[3.260s] [35m[1mConsolidate compiler generated dependencies of target Receiver920[0m
[3.266s] [ 82%] Built target MotionMaster
[3.266s] [ 82%] Built target KiwiMotion
[3.290s] [ 96%] Built target Receiver920
[3.292s] [ 96%] Built target Transmitter920
[5.625s] In file included from [01m[K/home/kaibuchisoma/robocon_ws/src/robocon2023_b_dash/src/Upper_Controller.hpp:8[m[K,
[5.625s]                  from [01m[K/home/kaibuchisoma/robocon_ws/src/robocon2023_b_dash/src/Upper_Controller.cpp:2[m[K:
[5.625s] [01m[K/home/kaibuchisoma/robocon_ws/src/robocon2023_b_dash/src/RoboconMsg/ABU2023_GenericOutput_Header.h:14:16:[m[K [01;35m[Kwarning: [m[KISO C++ prohibits anonymous structs [[01;35m[K]8;;https://gcc.gnu.org/onlinedocs/gcc/Warning-Options.html#index-Wpedantic-Wpedantic]8;;[m[K]
[5.626s]    14 |         struct [01;35m[K{[m[K
[5.626s]       |                [01;35m[K^[m[K
[5.690s] [01m[K/home/kaibuchisoma/robocon_ws/src/robocon2023_b_dash/src/Upper_Controller.cpp:7:1:[m[K [01;31m[Kerror: [m[Kexpected ‚Äò[01m[K,[m[K‚Äô or ‚Äò[01m[K;[m[K‚Äô before ‚Äò[01m[Kclock_t[m[K‚Äô
[5.690s]     7 | [01;31m[Kclock_t[m[K start_collection, end_collection, start_elevating, end_elevating; //Ëá™ÂãïÂõûÂèé„ÅÆÈñãÂßãÊôÇÂàª„Å®ÁµÇ‰∫ÜÊôÇÂàª„ÇíÊ†ºÁ¥ç„Åô„ÇãÂ§âÊï∞„Å®ÊúÄÂæå„ÅÆËá™ÂãïÂà∂Âæ°„Åó„ÅüÊôÇÂàª„ÇíÊ†ºÁ¥ç„Åô„ÇãÂ§âÊï∞
[5.690s]       | [01;31m[K^~~~~~~[m[K
[5.716s] [01m[K/home/kaibuchisoma/robocon_ws/src/robocon2023_b_dash/src/Upper_Controller.cpp:[m[K In member function ‚Äò[01m[Kvoid Upper_Controller_Node::ImageRecognition_Callback(std_msgs::msg::Int16MultiArray_<std::allocator<void> >::SharedPtr)[m[K‚Äô:
[5.716s] [01m[K/home/kaibuchisoma/robocon_ws/src/robocon2023_b_dash/src/Upper_Controller.cpp:82:5:[m[K [01;31m[Kerror: [m[K‚Äò[01m[Kend_collection[m[K‚Äô was not declared in this scope
[5.716s]    82 |     [01;31m[Kend_collection[m[K = clock();
[5.716s]       |     [01;31m[K^~~~~~~~~~~~~~[m[K
[5.722s] [01m[K/home/kaibuchisoma/robocon_ws/src/robocon2023_b_dash/src/Upper_Controller.cpp:86:39:[m[K [01;31m[Kerror: [m[K‚Äò[01m[Kstart_collection[m[K‚Äô was not declared in this scope
[5.722s]    86 |         if ((double)(end_collection - [01;31m[Kstart_collection[m[K) / CLOCKS_PER_SEC > 0.3 && last_lock == 0){ // Êö¥Ëµ∞Èò≤Ê≠¢ Â§ß‰Ωì*10„Åó„ÅüÂÄ§
[5.722s]       |                                       [01;31m[K^~~~~~~~~~~~~~~~[m[K
[5.728s] [01m[K/home/kaibuchisoma/robocon_ws/src/robocon2023_b_dash/src/Upper_Controller.cpp:92:17:[m[K [01;31m[Kerror: [m[K‚Äò[01m[Kstart_elevating[m[K‚Äô was not declared in this scope
[5.728s]    92 |                 [01;31m[Kstart_elevating[m[K = clock();
[5.728s]       |                 [01;31m[K^~~~~~~~~~~~~~~[m[K
[5.734s] [01m[K/home/kaibuchisoma/robocon_ws/src/robocon2023_b_dash/src/Upper_Controller.cpp:99:17:[m[K [01;31m[Kerror: [m[K‚Äò[01m[Kstart_elevating[m[K‚Äô was not declared in this scope
[5.734s]    99 |                 [01;31m[Kstart_elevating[m[K = clock();
[5.734s]       |                 [01;31m[K^~~~~~~~~~~~~~~[m[K
[5.739s] [01m[K/home/kaibuchisoma/robocon_ws/src/robocon2023_b_dash/src/Upper_Controller.cpp:106:17:[m[K [01;31m[Kerror: [m[K‚Äò[01m[Kstart_elevating[m[K‚Äô was not declared in this scope
[5.739s]   106 |                 [01;31m[Kstart_elevating[m[K = clock();
[5.739s]       |                 [01;31m[K^~~~~~~~~~~~~~~[m[K
[5.745s] [01m[K/home/kaibuchisoma/robocon_ws/src/robocon2023_b_dash/src/Upper_Controller.cpp:[m[K In member function ‚Äò[01m[Kvoid Upper_Controller_Node::timer_callback()[m[K‚Äô:
[5.745s] [01m[K/home/kaibuchisoma/robocon_ws/src/robocon2023_b_dash/src/Upper_Controller.cpp:127:5:[m[K [01;31m[Kerror: [m[K‚Äò[01m[Kend_elevating[m[K‚Äô was not declared in this scope
[5.745s]   127 |     [01;31m[Kend_elevating[m[K = clock();
[5.745s]       |     [01;31m[K^~~~~~~~~~~~~[m[K
[5.750s] [01m[K/home/kaibuchisoma/robocon_ws/src/robocon2023_b_dash/src/Upper_Controller.cpp:128:34:[m[K [01;31m[Kerror: [m[K‚Äò[01m[Kstart_elevating[m[K‚Äô was not declared in this scope
[5.750s]   128 |     if ((double)(end_elevating - [01;31m[Kstart_elevating[m[K) / CLOCKS_PER_SEC > 0.4){ // Êö¥Ëµ∞Èò≤Ê≠¢ Â§ß‰Ωì*10„Åó„ÅüÂÄ§
[5.750s]       |                                  [01;31m[K^~~~~~~~~~~~~~~[m[K
[8.464s] gmake[2]: *** [CMakeFiles/Upper_Controller.dir/build.make:76: CMakeFiles/Upper_Controller.dir/src/Upper_Controller.cpp.o] „Ç®„É©„Éº 1
[8.464s] gmake[1]: *** [CMakeFiles/Makefile2:267: CMakeFiles/Upper_Controller.dir/all] „Ç®„É©„Éº 2
[8.465s] gmake: *** [Makefile:146: all] „Ç®„É©„Éº 2
[8.467s] Invoked command in '/home/kaibuchisoma/robocon_ws/build/robocon2023_b_dash' returned '2': CMAKE_PREFIX_PATH=${CMAKE_PREFIX_PATH}:/home/kaibuchisoma/robocon_ws/install/fruit_detection:/opt/ros/humble /usr/bin/cmake --build /home/kaibuchisoma/robocon_ws/build/robocon2023_b_dash -- -j12 -l12
