[0.281s] Invoking command in '/home/roboconb/robocon_ws/build/robocon2023_b_dash': CMAKE_PREFIX_PATH=${CMAKE_PREFIX_PATH}:/home/roboconb/robocon_ws/install/fruit_detection:/opt/ros/humble /home/roboconb/.local/bin/cmake --build /home/roboconb/robocon_ws/build/robocon2023_b_dash -- -j8 -l8
[0.355s] [ 20%] Built target DriveMotion
[0.355s] [ 60%] Built target SerialKIMD
[0.356s] [ 60%] Built target Xmove_Controller
[0.357s] [ 80%] Built target Drive_Controller
[0.368s] [ 90%] [32mBuilding CXX object CMakeFiles/Upper_Controller.dir/src/Upper_Controller.cpp.o[0m
[2.709s] In file included from [01m[K/home/roboconb/robocon_ws/src/robocon2023_b_dash/src/Upper_Controller.hpp:8[m[K,
[2.709s]                  from [01m[K/home/roboconb/robocon_ws/src/robocon2023_b_dash/src/Upper_Controller.cpp:2[m[K:
[2.709s] [01m[K/home/roboconb/robocon_ws/src/robocon2023_b_dash/src/RoboconMsg/ABU2023_GenericOutput_Header.h:14:16:[m[K [01;35m[Kwarning: [m[KISO C++ prohibits anonymous structs [[01;35m[K]8;;https://gcc.gnu.org/onlinedocs/gcc/Warning-Options.html#index-Wpedantic-Wpedantic]8;;[m[K]
[2.709s]    14 |         struct [01;35m[K{[m[K
[2.709s]       |                [01;35m[K^[m[K
[2.804s] [01m[K/home/roboconb/robocon_ws/src/robocon2023_b_dash/src/Upper_Controller.cpp:[m[K In member function â€˜[01m[Kvoid Upper_Controller_Node::Joy_Callback(sensor_msgs::msg::Joy_<std::allocator<void> >::SharedPtr)[m[Kâ€™:
[2.804s] [01m[K/home/roboconb/robocon_ws/src/robocon2023_b_dash/src/Upper_Controller.cpp:40:11:[m[K [01;31m[Kerror: [m[Kâ€˜[01m[Kclass Upper_Controller_Node[m[Kâ€™ has no member named â€˜[01m[Kl2[m[Kâ€™
[2.804s]    40 |    this->[01;31m[Kl2[m[K = joy_msg->buttons[6] // l2
[2.804s]       |          [01;31m[K^~[m[K
[2.804s] 
[2.804s] [01m[K/home/roboconb/robocon_ws/src/robocon2023_b_dash/src/Upper_Controller.cpp:46:5:[m[K [01;31m[Kerror: [m[Kâ€˜[01m[Kelse[m[Kâ€™ without a previous â€˜[01m[Kif[m[Kâ€™
[2.805s]    46 |     [01;31m[Kelse[m[K
[2.805s]       |     [01;31m[K^~~~[m[K
[2.812s] [01m[K/home/roboconb/robocon_ws/src/robocon2023_b_dash/src/Upper_Controller.cpp:[m[K In member function â€˜[01m[Kvoid Upper_Controller_Node::ImageRecognition_Callback(std_msgs::msg::Int16MultiArray_<std::allocator<void> >::SharedPtr)[m[Kâ€™:
[2.812s] [01m[K/home/roboconb/robocon_ws/src/robocon2023_b_dash/src/Upper_Controller.cpp:86:9:[m[K [01;31m[Kerror: [m[Kâ€˜[01m[KSleep[m[Kâ€™ was not declared in this scope; did you mean â€˜[01m[Ksleep[m[Kâ€™?
[2.812s]    86 |         [01;31m[KSleep[m[K(2000)
[2.812s]       |         [01;31m[K^~~~~[m[K
[2.812s]       |         [32m[Ksleep[m[K
[2.815s] [01m[K/home/roboconb/robocon_ws/src/robocon2023_b_dash/src/Upper_Controller.cpp:92:9:[m[K [01;31m[Kerror: [m[Kâ€˜[01m[KSleep[m[Kâ€™ was not declared in this scope; did you mean â€˜[01m[Ksleep[m[Kâ€™?
[2.816s]    92 |         [01;31m[KSleep[m[K(2000)
[2.816s]       |         [01;31m[K^~~~~[m[K
[2.816s]       |         [32m[Ksleep[m[K
[2.819s] [01m[K/home/roboconb/robocon_ws/src/robocon2023_b_dash/src/Upper_Controller.cpp:98:9:[m[K [01;31m[Kerror: [m[Kâ€˜[01m[KSleep[m[Kâ€™ was not declared in this scope; did you mean â€˜[01m[Ksleep[m[Kâ€™?
[2.819s]    98 |         [01;31m[KSleep[m[K(2000)
[2.819s]       |         [01;31m[K^~~~~[m[K
[2.819s]       |         [32m[Ksleep[m[K
[2.819s] [01m[K/home/roboconb/robocon_ws/src/robocon2023_b_dash/src/Upper_Controller.cpp:[m[K In member function â€˜[01m[Kvoid Upper_Controller_Node::timer_callback()[m[Kâ€™:
[2.820s] [01m[K/home/roboconb/robocon_ws/src/robocon2023_b_dash/src/Upper_Controller.cpp:113:43:[m[K [01;35m[Kwarning: [m[Ksuggest parentheses around comparison in operand of â€˜[01m[K&[m[Kâ€™ [[01;35m[K]8;;https://gcc.gnu.org/onlinedocs/gcc/Warning-Options.html#index-Wparentheses-Wparentheses]8;;[m[K]
[2.820s]   113 |  & [01;35m[K0b001 == 1[m[K) // left
[2.820s]       |    [01;35m[K~~~~~~^~~~[m[K
[2.820s] 
[2.820s] [01m[K/home/roboconb/robocon_ws/src/robocon2023_b_dash/src/Upper_Controller.cpp:119:49:[m[K [01;35m[Kwarning: [m[Ksuggest parentheses around comparison in operand of â€˜[01m[K&[m[Kâ€™ [[01;35m[K]8;;https://gcc.gnu.org/onlinedocs/gcc/Warning-Options.html#index-Wparentheses-Wparentheses]8;;[m[K]
[2.820s]   119 | & [01;35m[K0b0001 == 1[m[K) // right
[2.820s]       |   [01;35m[K~~~~~~~^~~~[m[K
[2.820s] 
[2.820s] [01m[K/home/roboconb/robocon_ws/src/robocon2023_b_dash/src/Upper_Controller.cpp:124:49:[m[K [01;35m[Kwarning: [m[Ksuggest parentheses around comparison in operand of â€˜[01m[K&[m[Kâ€™ [[01;35m[K]8;;https://gcc.gnu.org/onlinedocs/gcc/Warning-Options.html#index-Wparentheses-Wparentheses]8;;[m[K]
[2.820s]   124 | & [01;35m[K0b0001 == 1[m[K) // up
[2.821s]       |   [01;35m[K~~~~~~~^~~~[m[K
[2.821s] 
[2.821s] [01m[K/home/roboconb/robocon_ws/src/robocon2023_b_dash/src/Upper_Controller.cpp:129:49:[m[K [01;35m[Kwarning: [m[Ksuggest parentheses around comparison in operand of â€˜[01m[K&[m[Kâ€™ [[01;35m[K]8;;https://gcc.gnu.org/onlinedocs/gcc/Warning-Options.html#index-Wparentheses-Wparentheses]8;;[m[K]
[2.821s]   129 | & [01;35m[K0b0001 == 1[m[K) // down
[2.821s]       |   [01;35m[K~~~~~~~^~~~[m[K
[2.821s] 
[6.104s] gmake[2]: *** [CMakeFiles/Upper_Controller.dir/build.make:76: CMakeFiles/Upper_Controller.dir/src/Upper_Controller.cpp.o] ã‚¨ãƒ©ãƒ¼ 1
[6.104s] gmake[1]: *** [CMakeFiles/Makefile2:249: CMakeFiles/Upper_Controller.dir/all] ã‚¨ãƒ©ãƒ¼ 2
[6.104s] gmake: *** [Makefile:146: all] ã‚¨ãƒ©ãƒ¼ 2
[6.110s] Invoked command in '/home/roboconb/robocon_ws/build/robocon2023_b_dash' returned '2': CMAKE_PREFIX_PATH=${CMAKE_PREFIX_PATH}:/home/roboconb/robocon_ws/install/fruit_detection:/opt/ros/humble /home/roboconb/.local/bin/cmake --build /home/roboconb/robocon_ws/build/robocon2023_b_dash -- -j8 -l8
