[0.385s] Invoking command in '/home/kaibuchisoma/robocon_ws/RoboconDetectionFruit/build/robocon2023_b_dash': CMAKE_PREFIX_PATH=${CMAKE_PREFIX_PATH}:/home/kaibuchisoma/robocon_ws/RoboconDetectionFruit/install/fruit_detection:/opt/ros/humble /usr/bin/cmake /home/kaibuchisoma/robocon_ws/RoboconDetectionFruit/src/robocon2023_b_dash -DCMAKE_INSTALL_PREFIX=/home/kaibuchisoma/robocon_ws/RoboconDetectionFruit/install/robocon2023_b_dash
[0.438s] -- The C compiler identification is GNU 11.4.0
[0.486s] -- The CXX compiler identification is GNU 11.4.0
[0.492s] -- Detecting C compiler ABI info
[0.558s] -- Detecting C compiler ABI info - done
[0.563s] -- Check for working C compiler: /usr/bin/cc - skipped
[0.563s] -- Detecting C compile features
[0.564s] -- Detecting C compile features - done
[0.566s] -- Detecting CXX compiler ABI info
[0.638s] -- Detecting CXX compiler ABI info - done
[0.643s] -- Check for working CXX compiler: /usr/bin/c++ - skipped
[0.643s] -- Detecting CXX compile features
[0.644s] -- Detecting CXX compile features - done
[0.647s] -- Found ament_cmake: 1.3.5 (/opt/ros/humble/share/ament_cmake/cmake)
[0.792s] -- Found Python3: /usr/bin/python3.10 (found version "3.10.12") found components: Interpreter 
[0.893s] -- Found rclcpp: 16.0.6 (/opt/ros/humble/share/rclcpp/cmake)
[0.931s] -- Found rosidl_generator_c: 3.1.5 (/opt/ros/humble/share/rosidl_generator_c/cmake)
[0.935s] -- Found rosidl_adapter: 3.1.5 (/opt/ros/humble/share/rosidl_adapter/cmake)
[0.942s] -- Found rosidl_generator_cpp: 3.1.5 (/opt/ros/humble/share/rosidl_generator_cpp/cmake)
[0.953s] -- Using all available rosidl_typesupport_c: rosidl_typesupport_fastrtps_c;rosidl_typesupport_introspection_c
[0.969s] -- Using all available rosidl_typesupport_cpp: rosidl_typesupport_fastrtps_cpp;rosidl_typesupport_introspection_cpp
[1.024s] -- Found rmw_implementation_cmake: 6.1.1 (/opt/ros/humble/share/rmw_implementation_cmake/cmake)
[1.026s] -- Found rmw_fastrtps_cpp: 6.2.4 (/opt/ros/humble/share/rmw_fastrtps_cpp/cmake)
[1.117s] -- Found OpenSSL: /usr/lib/x86_64-linux-gnu/libcrypto.so (found version "3.0.2")  
[1.141s] -- Found FastRTPS: /opt/ros/humble/include  
[1.184s] -- Using RMW implementation 'rmw_fastrtps_cpp' as default
[1.192s] -- Looking for pthread.h
[1.260s] -- Looking for pthread.h - found
[1.260s] -- Performing Test CMAKE_HAVE_LIBC_PTHREAD
[1.327s] -- Performing Test CMAKE_HAVE_LIBC_PTHREAD - Success
[1.327s] -- Found Threads: TRUE  
[1.446s] -- Found sensor_msgs: 4.2.3 (/opt/ros/humble/share/sensor_msgs/cmake)
[1.547s] -- Found ament_lint_auto: 0.12.8 (/opt/ros/humble/share/ament_lint_auto/cmake)
[1.611s] -- Added test 'copyright' to check source files copyright and LICENSE
[1.613s] -- Added test 'cppcheck' to perform static code analysis on C / C++ code
[1.613s] -- Configured cppcheck include dirs: 
[1.613s] -- Configured cppcheck exclude dirs and/or files: 
[1.615s] -- Added test 'cpplint' to check C / C++ code against the Google style
[1.615s] -- Configured cpplint exclude dirs and/or files: 
[1.615s] -- Added test 'flake8' to check Python code syntax and style conventions
[1.616s] -- Added test 'lint_cmake' to check CMake code style
[1.616s] -- Added test 'pep257' to check Python code against some of the docstring style conventions in PEP 257
[1.617s] -- Added test 'uncrustify' to check C / C++ code style
[1.617s] -- Configured uncrustify additional arguments: 
[1.618s] -- Added test 'xmllint' to check XML markup files
[1.619s] -- Configuring done
[1.637s] -- Generating done
[1.639s] -- Build files have been written to: /home/kaibuchisoma/robocon_ws/RoboconDetectionFruit/build/robocon2023_b_dash
[1.648s] Invoked command in '/home/kaibuchisoma/robocon_ws/RoboconDetectionFruit/build/robocon2023_b_dash' returned '0': CMAKE_PREFIX_PATH=${CMAKE_PREFIX_PATH}:/home/kaibuchisoma/robocon_ws/RoboconDetectionFruit/install/fruit_detection:/opt/ros/humble /usr/bin/cmake /home/kaibuchisoma/robocon_ws/RoboconDetectionFruit/src/robocon2023_b_dash -DCMAKE_INSTALL_PREFIX=/home/kaibuchisoma/robocon_ws/RoboconDetectionFruit/install/robocon2023_b_dash
[1.650s] Invoking command in '/home/kaibuchisoma/robocon_ws/RoboconDetectionFruit/build/robocon2023_b_dash': CMAKE_PREFIX_PATH=${CMAKE_PREFIX_PATH}:/home/kaibuchisoma/robocon_ws/RoboconDetectionFruit/install/fruit_detection:/opt/ros/humble /usr/bin/cmake --build /home/kaibuchisoma/robocon_ws/RoboconDetectionFruit/build/robocon2023_b_dash -- -j12 -l12
[1.687s] [35m[1mConsolidate compiler generated dependencies of target SerialKIMD[0m
[1.687s] [35m[1mConsolidate compiler generated dependencies of target Xmove_Controller[0m
[1.687s] [35m[1mConsolidate compiler generated dependencies of target DriveMotion[0m
[1.687s] [35m[1mConsolidate compiler generated dependencies of target Upper_Controller[0m
[1.687s] [35m[1mConsolidate compiler generated dependencies of target Drive_Controller[0m
[1.708s] [ 50%] Built target Drive_Controller
[1.708s] [ 50%] Built target Xmove_Controller
[1.709s] [ 60%] Built target SerialKIMD
[1.709s] [ 70%] [32mBuilding CXX object CMakeFiles/Upper_Controller.dir/src/Upper_Controller.cpp.o[0m
[1.711s] [ 90%] Built target DriveMotion
[3.549s] In file included from [01m[K/home/kaibuchisoma/robocon_ws/RoboconDetectionFruit/src/robocon2023_b_dash/src/Upper_Controller.hpp:8[m[K,
[3.549s]                  from [01m[K/home/kaibuchisoma/robocon_ws/RoboconDetectionFruit/src/robocon2023_b_dash/src/Upper_Controller.cpp:2[m[K:
[3.549s] [01m[K/home/kaibuchisoma/robocon_ws/RoboconDetectionFruit/src/robocon2023_b_dash/src/RoboconMsg/ABU2023_GenericOutput_Header.h:14:16:[m[K [01;35m[Kwarning: [m[KISO C++ prohibits anonymous structs [[01;35m[K]8;;https://gcc.gnu.org/onlinedocs/gcc/Warning-Options.html#index-Wpedantic-Wpedantic]8;;[m[K]
[3.549s]    14 |         struct [01;35m[K{[m[K
[3.549s]       |                [01;35m[K^[m[K
[3.635s] In file included from [01m[K/opt/ros/humble/include/rclcpp/rclcpp/logging.hpp:24[m[K,
[3.635s]                  from [01m[K/opt/ros/humble/include/rclcpp/rclcpp/client.hpp:40[m[K,
[3.635s]                  from [01m[K/opt/ros/humble/include/rclcpp/rclcpp/callback_group.hpp:24[m[K,
[3.635s]                  from [01m[K/opt/ros/humble/include/rclcpp/rclcpp/any_executable.hpp:20[m[K,
[3.635s]                  from [01m[K/opt/ros/humble/include/rclcpp/rclcpp/memory_strategy.hpp:25[m[K,
[3.635s]                  from [01m[K/opt/ros/humble/include/rclcpp/rclcpp/memory_strategies.hpp:18[m[K,
[3.635s]                  from [01m[K/opt/ros/humble/include/rclcpp/rclcpp/executor_options.hpp:20[m[K,
[3.635s]                  from [01m[K/opt/ros/humble/include/rclcpp/rclcpp/executor.hpp:37[m[K,
[3.635s]                  from [01m[K/opt/ros/humble/include/rclcpp/rclcpp/executors/multi_threaded_executor.hpp:25[m[K,
[3.635s]                  from [01m[K/opt/ros/humble/include/rclcpp/rclcpp/executors.hpp:21[m[K,
[3.635s]                  from [01m[K/opt/ros/humble/include/rclcpp/rclcpp/rclcpp.hpp:155[m[K,
[3.635s]                  from [01m[K/home/kaibuchisoma/robocon_ws/RoboconDetectionFruit/src/robocon2023_b_dash/src/Upper_Controller.cpp:1[m[K:
[3.636s] [01m[K/home/kaibuchisoma/robocon_ws/RoboconDetectionFruit/src/robocon2023_b_dash/src/Upper_Controller.cpp:[m[K In member function â€˜[01m[Kvoid Upper_Controller_Node::ImageRecognition_Callback(std_msgs::msg::Int16MultiArray_<std::allocator<void> >::SharedPtr)[m[Kâ€™:
[3.636s] [01m[K/home/kaibuchisoma/robocon_ws/RoboconDetectionFruit/src/robocon2023_b_dash/src/Upper_Controller.cpp:89:71:[m[K [01;31m[Kerror: [m[Kexpected â€˜[01m[K([m[Kâ€™ before â€˜[01m[Kstart[m[Kâ€™
[3.636s]    89 |     RCLCPP_INFO(this->get_logger(), "AAAAA %lf\n", static_cast<double>[01;31m[Kstart[m[K / CLOCKS_PER_SEC * 1000.0);
[3.636s]       |                                                                       [01;31m[K^~~~~[m[K
[3.636s] [01m[K/home/kaibuchisoma/robocon_ws/RoboconDetectionFruit/src/robocon2023_b_dash/src/Upper_Controller.cpp:89:5:[m[K [01;31m[Kerror: [m[Kexpected â€˜[01m[K)[m[Kâ€™ before â€˜[01m[K;[m[Kâ€™ token
[3.636s]    89 |     [01;31m[KRCLCPP_INFO[m[K(this->get_logger(), "AAAAA %lf\n", static_cast<double>start / CLOCKS_PER_SEC * 1000.0);
[3.636s]       |     [01;31m[K^~~~~~~~~~~[m[K
[3.636s] [01m[K/home/kaibuchisoma/robocon_ws/RoboconDetectionFruit/src/robocon2023_b_dash/src/Upper_Controller.cpp:117:21:[m[K [01;35m[Kwarning: [m[Kunused variable â€˜[01m[Kstart[m[Kâ€™ [[01;35m[K]8;;https://gcc.gnu.org/onlinedocs/gcc/Warning-Options.html#index-Wunused-variable-Wunused-variable]8;;[m[K]
[3.636s]   117 |             clock_t [01;35m[Kstart[m[K = clock(); // ã‚¹ã‚¿ãƒ¼ãƒˆæ™‚é–“
[3.636s]       |                     [01;35m[K^~~~~[m[K
[3.636s] [01m[K/home/kaibuchisoma/robocon_ws/RoboconDetectionFruit/src/robocon2023_b_dash/src/Upper_Controller.cpp:[m[K In member function â€˜[01m[Kvoid Upper_Controller_Node::timer_callback()[m[Kâ€™:
[3.636s] [01m[K/home/kaibuchisoma/robocon_ws/RoboconDetectionFruit/src/robocon2023_b_dash/src/Upper_Controller.cpp:133:43:[m[K [01;35m[Kwarning: [m[Ksuggest parentheses around comparison in operand of â€˜[01m[K&[m[Kâ€™ [[01;35m[K]8;;https://gcc.gnu.org/onlinedocs/gcc/Warning-Options.html#index-Wparentheses-Wparentheses]8;;[m[K]
[3.636s]   133 |     if ((this->button_state >> 0) & [01;35m[K0b001 == 1[m[K) // left
[3.636s]       |                                     [01;35m[K~~~~~~^~~~[m[K
[3.636s] [01m[K/home/kaibuchisoma/robocon_ws/RoboconDetectionFruit/src/robocon2023_b_dash/src/Upper_Controller.cpp:139:49:[m[K [01;35m[Kwarning: [m[Ksuggest parentheses around comparison in operand of â€˜[01m[K&[m[Kâ€™ [[01;35m[K]8;;https://gcc.gnu.org/onlinedocs/gcc/Warning-Options.html#index-Wparentheses-Wparentheses]8;;[m[K]
[3.636s]   139 |     else if ((this->button_state >> 1) & [01;35m[K0b0001 == 1[m[K) // right
[3.637s]       |                                          [01;35m[K~~~~~~~^~~~[m[K
[3.637s] [01m[K/home/kaibuchisoma/robocon_ws/RoboconDetectionFruit/src/robocon2023_b_dash/src/Upper_Controller.cpp:144:49:[m[K [01;35m[Kwarning: [m[Ksuggest parentheses around comparison in operand of â€˜[01m[K&[m[Kâ€™ [[01;35m[K]8;;https://gcc.gnu.org/onlinedocs/gcc/Warning-Options.html#index-Wparentheses-Wparentheses]8;;[m[K]
[3.637s]   144 |     else if ((this->button_state >> 2) & [01;35m[K0b0001 == 1[m[K) // up
[3.637s]       |                                          [01;35m[K~~~~~~~^~~~[m[K
[3.637s] [01m[K/home/kaibuchisoma/robocon_ws/RoboconDetectionFruit/src/robocon2023_b_dash/src/Upper_Controller.cpp:149:49:[m[K [01;35m[Kwarning: [m[Ksuggest parentheses around comparison in operand of â€˜[01m[K&[m[Kâ€™ [[01;35m[K]8;;https://gcc.gnu.org/onlinedocs/gcc/Warning-Options.html#index-Wparentheses-Wparentheses]8;;[m[K]
[3.637s]   149 |     else if ((this->button_state >> 3) & [01;35m[K0b0001 == 1[m[K) // down
[3.637s]       |                                          [01;35m[K~~~~~~~^~~~[m[K
[6.817s] gmake[2]: *** [CMakeFiles/Upper_Controller.dir/build.make:76: CMakeFiles/Upper_Controller.dir/src/Upper_Controller.cpp.o] ã‚¨ãƒ©ãƒ¼ 1
[6.818s] gmake[1]: *** [CMakeFiles/Makefile2:249: CMakeFiles/Upper_Controller.dir/all] ã‚¨ãƒ©ãƒ¼ 2
[6.818s] gmake: *** [Makefile:146: all] ã‚¨ãƒ©ãƒ¼ 2
[6.821s] Invoked command in '/home/kaibuchisoma/robocon_ws/RoboconDetectionFruit/build/robocon2023_b_dash' returned '2': CMAKE_PREFIX_PATH=${CMAKE_PREFIX_PATH}:/home/kaibuchisoma/robocon_ws/RoboconDetectionFruit/install/fruit_detection:/opt/ros/humble /usr/bin/cmake --build /home/kaibuchisoma/robocon_ws/RoboconDetectionFruit/build/robocon2023_b_dash -- -j12 -l12
