[0.510s] Invoking command in '/home/kaibuchisoma/robocon_ws/build/robocon2023_b_dash': CMAKE_PREFIX_PATH=${CMAKE_PREFIX_PATH}:/home/kaibuchisoma/robocon_ws/install/fruit_detection:/opt/ros/humble /usr/bin/cmake /home/kaibuchisoma/robocon_ws/src/robocon2023_b_dash -DCMAKE_INSTALL_PREFIX=/home/kaibuchisoma/robocon_ws/install/robocon2023_b_dash
[0.582s] -- The C compiler identification is GNU 11.4.0
[0.642s] -- The CXX compiler identification is GNU 11.4.0
[0.652s] -- Detecting C compiler ABI info
[0.729s] -- Detecting C compiler ABI info - done
[0.741s] -- Check for working C compiler: /usr/bin/cc - skipped
[0.741s] -- Detecting C compile features
[0.742s] -- Detecting C compile features - done
[0.748s] -- Detecting CXX compiler ABI info
[0.836s] -- Detecting CXX compiler ABI info - done
[0.843s] -- Check for working CXX compiler: /usr/bin/c++ - skipped
[0.844s] -- Detecting CXX compile features
[0.844s] -- Detecting CXX compile features - done
[0.847s] -- Found ament_cmake: 1.3.5 (/opt/ros/humble/share/ament_cmake/cmake)
[1.042s] -- Found Python3: /usr/bin/python3.10 (found version "3.10.12") found components: Interpreter 
[1.154s] -- Found rclcpp: 16.0.6 (/opt/ros/humble/share/rclcpp/cmake)
[1.234s] -- Found rosidl_generator_c: 3.1.5 (/opt/ros/humble/share/rosidl_generator_c/cmake)
[1.242s] -- Found rosidl_adapter: 3.1.5 (/opt/ros/humble/share/rosidl_adapter/cmake)
[1.255s] -- Found rosidl_generator_cpp: 3.1.5 (/opt/ros/humble/share/rosidl_generator_cpp/cmake)
[1.272s] -- Using all available rosidl_typesupport_c: rosidl_typesupport_fastrtps_c;rosidl_typesupport_introspection_c
[1.295s] -- Using all available rosidl_typesupport_cpp: rosidl_typesupport_fastrtps_cpp;rosidl_typesupport_introspection_cpp
[1.375s] -- Found rmw_implementation_cmake: 6.1.1 (/opt/ros/humble/share/rmw_implementation_cmake/cmake)
[1.379s] -- Found rmw_fastrtps_cpp: 6.2.4 (/opt/ros/humble/share/rmw_fastrtps_cpp/cmake)
[1.510s] -- Found OpenSSL: /usr/lib/x86_64-linux-gnu/libcrypto.so (found version "3.0.2")  
[1.541s] -- Found FastRTPS: /opt/ros/humble/include  
[1.599s] -- Using RMW implementation 'rmw_fastrtps_cpp' as default
[1.609s] -- Looking for pthread.h
[1.689s] -- Looking for pthread.h - found
[1.689s] -- Performing Test CMAKE_HAVE_LIBC_PTHREAD
[1.768s] -- Performing Test CMAKE_HAVE_LIBC_PTHREAD - Success
[1.769s] -- Found Threads: TRUE  
[1.949s] -- Found sensor_msgs: 4.2.3 (/opt/ros/humble/share/sensor_msgs/cmake)
[2.090s] -- Found ament_lint_auto: 0.12.8 (/opt/ros/humble/share/ament_lint_auto/cmake)
[2.182s] -- Added test 'copyright' to check source files copyright and LICENSE
[2.190s] -- Added test 'cppcheck' to perform static code analysis on C / C++ code
[2.190s] -- Configured cppcheck include dirs: 
[2.191s] -- Configured cppcheck exclude dirs and/or files: 
[2.198s] -- Added test 'cpplint' to check C / C++ code against the Google style
[2.198s] -- Configured cpplint exclude dirs and/or files: 
[2.200s] -- Added test 'flake8' to check Python code syntax and style conventions
[2.202s] -- Added test 'lint_cmake' to check CMake code style
[2.204s] -- Added test 'pep257' to check Python code against some of the docstring style conventions in PEP 257
[2.212s] -- Added test 'uncrustify' to check C / C++ code style
[2.212s] -- Configured uncrustify additional arguments: 
[2.213s] -- Added test 'xmllint' to check XML markup files
[2.215s] -- Configuring done
[2.264s] -- Generating done
[2.267s] -- Build files have been written to: /home/kaibuchisoma/robocon_ws/build/robocon2023_b_dash
[2.282s] Invoked command in '/home/kaibuchisoma/robocon_ws/build/robocon2023_b_dash' returned '0': CMAKE_PREFIX_PATH=${CMAKE_PREFIX_PATH}:/home/kaibuchisoma/robocon_ws/install/fruit_detection:/opt/ros/humble /usr/bin/cmake /home/kaibuchisoma/robocon_ws/src/robocon2023_b_dash -DCMAKE_INSTALL_PREFIX=/home/kaibuchisoma/robocon_ws/install/robocon2023_b_dash
[2.284s] Invoking command in '/home/kaibuchisoma/robocon_ws/build/robocon2023_b_dash': CMAKE_PREFIX_PATH=${CMAKE_PREFIX_PATH}:/home/kaibuchisoma/robocon_ws/install/fruit_detection:/opt/ros/humble /usr/bin/cmake --build /home/kaibuchisoma/robocon_ws/build/robocon2023_b_dash -- -j12 -l12
[2.336s] [35m[1mConsolidate compiler generated dependencies of target Upper_Controller[0m
[2.336s] [35m[1mConsolidate compiler generated dependencies of target DriveMotion[0m
[2.337s] [35m[1mConsolidate compiler generated dependencies of target SerialKIMD[0m
[2.340s] [35m[1mConsolidate compiler generated dependencies of target Xmove_Controller[0m
[2.341s] [35m[1mConsolidate compiler generated dependencies of target BeltLiner_Controller[0m
[2.343s] [35m[1mConsolidate compiler generated dependencies of target WallUpMotion[0m
[2.343s] [35m[1mConsolidate compiler generated dependencies of target RopeMotion[0m
[2.344s] [35m[1mConsolidate compiler generated dependencies of target Solenoid_Controller[0m
[2.348s] [35m[1mConsolidate compiler generated dependencies of target Drive_Controller[0m
[2.361s] [35m[1mConsolidate compiler generated dependencies of target Crawl_Controller[0m
[2.363s] [35m[1mConsolidate compiler generated dependencies of target receiver[0m
[2.386s] [ 13%] [32mBuilding CXX object CMakeFiles/Upper_Controller.dir/src/Upper_Controller.cpp.o[0m
[2.386s] [ 18%] Built target DriveMotion
[2.386s] [ 22%] Built target SerialKIMD
[2.386s] [ 31%] Built target Xmove_Controller
[2.389s] [ 40%] Built target BeltLiner_Controller
[2.390s] [ 59%] Built target RopeMotion
[2.390s] [ 59%] Built target Solenoid_Controller
[2.391s] [ 68%] Built target WallUpMotion
[2.399s] [ 86%] Built target Crawl_Controller
[2.399s] [ 86%] Built target Drive_Controller
[2.399s] [ 95%] Built target receiver
[4.607s] In file included from [01m[K/home/kaibuchisoma/robocon_ws/src/robocon2023_b_dash/src/Upper_Controller.hpp:8[m[K,
[4.608s]                  from [01m[K/home/kaibuchisoma/robocon_ws/src/robocon2023_b_dash/src/Upper_Controller.cpp:2[m[K:
[4.608s] [01m[K/home/kaibuchisoma/robocon_ws/src/robocon2023_b_dash/src/RoboconMsg/ABU2023_GenericOutput_Header.h:14:16:[m[K [01;35m[Kwarning: [m[KISO C++ prohibits anonymous structs [[01;35m[K]8;;https://gcc.gnu.org/onlinedocs/gcc/Warning-Options.html#index-Wpedantic-Wpedantic]8;;[m[K]
[4.608s]    14 |         struct [01;35m[K{[m[K
[4.608s]       |                [01;35m[K^[m[K
[4.706s] In file included from [01m[K/opt/ros/humble/include/rclcpp/rclcpp/logging.hpp:24[m[K,
[4.706s]                  from [01m[K/opt/ros/humble/include/rclcpp/rclcpp/client.hpp:40[m[K,
[4.706s]                  from [01m[K/opt/ros/humble/include/rclcpp/rclcpp/callback_group.hpp:24[m[K,
[4.706s]                  from [01m[K/opt/ros/humble/include/rclcpp/rclcpp/any_executable.hpp:20[m[K,
[4.706s]                  from [01m[K/opt/ros/humble/include/rclcpp/rclcpp/memory_strategy.hpp:25[m[K,
[4.706s]                  from [01m[K/opt/ros/humble/include/rclcpp/rclcpp/memory_strategies.hpp:18[m[K,
[4.706s]                  from [01m[K/opt/ros/humble/include/rclcpp/rclcpp/executor_options.hpp:20[m[K,
[4.706s]                  from [01m[K/opt/ros/humble/include/rclcpp/rclcpp/executor.hpp:37[m[K,
[4.706s]                  from [01m[K/opt/ros/humble/include/rclcpp/rclcpp/executors/multi_threaded_executor.hpp:25[m[K,
[4.707s]                  from [01m[K/opt/ros/humble/include/rclcpp/rclcpp/executors.hpp:21[m[K,
[4.707s]                  from [01m[K/opt/ros/humble/include/rclcpp/rclcpp/rclcpp.hpp:155[m[K,
[4.707s]                  from [01m[K/home/kaibuchisoma/robocon_ws/src/robocon2023_b_dash/src/Upper_Controller.cpp:1[m[K:
[4.707s] [01m[K/home/kaibuchisoma/robocon_ws/src/robocon2023_b_dash/src/Upper_Controller.cpp:[m[K In member function â€˜[01m[Kvoid Upper_Controller_Node::ImageRecognition_Callback(std_msgs::msg::Int16MultiArray_<std::allocator<void> >::SharedPtr)[m[Kâ€™:
[4.707s] [01m[K/home/kaibuchisoma/robocon_ws/src/robocon2023_b_dash/src/Upper_Controller.cpp:91:5:[m[K [01;31m[Kerror: [m[Kinvalid conversion from â€˜[01m[K__gnu_cxx::__alloc_traits<std::allocator<short int>, short int>::value_type[m[Kâ€™ {aka â€˜[01m[Kshort int[m[Kâ€™} to â€˜[01m[Kconst char*[m[Kâ€™ [[01;31m[K]8;;https://gcc.gnu.org/onlinedocs/gcc/Warning-Options.html#index-fpermissive-fpermissive]8;;[m[K]
[4.707s]    91 |     [01;31m[KRCLCPP_INFO[m[K(this->get_logger(), recognition_msg->data[3]);
[4.707s]       |     [01;31m[K^~~~~~~~~~~[m[K
[4.707s]       |     [01;31m[K|[m[K
[4.707s]       |     [01;31m[K__gnu_cxx::__alloc_traits<std::allocator<short int>, short int>::value_type {aka short int}[m[K
[4.707s] In file included from [01m[K/opt/ros/humble/include/rmw/rmw/types.h:28[m[K,
[4.707s]                  from [01m[K/opt/ros/humble/include/rcl/rcl/types.h:20[m[K,
[4.707s]                  from [01m[K/opt/ros/humble/include/rcl/rcl/log_level.h:22[m[K,
[4.707s]                  from [01m[K/opt/ros/humble/include/rcl/rcl/arguments.h:21[m[K,
[4.707s]                  from [01m[K/opt/ros/humble/include/rcl/rcl/context.h:28[m[K,
[4.707s]                  from [01m[K/opt/ros/humble/include/rcl/rcl/guard_condition.h:26[m[K,
[4.708s]                  from [01m[K/opt/ros/humble/include/rclcpp/rclcpp/executor.hpp:30[m[K,
[4.708s]                  from [01m[K/opt/ros/humble/include/rclcpp/rclcpp/executors/multi_threaded_executor.hpp:25[m[K,
[4.708s]                  from [01m[K/opt/ros/humble/include/rclcpp/rclcpp/executors.hpp:21[m[K,
[4.708s]                  from [01m[K/opt/ros/humble/include/rclcpp/rclcpp/rclcpp.hpp:155[m[K,
[4.708s]                  from [01m[K/home/kaibuchisoma/robocon_ws/src/robocon2023_b_dash/src/Upper_Controller.cpp:1[m[K:
[4.708s] [01m[K/opt/ros/humble/include/rcutils/rcutils/logging.h:479:16:[m[K [01;36m[Knote: [m[K  initializing argument 4 of â€˜[01m[Kvoid rcutils_log(const rcutils_log_location_t*, int, const char*, const char*, ...)[m[Kâ€™
[4.708s]   479 |   [01;36m[Kconst char * format[m[K,
[4.708s]       |   [01;36m[K~~~~~~~~~~~~~^~~~~~[m[K
[4.708s] [01m[K/home/kaibuchisoma/robocon_ws/src/robocon2023_b_dash/src/Upper_Controller.cpp:[m[K In member function â€˜[01m[Kvoid Upper_Controller_Node::timer_callback()[m[Kâ€™:
[4.708s] [01m[K/home/kaibuchisoma/robocon_ws/src/robocon2023_b_dash/src/Upper_Controller.cpp:160:43:[m[K [01;35m[Kwarning: [m[Ksuggest parentheses around comparison in operand of â€˜[01m[K&[m[Kâ€™ [[01;35m[K]8;;https://gcc.gnu.org/onlinedocs/gcc/Warning-Options.html#index-Wparentheses-Wparentheses]8;;[m[K]
[4.708s]   160 |     if ((this->button_state >> 0) & [01;35m[K0b001 == 1[m[K) // left
[4.708s]       |                                     [01;35m[K~~~~~~^~~~[m[K
[4.708s] [01m[K/home/kaibuchisoma/robocon_ws/src/robocon2023_b_dash/src/Upper_Controller.cpp:167:49:[m[K [01;35m[Kwarning: [m[Ksuggest parentheses around comparison in operand of â€˜[01m[K&[m[Kâ€™ [[01;35m[K]8;;https://gcc.gnu.org/onlinedocs/gcc/Warning-Options.html#index-Wparentheses-Wparentheses]8;;[m[K]
[4.709s]   167 |     else if ((this->button_state >> 1) & [01;35m[K0b0001 == 1[m[K) // right
[4.709s]       |                                          [01;35m[K~~~~~~~^~~~[m[K
[4.709s] [01m[K/home/kaibuchisoma/robocon_ws/src/robocon2023_b_dash/src/Upper_Controller.cpp:173:49:[m[K [01;35m[Kwarning: [m[Ksuggest parentheses around comparison in operand of â€˜[01m[K&[m[Kâ€™ [[01;35m[K]8;;https://gcc.gnu.org/onlinedocs/gcc/Warning-Options.html#index-Wparentheses-Wparentheses]8;;[m[K]
[4.709s]   173 |     else if ((this->button_state >> 2) & [01;35m[K0b0001 == 1[m[K) // up
[4.709s]       |                                          [01;35m[K~~~~~~~^~~~[m[K
[4.709s] [01m[K/home/kaibuchisoma/robocon_ws/src/robocon2023_b_dash/src/Upper_Controller.cpp:179:49:[m[K [01;35m[Kwarning: [m[Ksuggest parentheses around comparison in operand of â€˜[01m[K&[m[Kâ€™ [[01;35m[K]8;;https://gcc.gnu.org/onlinedocs/gcc/Warning-Options.html#index-Wparentheses-Wparentheses]8;;[m[K]
[4.709s]   179 |     else if ((this->button_state >> 3) & [01;35m[K0b0001 == 1[m[K) // down
[4.709s]       |                                          [01;35m[K~~~~~~~^~~~[m[K
[7.933s] gmake[2]: *** [CMakeFiles/Upper_Controller.dir/build.make:76: CMakeFiles/Upper_Controller.dir/src/Upper_Controller.cpp.o] ã‚¨ãƒ©ãƒ¼ 1
[7.933s] gmake[1]: *** [CMakeFiles/Makefile2:261: CMakeFiles/Upper_Controller.dir/all] ã‚¨ãƒ©ãƒ¼ 2
[7.933s] gmake: *** [Makefile:146: all] ã‚¨ãƒ©ãƒ¼ 2
[7.936s] Invoked command in '/home/kaibuchisoma/robocon_ws/build/robocon2023_b_dash' returned '2': CMAKE_PREFIX_PATH=${CMAKE_PREFIX_PATH}:/home/kaibuchisoma/robocon_ws/install/fruit_detection:/opt/ros/humble /usr/bin/cmake --build /home/kaibuchisoma/robocon_ws/build/robocon2023_b_dash -- -j12 -l12
