[0.464s] Invoking command in '/home/roboconb/RoboconDetectionFruit-master/build/robocon2023_b_dash': CMAKE_PREFIX_PATH=${CMAKE_PREFIX_PATH}:/home/roboconb/RoboconDetectionFruit-master/install/fruit_detection:/opt/ros/humble /usr/bin/cmake /home/roboconb/RoboconDetectionFruit-master/src/robocon2023_b_dash -DCMAKE_INSTALL_PREFIX=/home/roboconb/RoboconDetectionFruit-master/install/robocon2023_b_dash
[0.520s] -- The C compiler identification is GNU 11.4.0
[0.592s] -- The CXX compiler identification is GNU 11.4.0
[0.600s] -- Detecting C compiler ABI info
[0.674s] -- Detecting C compiler ABI info - done
[0.684s] -- Check for working C compiler: /usr/bin/cc - skipped
[0.685s] -- Detecting C compile features
[0.685s] -- Detecting C compile features - done
[0.690s] -- Detecting CXX compiler ABI info
[0.779s] -- Detecting CXX compiler ABI info - done
[0.793s] -- Check for working CXX compiler: /usr/bin/c++ - skipped
[0.794s] -- Detecting CXX compile features
[0.794s] -- Detecting CXX compile features - done
[0.798s] -- Found ament_cmake: 1.3.5 (/opt/ros/humble/share/ament_cmake/cmake)
[0.991s] -- Found Python3: /usr/bin/python3.10 (found version "3.10.12") found components: Interpreter 
[1.121s] -- Found rclcpp: 16.0.6 (/opt/ros/humble/share/rclcpp/cmake)
[1.177s] -- Found rosidl_generator_c: 3.1.5 (/opt/ros/humble/share/rosidl_generator_c/cmake)
[1.182s] -- Found rosidl_adapter: 3.1.5 (/opt/ros/humble/share/rosidl_adapter/cmake)
[1.192s] -- Found rosidl_generator_cpp: 3.1.5 (/opt/ros/humble/share/rosidl_generator_cpp/cmake)
[1.207s] -- Using all available rosidl_typesupport_c: rosidl_typesupport_fastrtps_c;rosidl_typesupport_introspection_c
[1.229s] -- Using all available rosidl_typesupport_cpp: rosidl_typesupport_fastrtps_cpp;rosidl_typesupport_introspection_cpp
[1.315s] -- Found rmw_implementation_cmake: 6.1.1 (/opt/ros/humble/share/rmw_implementation_cmake/cmake)
[1.318s] -- Found rmw_fastrtps_cpp: 6.2.4 (/opt/ros/humble/share/rmw_fastrtps_cpp/cmake)
[1.436s] -- Found OpenSSL: /usr/lib/x86_64-linux-gnu/libcrypto.so (found version "3.0.2")  
[1.466s] -- Found FastRTPS: /opt/ros/humble/include  
[1.515s] -- Using RMW implementation 'rmw_fastrtps_cpp' as default
[1.525s] -- Looking for pthread.h
[1.604s] -- Looking for pthread.h - found
[1.605s] -- Performing Test CMAKE_HAVE_LIBC_PTHREAD
[1.680s] -- Performing Test CMAKE_HAVE_LIBC_PTHREAD - Success
[1.681s] -- Found Threads: TRUE  
[1.872s] -- Found sensor_msgs: 4.2.3 (/opt/ros/humble/share/sensor_msgs/cmake)
[2.029s] -- Found ament_lint_auto: 0.12.8 (/opt/ros/humble/share/ament_lint_auto/cmake)
[2.110s] -- Added test 'copyright' to check source files copyright and LICENSE
[2.117s] -- Added test 'cppcheck' to perform static code analysis on C / C++ code
[2.117s] -- Configured cppcheck include dirs: 
[2.117s] -- Configured cppcheck exclude dirs and/or files: 
[2.125s] -- Added test 'cpplint' to check C / C++ code against the Google style
[2.125s] -- Configured cpplint exclude dirs and/or files: 
[2.127s] -- Added test 'flake8' to check Python code syntax and style conventions
[2.129s] -- Added test 'lint_cmake' to check CMake code style
[2.130s] -- Added test 'pep257' to check Python code against some of the docstring style conventions in PEP 257
[2.138s] -- Added test 'uncrustify' to check C / C++ code style
[2.138s] -- Configured uncrustify additional arguments: 
[2.139s] -- Added test 'xmllint' to check XML markup files
[2.141s] -- Configuring done
[2.199s] -- Generating done
[2.202s] -- Build files have been written to: /home/roboconb/RoboconDetectionFruit-master/build/robocon2023_b_dash
[2.214s] Invoked command in '/home/roboconb/RoboconDetectionFruit-master/build/robocon2023_b_dash' returned '0': CMAKE_PREFIX_PATH=${CMAKE_PREFIX_PATH}:/home/roboconb/RoboconDetectionFruit-master/install/fruit_detection:/opt/ros/humble /usr/bin/cmake /home/roboconb/RoboconDetectionFruit-master/src/robocon2023_b_dash -DCMAKE_INSTALL_PREFIX=/home/roboconb/RoboconDetectionFruit-master/install/robocon2023_b_dash
[2.216s] Invoking command in '/home/roboconb/RoboconDetectionFruit-master/build/robocon2023_b_dash': CMAKE_PREFIX_PATH=${CMAKE_PREFIX_PATH}:/home/roboconb/RoboconDetectionFruit-master/install/fruit_detection:/opt/ros/humble /usr/bin/cmake --build /home/roboconb/RoboconDetectionFruit-master/build/robocon2023_b_dash -- -j8 -l8
[2.268s] [35m[1mConsolidate compiler generated dependencies of target Upper_Controller[0m
[2.269s] [35m[1mConsolidate compiler generated dependencies of target Drive_Controller[0m
[2.269s] [35m[1mConsolidate compiler generated dependencies of target Xmove_Controller[0m
[2.271s] [35m[1mConsolidate compiler generated dependencies of target WallUpMotion[0m
[2.271s] [35m[1mConsolidate compiler generated dependencies of target Solenoid_Controller[0m
[2.273s] [35m[1mConsolidate compiler generated dependencies of target DriveMotion[0m
[2.277s] [35m[1mConsolidate compiler generated dependencies of target SerialKIMD[0m
[2.292s] [35m[1mConsolidate compiler generated dependencies of target Crawl_Controller[0m
[2.312s] [  4%] [32mBuilding CXX object CMakeFiles/Upper_Controller.dir/src/Upper_Controller.cpp.o[0m
[2.320s] [  9%] [32mBuilding CXX object CMakeFiles/Xmove_Controller.dir/src/Xmove_Controller.cpp.o[0m
[2.332s] [ 18%] Built target Drive_Controller
[2.341s] [ 27%] Built target DriveMotion
[2.342s] [ 36%] Built target WallUpMotion
[2.351s] [ 45%] Built target Solenoid_Controller
[2.359s] [ 54%] Built target Crawl_Controller
[2.360s] [ 63%] Built target SerialKIMD
[2.369s] [35m[1mConsolidate compiler generated dependencies of target BeltLiner_Controller[0m
[2.370s] [35m[1mConsolidate compiler generated dependencies of target receiver[0m
[2.378s] [35m[1mConsolidate compiler generated dependencies of target RopeMotion[0m
[2.409s] [ 72%] Built target BeltLiner_Controller
[2.416s] [ 81%] Built target receiver
[2.431s] [ 90%] Built target RopeMotion
[4.916s] In file included from [01m[K/home/roboconb/RoboconDetectionFruit-master/src/robocon2023_b_dash/src/Xmove_Controller.hpp:8[m[K,
[4.916s]                  from [01m[K/home/roboconb/RoboconDetectionFruit-master/src/robocon2023_b_dash/src/Xmove_Controller.cpp:2[m[K:
[4.916s] [01m[K/home/roboconb/RoboconDetectionFruit-master/src/robocon2023_b_dash/src/RoboconMsg/ABU2023_GenericOutput_Header.h:14:16:[m[K [01;35m[Kwarning: [m[KISO C++ prohibits anonymous structs [[01;35m[K]8;;https://gcc.gnu.org/onlinedocs/gcc/Warning-Options.html#index-Wpedantic-Wpedantic]8;;[m[K]
[4.916s]    14 |         struct [01;35m[K{[m[K
[4.916s]       |                [01;35m[K^[m[K
[4.948s] In file included from [01m[K/home/roboconb/RoboconDetectionFruit-master/src/robocon2023_b_dash/src/Upper_Controller.hpp:8[m[K,
[4.948s]                  from [01m[K/home/roboconb/RoboconDetectionFruit-master/src/robocon2023_b_dash/src/Upper_Controller.cpp:2[m[K:
[4.948s] [01m[K/home/roboconb/RoboconDetectionFruit-master/src/robocon2023_b_dash/src/RoboconMsg/ABU2023_GenericOutput_Header.h:14:16:[m[K [01;35m[Kwarning: [m[KISO C++ prohibits anonymous structs [[01;35m[K]8;;https://gcc.gnu.org/onlinedocs/gcc/Warning-Options.html#index-Wpedantic-Wpedantic]8;;[m[K]
[4.948s]    14 |         struct [01;35m[K{[m[K
[4.948s]       |                [01;35m[K^[m[K
[5.054s] [01m[K/home/roboconb/RoboconDetectionFruit-master/src/robocon2023_b_dash/src/Upper_Controller.cpp:[m[K In member function â€˜[01m[Kvoid Upper_Controller_Node::ImageRecognition_Callback(std_msgs::msg::Int16MultiArray_<std::allocator<void> >::SharedPtr)[m[Kâ€™:
[5.054s] [01m[K/home/roboconb/RoboconDetectionFruit-master/src/robocon2023_b_dash/src/Upper_Controller.cpp:100:17:[m[K [01;31m[Kerror: [m[Kâ€˜[01m[Kstart_alignment[m[Kâ€™ was not declared in this scope
[5.054s]   100 |                 [01;31m[Kstart_alignment[m[K = clock();
[5.054s]       |                 [01;31m[K^~~~~~~~~~~~~~~[m[K
[5.055s] [01m[K/home/roboconb/RoboconDetectionFruit-master/src/robocon2023_b_dash/src/Upper_Controller.cpp:[m[K In member function â€˜[01m[Kvoid Upper_Controller_Node::timer_callback()[m[Kâ€™:
[5.055s] [01m[K/home/roboconb/RoboconDetectionFruit-master/src/robocon2023_b_dash/src/Upper_Controller.cpp:141:43:[m[K [01;35m[Kwarning: [m[Ksuggest parentheses around comparison in operand of â€˜[01m[K&[m[Kâ€™ [[01;35m[K]8;;https://gcc.gnu.org/onlinedocs/gcc/Warning-Options.html#index-Wparentheses-Wparentheses]8;;[m[K]
[5.055s]   141 |     if ((this->button_state >> 0) & [01;35m[K0b001 == 1[m[K) // left
[5.055s]       |                                     [01;35m[K~~~~~~^~~~[m[K
[5.055s] [01m[K/home/roboconb/RoboconDetectionFruit-master/src/robocon2023_b_dash/src/Upper_Controller.cpp:147:49:[m[K [01;35m[Kwarning: [m[Ksuggest parentheses around comparison in operand of â€˜[01m[K&[m[Kâ€™ [[01;35m[K]8;;https://gcc.gnu.org/onlinedocs/gcc/Warning-Options.html#index-Wparentheses-Wparentheses]8;;[m[K]
[5.055s]   147 |     else if ((this->button_state >> 1) & [01;35m[K0b0001 == 1[m[K) // right
[5.055s]       |                                          [01;35m[K~~~~~~~^~~~[m[K
[5.055s] [01m[K/home/roboconb/RoboconDetectionFruit-master/src/robocon2023_b_dash/src/Upper_Controller.cpp:152:49:[m[K [01;35m[Kwarning: [m[Ksuggest parentheses around comparison in operand of â€˜[01m[K&[m[Kâ€™ [[01;35m[K]8;;https://gcc.gnu.org/onlinedocs/gcc/Warning-Options.html#index-Wparentheses-Wparentheses]8;;[m[K]
[5.055s]   152 |     else if ((this->button_state >> 2) & [01;35m[K0b0001 == 1[m[K) // up
[5.055s]       |                                          [01;35m[K~~~~~~~^~~~[m[K
[5.055s] [01m[K/home/roboconb/RoboconDetectionFruit-master/src/robocon2023_b_dash/src/Upper_Controller.cpp:157:49:[m[K [01;35m[Kwarning: [m[Ksuggest parentheses around comparison in operand of â€˜[01m[K&[m[Kâ€™ [[01;35m[K]8;;https://gcc.gnu.org/onlinedocs/gcc/Warning-Options.html#index-Wparentheses-Wparentheses]8;;[m[K]
[5.056s]   157 |     else if ((this->button_state >> 3) & [01;35m[K0b0001 == 1[m[K) // down
[5.056s]       |                                          [01;35m[K~~~~~~~^~~~[m[K
[8.438s] gmake[2]: *** [CMakeFiles/Upper_Controller.dir/build.make:76: CMakeFiles/Upper_Controller.dir/src/Upper_Controller.cpp.o] Error 1
[8.438s] gmake[1]: *** [CMakeFiles/Makefile2:261: CMakeFiles/Upper_Controller.dir/all] Error 2
[8.438s] gmake[1]: *** Waiting for unfinished jobs....
[14.081s] [ 95%] [32m[1mLinking CXX executable Xmove_Controller[0m
[14.643s] [ 95%] Built target Xmove_Controller
[14.644s] gmake: *** [Makefile:146: all] Error 2
[14.646s] Invoked command in '/home/roboconb/RoboconDetectionFruit-master/build/robocon2023_b_dash' returned '2': CMAKE_PREFIX_PATH=${CMAKE_PREFIX_PATH}:/home/roboconb/RoboconDetectionFruit-master/install/fruit_detection:/opt/ros/humble /usr/bin/cmake --build /home/roboconb/RoboconDetectionFruit-master/build/robocon2023_b_dash -- -j8 -l8
