[0.373s] Invoking command in '/home/kaibuchisoma/robocon_ws/RoboconDetectionFruit/build/robocon2023_b_dash': CMAKE_PREFIX_PATH=${CMAKE_PREFIX_PATH}:/opt/ros/humble:/home/kaibuchisoma/robocon_ws/RoboconDetectionFruit/install/fruit_detection /usr/bin/cmake /home/kaibuchisoma/robocon_ws/RoboconDetectionFruit/src/robocon2023_b_dash -DCMAKE_INSTALL_PREFIX=/home/kaibuchisoma/robocon_ws/RoboconDetectionFruit/install/robocon2023_b_dash
[0.424s] -- The C compiler identification is GNU 11.4.0
[0.473s] -- The CXX compiler identification is GNU 11.4.0
[0.479s] -- Detecting C compiler ABI info
[0.543s] -- Detecting C compiler ABI info - done
[0.551s] -- Check for working C compiler: /usr/bin/cc - skipped
[0.551s] -- Detecting C compile features
[0.552s] -- Detecting C compile features - done
[0.554s] -- Detecting CXX compiler ABI info
[0.625s] -- Detecting CXX compiler ABI info - done
[0.630s] -- Check for working CXX compiler: /usr/bin/c++ - skipped
[0.630s] -- Detecting CXX compile features
[0.631s] -- Detecting CXX compile features - done
[0.633s] -- Found ament_cmake: 1.3.5 (/opt/ros/humble/share/ament_cmake/cmake)
[0.777s] -- Found Python3: /usr/bin/python3.10 (found version "3.10.12") found components: Interpreter 
[0.858s] -- Found rclcpp: 16.0.6 (/opt/ros/humble/share/rclcpp/cmake)
[0.901s] -- Found rosidl_generator_c: 3.1.5 (/opt/ros/humble/share/rosidl_generator_c/cmake)
[0.906s] -- Found rosidl_adapter: 3.1.5 (/opt/ros/humble/share/rosidl_adapter/cmake)
[0.914s] -- Found rosidl_generator_cpp: 3.1.5 (/opt/ros/humble/share/rosidl_generator_cpp/cmake)
[0.925s] -- Using all available rosidl_typesupport_c: rosidl_typesupport_fastrtps_c;rosidl_typesupport_introspection_c
[0.941s] -- Using all available rosidl_typesupport_cpp: rosidl_typesupport_fastrtps_cpp;rosidl_typesupport_introspection_cpp
[0.996s] -- Found rmw_implementation_cmake: 6.1.1 (/opt/ros/humble/share/rmw_implementation_cmake/cmake)
[0.998s] -- Found rmw_fastrtps_cpp: 6.2.4 (/opt/ros/humble/share/rmw_fastrtps_cpp/cmake)
[1.089s] -- Found OpenSSL: /usr/lib/x86_64-linux-gnu/libcrypto.so (found version "3.0.2")  
[1.114s] -- Found FastRTPS: /opt/ros/humble/include  
[1.161s] -- Using RMW implementation 'rmw_fastrtps_cpp' as default
[1.169s] -- Looking for pthread.h
[1.235s] -- Looking for pthread.h - found
[1.235s] -- Performing Test CMAKE_HAVE_LIBC_PTHREAD
[1.301s] -- Performing Test CMAKE_HAVE_LIBC_PTHREAD - Success
[1.302s] -- Found Threads: TRUE  
[1.424s] -- Found sensor_msgs: 4.2.3 (/opt/ros/humble/share/sensor_msgs/cmake)
[1.527s] -- Found ament_lint_auto: 0.12.8 (/opt/ros/humble/share/ament_lint_auto/cmake)
[1.604s] -- Added test 'copyright' to check source files copyright and LICENSE
[1.605s] -- Added test 'cppcheck' to perform static code analysis on C / C++ code
[1.606s] -- Configured cppcheck include dirs: 
[1.606s] -- Configured cppcheck exclude dirs and/or files: 
[1.607s] -- Added test 'cpplint' to check C / C++ code against the Google style
[1.607s] -- Configured cpplint exclude dirs and/or files: 
[1.608s] -- Added test 'flake8' to check Python code syntax and style conventions
[1.608s] -- Added test 'lint_cmake' to check CMake code style
[1.609s] -- Added test 'pep257' to check Python code against some of the docstring style conventions in PEP 257
[1.610s] -- Added test 'uncrustify' to check C / C++ code style
[1.610s] -- Configured uncrustify additional arguments: 
[1.611s] -- Added test 'xmllint' to check XML markup files
[1.612s] -- Configuring done
[1.631s] -- Generating done
[1.634s] -- Build files have been written to: /home/kaibuchisoma/robocon_ws/RoboconDetectionFruit/build/robocon2023_b_dash
[1.642s] Invoked command in '/home/kaibuchisoma/robocon_ws/RoboconDetectionFruit/build/robocon2023_b_dash' returned '0': CMAKE_PREFIX_PATH=${CMAKE_PREFIX_PATH}:/opt/ros/humble:/home/kaibuchisoma/robocon_ws/RoboconDetectionFruit/install/fruit_detection /usr/bin/cmake /home/kaibuchisoma/robocon_ws/RoboconDetectionFruit/src/robocon2023_b_dash -DCMAKE_INSTALL_PREFIX=/home/kaibuchisoma/robocon_ws/RoboconDetectionFruit/install/robocon2023_b_dash
[1.643s] Invoking command in '/home/kaibuchisoma/robocon_ws/RoboconDetectionFruit/build/robocon2023_b_dash': CMAKE_PREFIX_PATH=${CMAKE_PREFIX_PATH}:/opt/ros/humble:/home/kaibuchisoma/robocon_ws/RoboconDetectionFruit/install/fruit_detection /usr/bin/cmake --build /home/kaibuchisoma/robocon_ws/RoboconDetectionFruit/build/robocon2023_b_dash -- -j12 -l12
[1.682s] [35m[1mConsolidate compiler generated dependencies of target Xmove_Controller[0m
[1.683s] [35m[1mConsolidate compiler generated dependencies of target DriveMotion[0m
[1.683s] [35m[1mConsolidate compiler generated dependencies of target SerialKIMD[0m
[1.683s] [35m[1mConsolidate compiler generated dependencies of target Upper_Controller[0m
[1.684s] [35m[1mConsolidate compiler generated dependencies of target Drive_Controller[0m
[1.704s] [ 40%] Built target DriveMotion
[1.704s] [ 40%] Built target Xmove_Controller
[1.704s] [ 60%] Built target SerialKIMD
[1.704s] [ 70%] [32mBuilding CXX object CMakeFiles/Upper_Controller.dir/src/Upper_Controller.cpp.o[0m
[1.710s] [ 90%] Built target Drive_Controller
[1.941s] [01m[K/home/kaibuchisoma/robocon_ws/RoboconDetectionFruit/src/robocon2023_b_dash/src/Upper_Controller.cpp:168:2:[m[K [01;31m[Kerror: [m[Kunterminated argument list invoking macro "RCLCPP_INFO"
[1.941s]   168 | }
[1.941s]       |  [01;31m[K^[m[K
[3.642s] In file included from [01m[K/home/kaibuchisoma/robocon_ws/RoboconDetectionFruit/src/robocon2023_b_dash/src/Upper_Controller.hpp:8[m[K,
[3.642s]                  from [01m[K/home/kaibuchisoma/robocon_ws/RoboconDetectionFruit/src/robocon2023_b_dash/src/Upper_Controller.cpp:2[m[K:
[3.642s] [01m[K/home/kaibuchisoma/robocon_ws/RoboconDetectionFruit/src/robocon2023_b_dash/src/RoboconMsg/ABU2023_GenericOutput_Header.h:14:16:[m[K [01;35m[Kwarning: [m[KISO C++ prohibits anonymous structs [[01;35m[K]8;;https://gcc.gnu.org/onlinedocs/gcc/Warning-Options.html#index-Wpedantic-Wpedantic]8;;[m[K]
[3.642s]    14 |         struct [01;35m[K{[m[K
[3.642s]       |                [01;35m[K^[m[K
[3.729s] [01m[K/home/kaibuchisoma/robocon_ws/RoboconDetectionFruit/src/robocon2023_b_dash/src/Upper_Controller.cpp:[m[K In member function â€˜[01m[Kvoid Upper_Controller_Node::Joy_Callback(sensor_msgs::msg::Joy_<std::allocator<void> >::SharedPtr)[m[Kâ€™:
[3.729s] [01m[K/home/kaibuchisoma/robocon_ws/RoboconDetectionFruit/src/robocon2023_b_dash/src/Upper_Controller.cpp:45:9:[m[K [01;31m[Kerror: [m[Kâ€˜[01m[KRCLCPP_INFO[m[Kâ€™ was not declared in this scope
[3.729s]    45 |         [01;31m[KRCLCPP_INFO[m[K(this->get_logger(), "%f", joy_msg->axes[1];
[3.729s]       |         [01;31m[K^~~~~~~~~~~[m[K
[3.729s] [01m[K/home/kaibuchisoma/robocon_ws/RoboconDetectionFruit/src/robocon2023_b_dash/src/Upper_Controller.cpp:45:20:[m[K [01;31m[Kerror: [m[Kexpected â€˜[01m[K}[m[Kâ€™ at end of input
[3.729s]    45 |         RCLCPP_INFO[01;31m[K([m[Kthis->get_logger(), "%f", joy_msg->axes[1];
[3.729s]       |                    [01;31m[K^[m[K
[3.730s] [01m[K/home/kaibuchisoma/robocon_ws/RoboconDetectionFruit/src/robocon2023_b_dash/src/Upper_Controller.cpp:44:31:[m[K [01;36m[Knote: [m[Kto match this â€˜[01m[K{[m[Kâ€™
[3.730s]    44 |     if(joy_msg->axes[1] > 0.2)[01;36m[K{[m[K
[3.730s]       |                               [01;36m[K^[m[K
[3.730s] [01m[K/home/kaibuchisoma/robocon_ws/RoboconDetectionFruit/src/robocon2023_b_dash/src/Upper_Controller.cpp:45:20:[m[K [01;31m[Kerror: [m[Kexpected â€˜[01m[K}[m[Kâ€™ at end of input
[3.730s]    45 |         RCLCPP_INFO[01;31m[K([m[Kthis->get_logger(), "%f", joy_msg->axes[1];
[3.730s]       |                    [01;31m[K^[m[K
[3.730s] [01m[K/home/kaibuchisoma/robocon_ws/RoboconDetectionFruit/src/robocon2023_b_dash/src/Upper_Controller.cpp:36:1:[m[K [01;36m[Knote: [m[Kto match this â€˜[01m[K{[m[Kâ€™
[3.730s]    36 | [01;36m[K{[m[K
[3.730s]       | [01;36m[K^[m[K
[6.893s] gmake[2]: *** [CMakeFiles/Upper_Controller.dir/build.make:76: CMakeFiles/Upper_Controller.dir/src/Upper_Controller.cpp.o] ã‚¨ãƒ©ãƒ¼ 1
[6.893s] gmake[1]: *** [CMakeFiles/Makefile2:249: CMakeFiles/Upper_Controller.dir/all] ã‚¨ãƒ©ãƒ¼ 2
[6.893s] gmake: *** [Makefile:146: all] ã‚¨ãƒ©ãƒ¼ 2
[6.896s] Invoked command in '/home/kaibuchisoma/robocon_ws/RoboconDetectionFruit/build/robocon2023_b_dash' returned '2': CMAKE_PREFIX_PATH=${CMAKE_PREFIX_PATH}:/opt/ros/humble:/home/kaibuchisoma/robocon_ws/RoboconDetectionFruit/install/fruit_detection /usr/bin/cmake --build /home/kaibuchisoma/robocon_ws/RoboconDetectionFruit/build/robocon2023_b_dash -- -j12 -l12
