-- The C compiler identification is GNU 11.4.0
-- The CXX compiler identification is GNU 11.4.0
-- Detecting C compiler ABI info
-- Detecting C compiler ABI info - done
-- Check for working C compiler: /usr/bin/cc - skipped
-- Detecting C compile features
-- Detecting C compile features - done
-- Detecting CXX compiler ABI info
-- Detecting CXX compiler ABI info - done
-- Check for working CXX compiler: /usr/bin/c++ - skipped
-- Detecting CXX compile features
-- Detecting CXX compile features - done
-- Found ament_cmake: 1.3.5 (/opt/ros/humble/share/ament_cmake/cmake)
-- Found Python3: /usr/bin/python3.10 (found version "3.10.12") found components: Interpreter 
-- Found rclcpp: 16.0.6 (/opt/ros/humble/share/rclcpp/cmake)
-- Found rosidl_generator_c: 3.1.5 (/opt/ros/humble/share/rosidl_generator_c/cmake)
-- Found rosidl_adapter: 3.1.5 (/opt/ros/humble/share/rosidl_adapter/cmake)
-- Found rosidl_generator_cpp: 3.1.5 (/opt/ros/humble/share/rosidl_generator_cpp/cmake)
-- Using all available rosidl_typesupport_c: rosidl_typesupport_fastrtps_c;rosidl_typesupport_introspection_c
-- Using all available rosidl_typesupport_cpp: rosidl_typesupport_fastrtps_cpp;rosidl_typesupport_introspection_cpp
-- Found rmw_implementation_cmake: 6.1.1 (/opt/ros/humble/share/rmw_implementation_cmake/cmake)
-- Found rmw_fastrtps_cpp: 6.2.4 (/opt/ros/humble/share/rmw_fastrtps_cpp/cmake)
-- Found OpenSSL: /usr/lib/x86_64-linux-gnu/libcrypto.so (found version "3.0.2")  
-- Found FastRTPS: /opt/ros/humble/include  
-- Using RMW implementation 'rmw_fastrtps_cpp' as default
-- Looking for pthread.h
-- Looking for pthread.h - found
-- Performing Test CMAKE_HAVE_LIBC_PTHREAD
-- Performing Test CMAKE_HAVE_LIBC_PTHREAD - Success
-- Found Threads: TRUE  
-- Found sensor_msgs: 4.2.3 (/opt/ros/humble/share/sensor_msgs/cmake)
-- Found ament_lint_auto: 0.12.8 (/opt/ros/humble/share/ament_lint_auto/cmake)
-- Added test 'copyright' to check source files copyright and LICENSE
-- Added test 'cppcheck' to perform static code analysis on C / C++ code
-- Configured cppcheck include dirs: 
-- Configured cppcheck exclude dirs and/or files: 
-- Added test 'cpplint' to check C / C++ code against the Google style
-- Configured cpplint exclude dirs and/or files: 
-- Added test 'flake8' to check Python code syntax and style conventions
-- Added test 'lint_cmake' to check CMake code style
-- Added test 'pep257' to check Python code against some of the docstring style conventions in PEP 257
-- Added test 'uncrustify' to check C / C++ code style
-- Configured uncrustify additional arguments: 
-- Added test 'xmllint' to check XML markup files
-- Configuring done
-- Generating done
-- Build files have been written to: /home/kaibuchisoma/robocon_ws/RoboconDetectionFruit/build/robocon2023_b_dash
[35m[1mConsolidate compiler generated dependencies of target Upper_Controller[0m
[35m[1mConsolidate compiler generated dependencies of target DriveMotion[0m
[35m[1mConsolidate compiler generated dependencies of target Drive_Controller[0m
[35m[1mConsolidate compiler generated dependencies of target SerialKIMD[0m
[35m[1mConsolidate compiler generated dependencies of target Xmove_Controller[0m
[ 10%] [32mBuilding CXX object CMakeFiles/Drive_Controller.dir/src/Drive_Controller.cpp.o[0m
[ 30%] Built target SerialKIMD
[ 50%] Built target Upper_Controller
[ 70%] Built target DriveMotion
[ 90%] Built target Xmove_Controller
In file included from [01m[K/home/kaibuchisoma/robocon_ws/RoboconDetectionFruit/src/robocon2023_b_dash/src/Drive_Controller.hpp:6[m[K,
                 from [01m[K/home/kaibuchisoma/robocon_ws/RoboconDetectionFruit/src/robocon2023_b_dash/src/Drive_Controller.cpp:2[m[K:
[01m[K/home/kaibuchisoma/robocon_ws/RoboconDetectionFruit/src/robocon2023_b_dash/src/RoboconMsg/ABU2023_GenericOutput_Header.h:14:16:[m[K [01;35m[Kwarning: [m[KISO C++ prohibits anonymous structs [[01;35m[K]8;;https://gcc.gnu.org/onlinedocs/gcc/Warning-Options.html#index-Wpedantic-Wpedantic]8;;[m[K]
   14 |         struct [01;35m[K{[m[K
      |                [01;35m[K^[m[K
[01m[K/home/kaibuchisoma/robocon_ws/RoboconDetectionFruit/src/robocon2023_b_dash/src/Drive_Controller.cpp:[m[K In constructor â€˜[01m[KDrive_Controller_Node::Drive_Controller_Node()[m[Kâ€™:
[01m[K/home/kaibuchisoma/robocon_ws/RoboconDetectionFruit/src/robocon2023_b_dash/src/Drive_Controller.cpp:6:9:[m[K [01;35m[Kwarning: [m[Kunused variable â€˜[01m[Kmotion_flag[m[Kâ€™ [[01;35m[K]8;;https://gcc.gnu.org/onlinedocs/gcc/Warning-Options.html#index-Wunused-variable-Wunused-variable]8;;[m[K]
    6 |     int [01;35m[Kmotion_flag[m[K = 0;
      |         [01;35m[K^~~~~~~~~~~[m[K
In file included from [01m[K/opt/ros/humble/include/rclcpp/rclcpp/logging.hpp:24[m[K,
                 from [01m[K/opt/ros/humble/include/rclcpp/rclcpp/client.hpp:40[m[K,
                 from [01m[K/opt/ros/humble/include/rclcpp/rclcpp/callback_group.hpp:24[m[K,
                 from [01m[K/opt/ros/humble/include/rclcpp/rclcpp/any_executable.hpp:20[m[K,
                 from [01m[K/opt/ros/humble/include/rclcpp/rclcpp/memory_strategy.hpp:25[m[K,
                 from [01m[K/opt/ros/humble/include/rclcpp/rclcpp/memory_strategies.hpp:18[m[K,
                 from [01m[K/opt/ros/humble/include/rclcpp/rclcpp/executor_options.hpp:20[m[K,
                 from [01m[K/opt/ros/humble/include/rclcpp/rclcpp/executor.hpp:37[m[K,
                 from [01m[K/opt/ros/humble/include/rclcpp/rclcpp/executors/multi_threaded_executor.hpp:25[m[K,
                 from [01m[K/opt/ros/humble/include/rclcpp/rclcpp/executors.hpp:21[m[K,
                 from [01m[K/opt/ros/humble/include/rclcpp/rclcpp/rclcpp.hpp:155[m[K,
                 from [01m[K/home/kaibuchisoma/robocon_ws/RoboconDetectionFruit/src/robocon2023_b_dash/src/Drive_Controller.cpp:1[m[K:
[01m[K/home/kaibuchisoma/robocon_ws/RoboconDetectionFruit/src/robocon2023_b_dash/src/Drive_Controller.cpp:[m[K In member function â€˜[01m[Kvoid Drive_Controller_Node::timer_callback()[m[Kâ€™:
[01m[K/home/kaibuchisoma/robocon_ws/RoboconDetectionFruit/src/robocon2023_b_dash/src/Drive_Controller.cpp:121:37:[m[K [01;31m[Kerror: [m[Kinvalid conversion from â€˜[01m[Klong unsigned int[m[Kâ€™ to â€˜[01m[Kconst char*[m[Kâ€™ [[01;31m[K]8;;https://gcc.gnu.org/onlinedocs/gcc/Warning-Options.html#index-fpermissive-fpermissive]8;;[m[K]
  121 |     RCLCPP_INFO(this->get_logger(), [01;31m[Ksizeof(pub_msg.data)[m[K);
      |                                     [01;31m[K^~~~~~~~~~~~~~~~~~~~[m[K
      |                                     [01;31m[K|[m[K
      |                                     [01;31m[Klong unsigned int[m[K
In file included from [01m[K/opt/ros/humble/include/rmw/rmw/types.h:28[m[K,
                 from [01m[K/opt/ros/humble/include/rcl/rcl/types.h:20[m[K,
                 from [01m[K/opt/ros/humble/include/rcl/rcl/log_level.h:22[m[K,
                 from [01m[K/opt/ros/humble/include/rcl/rcl/arguments.h:21[m[K,
                 from [01m[K/opt/ros/humble/include/rcl/rcl/context.h:28[m[K,
                 from [01m[K/opt/ros/humble/include/rcl/rcl/guard_condition.h:26[m[K,
                 from [01m[K/opt/ros/humble/include/rclcpp/rclcpp/executor.hpp:30[m[K,
                 from [01m[K/opt/ros/humble/include/rclcpp/rclcpp/executors/multi_threaded_executor.hpp:25[m[K,
                 from [01m[K/opt/ros/humble/include/rclcpp/rclcpp/executors.hpp:21[m[K,
                 from [01m[K/opt/ros/humble/include/rclcpp/rclcpp/rclcpp.hpp:155[m[K,
                 from [01m[K/home/kaibuchisoma/robocon_ws/RoboconDetectionFruit/src/robocon2023_b_dash/src/Drive_Controller.cpp:1[m[K:
[01m[K/opt/ros/humble/include/rcutils/rcutils/logging.h:479:16:[m[K [01;36m[Knote: [m[K  initializing argument 4 of â€˜[01m[Kvoid rcutils_log(const rcutils_log_location_t*, int, const char*, const char*, ...)[m[Kâ€™
  479 |   [01;36m[Kconst char * format[m[K,
      |   [01;36m[K~~~~~~~~~~~~~^~~~~~[m[K
gmake[2]: *** [CMakeFiles/Drive_Controller.dir/build.make:76: CMakeFiles/Drive_Controller.dir/src/Drive_Controller.cpp.o] ã‚¨ãƒ©ãƒ¼ 1
gmake[1]: *** [CMakeFiles/Makefile2:223: CMakeFiles/Drive_Controller.dir/all] ã‚¨ãƒ©ãƒ¼ 2
gmake: *** [Makefile:146: all] ã‚¨ãƒ©ãƒ¼ 2
